ARM GAS  /tmp/ccUKH5xq.s 			page 1


   1              		.cpu cortex-m7
   2              		.eabi_attribute 27, 1
   3              		.eabi_attribute 28, 1
   4              		.eabi_attribute 20, 1
   5              		.eabi_attribute 21, 1
   6              		.eabi_attribute 23, 3
   7              		.eabi_attribute 24, 1
   8              		.eabi_attribute 25, 1
   9              		.eabi_attribute 26, 1
  10              		.eabi_attribute 30, 1
  11              		.eabi_attribute 34, 1
  12              		.eabi_attribute 18, 4
  13              		.file	"fatfs.c"
  14              		.text
  15              	.Ltext0:
  16              		.cfi_sections	.debug_frame
  17              		.section	.text.MX_FATFS_Init,"ax",%progbits
  18              		.align	1
  19              		.global	MX_FATFS_Init
  20              		.syntax unified
  21              		.thumb
  22              		.thumb_func
  23              		.fpu fpv5-sp-d16
  25              	MX_FATFS_Init:
  26              	.LFB146:
  27              		.file 1 "FATFS/App/fatfs.c"
   1:FATFS/App/fatfs.c **** /**
   2:FATFS/App/fatfs.c ****   ******************************************************************************
   3:FATFS/App/fatfs.c ****   * @file   fatfs.c
   4:FATFS/App/fatfs.c ****   * @brief  Code for fatfs applications
   5:FATFS/App/fatfs.c ****   ******************************************************************************
   6:FATFS/App/fatfs.c ****   * @attention
   7:FATFS/App/fatfs.c ****   *
   8:FATFS/App/fatfs.c ****   * <h2><center>&copy; Copyright (c) 2020 STMicroelectronics.
   9:FATFS/App/fatfs.c ****   * All rights reserved.</center></h2>
  10:FATFS/App/fatfs.c ****   *
  11:FATFS/App/fatfs.c ****   * This software component is licensed by ST under Ultimate Liberty license
  12:FATFS/App/fatfs.c ****   * SLA0044, the "License"; You may not use this file except in compliance with
  13:FATFS/App/fatfs.c ****   * the License. You may obtain a copy of the License at:
  14:FATFS/App/fatfs.c ****   *                             www.st.com/SLA0044
  15:FATFS/App/fatfs.c ****   *
  16:FATFS/App/fatfs.c ****   ******************************************************************************
  17:FATFS/App/fatfs.c ****   */
  18:FATFS/App/fatfs.c **** 
  19:FATFS/App/fatfs.c **** #include "fatfs.h"
  20:FATFS/App/fatfs.c **** 
  21:FATFS/App/fatfs.c **** uint8_t retSD;    /* Return value for SD */
  22:FATFS/App/fatfs.c **** char SDPath[4];   /* SD logical drive path */
  23:FATFS/App/fatfs.c **** FATFS SDFatFS;    /* File system object for SD logical drive */
  24:FATFS/App/fatfs.c **** FIL SDFile;       /* File object for SD */
  25:FATFS/App/fatfs.c **** 
  26:FATFS/App/fatfs.c **** /* USER CODE BEGIN Variables */
  27:FATFS/App/fatfs.c **** 
  28:FATFS/App/fatfs.c **** /* USER CODE END Variables */    
  29:FATFS/App/fatfs.c **** 
  30:FATFS/App/fatfs.c **** void MX_FATFS_Init(void) 
  31:FATFS/App/fatfs.c **** {
ARM GAS  /tmp/ccUKH5xq.s 			page 2


  28              		.loc 1 31 0
  29              		.cfi_startproc
  30              		@ args = 0, pretend = 0, frame = 0
  31              		@ frame_needed = 0, uses_anonymous_args = 0
  32 0000 08B5     		push	{r3, lr}
  33              	.LCFI0:
  34              		.cfi_def_cfa_offset 8
  35              		.cfi_offset 3, -8
  36              		.cfi_offset 14, -4
  32:FATFS/App/fatfs.c ****   /*## FatFS: Link the SD driver ###########################*/
  33:FATFS/App/fatfs.c ****   retSD = FATFS_LinkDriver(&SD_Driver, SDPath);
  37              		.loc 1 33 0
  38 0002 0349     		ldr	r1, .L3
  39 0004 0348     		ldr	r0, .L3+4
  40 0006 FFF7FEFF 		bl	FATFS_LinkDriver
  41              	.LVL0:
  42 000a 034B     		ldr	r3, .L3+8
  43 000c 1870     		strb	r0, [r3]
  34:FATFS/App/fatfs.c **** 
  35:FATFS/App/fatfs.c ****   /* USER CODE BEGIN Init */
  36:FATFS/App/fatfs.c ****   /* additional user code for init */     
  37:FATFS/App/fatfs.c ****   /* USER CODE END Init */
  38:FATFS/App/fatfs.c **** }
  44              		.loc 1 38 0
  45 000e 08BD     		pop	{r3, pc}
  46              	.L4:
  47              		.align	2
  48              	.L3:
  49 0010 00000000 		.word	SDPath
  50 0014 00000000 		.word	SD_Driver
  51 0018 00000000 		.word	retSD
  52              		.cfi_endproc
  53              	.LFE146:
  55              		.section	.text.get_fattime,"ax",%progbits
  56              		.align	1
  57              		.global	get_fattime
  58              		.syntax unified
  59              		.thumb
  60              		.thumb_func
  61              		.fpu fpv5-sp-d16
  63              	get_fattime:
  64              	.LFB147:
  39:FATFS/App/fatfs.c **** 
  40:FATFS/App/fatfs.c **** /**
  41:FATFS/App/fatfs.c ****   * @brief  Gets Time from RTC 
  42:FATFS/App/fatfs.c ****   * @param  None
  43:FATFS/App/fatfs.c ****   * @retval Time in DWORD
  44:FATFS/App/fatfs.c ****   */
  45:FATFS/App/fatfs.c **** DWORD get_fattime(void)
  46:FATFS/App/fatfs.c **** {
  65              		.loc 1 46 0
  66              		.cfi_startproc
  67              		@ args = 0, pretend = 0, frame = 0
  68              		@ frame_needed = 0, uses_anonymous_args = 0
  69              		@ link register save eliminated.
  47:FATFS/App/fatfs.c ****   /* USER CODE BEGIN get_fattime */
  48:FATFS/App/fatfs.c ****   return 0;
ARM GAS  /tmp/ccUKH5xq.s 			page 3


  49:FATFS/App/fatfs.c ****   /* USER CODE END get_fattime */  
  50:FATFS/App/fatfs.c **** }
  70              		.loc 1 50 0
  71 0000 0020     		movs	r0, #0
  72 0002 7047     		bx	lr
  73              		.cfi_endproc
  74              	.LFE147:
  76              		.comm	SDFile,560,4
  77              		.comm	SDFatFS,564,4
  78              		.comm	SDPath,4,4
  79              		.comm	retSD,1,1
  80              		.text
  81              	.Letext0:
  82              		.file 2 "Middlewares/Third_Party/FatFs/src/integer.h"
  83              		.file 3 "/usr/include/newlib/machine/_default_types.h"
  84              		.file 4 "/usr/include/newlib/sys/_stdint.h"
  85              		.file 5 "Drivers/CMSIS/Include/core_cm7.h"
  86              		.file 6 "Drivers/CMSIS/Device/ST/STM32F7xx/Include/system_stm32f7xx.h"
  87              		.file 7 "Drivers/STM32F7xx_HAL_Driver/Inc/stm32f7xx_hal.h"
  88              		.file 8 "Middlewares/Third_Party/FreeRTOS/Source/include/queue.h"
  89              		.file 9 "Middlewares/Third_Party/FreeRTOS/Source/include/semphr.h"
  90              		.file 10 "Middlewares/Third_Party/FreeRTOS/Source/CMSIS_RTOS/cmsis_os.h"
  91              		.file 11 "Middlewares/Third_Party/FatFs/src/ff.h"
  92              		.file 12 "Middlewares/Third_Party/FatFs/src/diskio.h"
  93              		.file 13 "Middlewares/Third_Party/FatFs/src/ff_gen_drv.h"
  94              		.file 14 "FATFS/Target/sd_diskio.h"
  95              		.file 15 "FATFS/App/fatfs.h"
ARM GAS  /tmp/ccUKH5xq.s 			page 4


DEFINED SYMBOLS
                            *ABS*:0000000000000000 fatfs.c
     /tmp/ccUKH5xq.s:18     .text.MX_FATFS_Init:0000000000000000 $t
     /tmp/ccUKH5xq.s:25     .text.MX_FATFS_Init:0000000000000000 MX_FATFS_Init
     /tmp/ccUKH5xq.s:49     .text.MX_FATFS_Init:0000000000000010 $d
                            *COM*:0000000000000004 SDPath
                            *COM*:0000000000000001 retSD
     /tmp/ccUKH5xq.s:56     .text.get_fattime:0000000000000000 $t
     /tmp/ccUKH5xq.s:63     .text.get_fattime:0000000000000000 get_fattime
                            *COM*:0000000000000230 SDFile
                            *COM*:0000000000000234 SDFatFS

UNDEFINED SYMBOLS
FATFS_LinkDriver
SD_Driver
