ARM GAS  /tmp/ccy6UVqR.s 			page 1


   1              		.cpu cortex-m7
   2              		.eabi_attribute 27, 1
   3              		.eabi_attribute 28, 1
   4              		.eabi_attribute 20, 1
   5              		.eabi_attribute 21, 1
   6              		.eabi_attribute 23, 3
   7              		.eabi_attribute 24, 1
   8              		.eabi_attribute 25, 1
   9              		.eabi_attribute 26, 1
  10              		.eabi_attribute 30, 1
  11              		.eabi_attribute 34, 1
  12              		.eabi_attribute 18, 4
  13              		.file	"stm32f7xx_hal_i2c_ex.c"
  14              		.text
  15              	.Ltext0:
  16              		.cfi_sections	.debug_frame
  17              		.section	.text.HAL_I2CEx_ConfigAnalogFilter,"ax",%progbits
  18              		.align	1
  19              		.global	HAL_I2CEx_ConfigAnalogFilter
  20              		.syntax unified
  21              		.thumb
  22              		.thumb_func
  23              		.fpu fpv5-sp-d16
  25              	HAL_I2CEx_ConfigAnalogFilter:
  26              	.LFB141:
  27              		.file 1 "Drivers/STM32F7xx_HAL_Driver/Src/stm32f7xx_hal_i2c_ex.c"
   1:Drivers/STM32F7xx_HAL_Driver/Src/stm32f7xx_hal_i2c_ex.c **** /**
   2:Drivers/STM32F7xx_HAL_Driver/Src/stm32f7xx_hal_i2c_ex.c ****   ******************************************************************************
   3:Drivers/STM32F7xx_HAL_Driver/Src/stm32f7xx_hal_i2c_ex.c ****   * @file    stm32f7xx_hal_i2c_ex.c
   4:Drivers/STM32F7xx_HAL_Driver/Src/stm32f7xx_hal_i2c_ex.c ****   * @author  MCD Application Team
   5:Drivers/STM32F7xx_HAL_Driver/Src/stm32f7xx_hal_i2c_ex.c ****   * @brief   I2C Extended HAL module driver.
   6:Drivers/STM32F7xx_HAL_Driver/Src/stm32f7xx_hal_i2c_ex.c ****   *          This file provides firmware functions to manage the following
   7:Drivers/STM32F7xx_HAL_Driver/Src/stm32f7xx_hal_i2c_ex.c ****   *          functionalities of I2C Extended peripheral:
   8:Drivers/STM32F7xx_HAL_Driver/Src/stm32f7xx_hal_i2c_ex.c ****   *           + Extended features functions
   9:Drivers/STM32F7xx_HAL_Driver/Src/stm32f7xx_hal_i2c_ex.c ****   *
  10:Drivers/STM32F7xx_HAL_Driver/Src/stm32f7xx_hal_i2c_ex.c ****   @verbatim
  11:Drivers/STM32F7xx_HAL_Driver/Src/stm32f7xx_hal_i2c_ex.c ****   ==============================================================================
  12:Drivers/STM32F7xx_HAL_Driver/Src/stm32f7xx_hal_i2c_ex.c ****                ##### I2C peripheral Extended features  #####
  13:Drivers/STM32F7xx_HAL_Driver/Src/stm32f7xx_hal_i2c_ex.c ****   ==============================================================================
  14:Drivers/STM32F7xx_HAL_Driver/Src/stm32f7xx_hal_i2c_ex.c **** 
  15:Drivers/STM32F7xx_HAL_Driver/Src/stm32f7xx_hal_i2c_ex.c ****   [..] Comparing to other previous devices, the I2C interface for STM32F7xx
  16:Drivers/STM32F7xx_HAL_Driver/Src/stm32f7xx_hal_i2c_ex.c ****        devices contains the following additional features
  17:Drivers/STM32F7xx_HAL_Driver/Src/stm32f7xx_hal_i2c_ex.c **** 
  18:Drivers/STM32F7xx_HAL_Driver/Src/stm32f7xx_hal_i2c_ex.c ****        (+) Possibility to disable or enable Analog Noise Filter
  19:Drivers/STM32F7xx_HAL_Driver/Src/stm32f7xx_hal_i2c_ex.c ****        (+) Use of a configured Digital Noise Filter
  20:Drivers/STM32F7xx_HAL_Driver/Src/stm32f7xx_hal_i2c_ex.c ****        (+) Disable or enable Fast Mode Plus
  21:Drivers/STM32F7xx_HAL_Driver/Src/stm32f7xx_hal_i2c_ex.c **** 
  22:Drivers/STM32F7xx_HAL_Driver/Src/stm32f7xx_hal_i2c_ex.c ****                      ##### How to use this driver #####
  23:Drivers/STM32F7xx_HAL_Driver/Src/stm32f7xx_hal_i2c_ex.c ****   ==============================================================================
  24:Drivers/STM32F7xx_HAL_Driver/Src/stm32f7xx_hal_i2c_ex.c ****   [..] This driver provides functions to:
  25:Drivers/STM32F7xx_HAL_Driver/Src/stm32f7xx_hal_i2c_ex.c ****     (#) Configure I2C Analog noise filter using the function HAL_I2CEx_ConfigAnalogFilter()
  26:Drivers/STM32F7xx_HAL_Driver/Src/stm32f7xx_hal_i2c_ex.c ****     (#) Configure I2C Digital noise filter using the function HAL_I2CEx_ConfigDigitalFilter()
  27:Drivers/STM32F7xx_HAL_Driver/Src/stm32f7xx_hal_i2c_ex.c ****     (#) Configure the enable or disable of fast mode plus driving capability using the functions :
  28:Drivers/STM32F7xx_HAL_Driver/Src/stm32f7xx_hal_i2c_ex.c ****           (++) HAL_I2CEx_EnableFastModePlus()
  29:Drivers/STM32F7xx_HAL_Driver/Src/stm32f7xx_hal_i2c_ex.c ****           (++) HAL_I2CEx_DisableFastModePlus()
  30:Drivers/STM32F7xx_HAL_Driver/Src/stm32f7xx_hal_i2c_ex.c ****   @endverbatim
  31:Drivers/STM32F7xx_HAL_Driver/Src/stm32f7xx_hal_i2c_ex.c ****   ******************************************************************************
ARM GAS  /tmp/ccy6UVqR.s 			page 2


  32:Drivers/STM32F7xx_HAL_Driver/Src/stm32f7xx_hal_i2c_ex.c ****   * @attention
  33:Drivers/STM32F7xx_HAL_Driver/Src/stm32f7xx_hal_i2c_ex.c ****   *
  34:Drivers/STM32F7xx_HAL_Driver/Src/stm32f7xx_hal_i2c_ex.c ****   * <h2><center>&copy; Copyright (c) 2017 STMicroelectronics.
  35:Drivers/STM32F7xx_HAL_Driver/Src/stm32f7xx_hal_i2c_ex.c ****   * All rights reserved.</center></h2>
  36:Drivers/STM32F7xx_HAL_Driver/Src/stm32f7xx_hal_i2c_ex.c ****   *
  37:Drivers/STM32F7xx_HAL_Driver/Src/stm32f7xx_hal_i2c_ex.c ****   * This software component is licensed by ST under BSD 3-Clause license,
  38:Drivers/STM32F7xx_HAL_Driver/Src/stm32f7xx_hal_i2c_ex.c ****   * the "License"; You may not use this file except in compliance with the
  39:Drivers/STM32F7xx_HAL_Driver/Src/stm32f7xx_hal_i2c_ex.c ****   * License. You may obtain a copy of the License at:
  40:Drivers/STM32F7xx_HAL_Driver/Src/stm32f7xx_hal_i2c_ex.c ****   *                        opensource.org/licenses/BSD-3-Clause
  41:Drivers/STM32F7xx_HAL_Driver/Src/stm32f7xx_hal_i2c_ex.c ****   *
  42:Drivers/STM32F7xx_HAL_Driver/Src/stm32f7xx_hal_i2c_ex.c ****   ******************************************************************************
  43:Drivers/STM32F7xx_HAL_Driver/Src/stm32f7xx_hal_i2c_ex.c ****   */
  44:Drivers/STM32F7xx_HAL_Driver/Src/stm32f7xx_hal_i2c_ex.c **** 
  45:Drivers/STM32F7xx_HAL_Driver/Src/stm32f7xx_hal_i2c_ex.c **** /* Includes ------------------------------------------------------------------*/
  46:Drivers/STM32F7xx_HAL_Driver/Src/stm32f7xx_hal_i2c_ex.c **** #include "stm32f7xx_hal.h"
  47:Drivers/STM32F7xx_HAL_Driver/Src/stm32f7xx_hal_i2c_ex.c **** 
  48:Drivers/STM32F7xx_HAL_Driver/Src/stm32f7xx_hal_i2c_ex.c **** /** @addtogroup STM32F7xx_HAL_Driver
  49:Drivers/STM32F7xx_HAL_Driver/Src/stm32f7xx_hal_i2c_ex.c ****   * @{
  50:Drivers/STM32F7xx_HAL_Driver/Src/stm32f7xx_hal_i2c_ex.c ****   */
  51:Drivers/STM32F7xx_HAL_Driver/Src/stm32f7xx_hal_i2c_ex.c **** 
  52:Drivers/STM32F7xx_HAL_Driver/Src/stm32f7xx_hal_i2c_ex.c **** /** @defgroup I2CEx I2CEx
  53:Drivers/STM32F7xx_HAL_Driver/Src/stm32f7xx_hal_i2c_ex.c ****   * @brief I2C Extended HAL module driver
  54:Drivers/STM32F7xx_HAL_Driver/Src/stm32f7xx_hal_i2c_ex.c ****   * @{
  55:Drivers/STM32F7xx_HAL_Driver/Src/stm32f7xx_hal_i2c_ex.c ****   */
  56:Drivers/STM32F7xx_HAL_Driver/Src/stm32f7xx_hal_i2c_ex.c **** 
  57:Drivers/STM32F7xx_HAL_Driver/Src/stm32f7xx_hal_i2c_ex.c **** #ifdef HAL_I2C_MODULE_ENABLED
  58:Drivers/STM32F7xx_HAL_Driver/Src/stm32f7xx_hal_i2c_ex.c **** 
  59:Drivers/STM32F7xx_HAL_Driver/Src/stm32f7xx_hal_i2c_ex.c **** /* Private typedef -----------------------------------------------------------*/
  60:Drivers/STM32F7xx_HAL_Driver/Src/stm32f7xx_hal_i2c_ex.c **** /* Private define ------------------------------------------------------------*/
  61:Drivers/STM32F7xx_HAL_Driver/Src/stm32f7xx_hal_i2c_ex.c **** /* Private macro -------------------------------------------------------------*/
  62:Drivers/STM32F7xx_HAL_Driver/Src/stm32f7xx_hal_i2c_ex.c **** /* Private variables ---------------------------------------------------------*/
  63:Drivers/STM32F7xx_HAL_Driver/Src/stm32f7xx_hal_i2c_ex.c **** /* Private function prototypes -----------------------------------------------*/
  64:Drivers/STM32F7xx_HAL_Driver/Src/stm32f7xx_hal_i2c_ex.c **** /* Private functions ---------------------------------------------------------*/
  65:Drivers/STM32F7xx_HAL_Driver/Src/stm32f7xx_hal_i2c_ex.c **** 
  66:Drivers/STM32F7xx_HAL_Driver/Src/stm32f7xx_hal_i2c_ex.c **** /** @defgroup I2CEx_Exported_Functions I2C Extended Exported Functions
  67:Drivers/STM32F7xx_HAL_Driver/Src/stm32f7xx_hal_i2c_ex.c ****   * @{
  68:Drivers/STM32F7xx_HAL_Driver/Src/stm32f7xx_hal_i2c_ex.c ****   */
  69:Drivers/STM32F7xx_HAL_Driver/Src/stm32f7xx_hal_i2c_ex.c **** 
  70:Drivers/STM32F7xx_HAL_Driver/Src/stm32f7xx_hal_i2c_ex.c **** /** @defgroup I2CEx_Exported_Functions_Group1 Extended features functions
  71:Drivers/STM32F7xx_HAL_Driver/Src/stm32f7xx_hal_i2c_ex.c ****   * @brief    Extended features functions
  72:Drivers/STM32F7xx_HAL_Driver/Src/stm32f7xx_hal_i2c_ex.c ****  *
  73:Drivers/STM32F7xx_HAL_Driver/Src/stm32f7xx_hal_i2c_ex.c **** @verbatim
  74:Drivers/STM32F7xx_HAL_Driver/Src/stm32f7xx_hal_i2c_ex.c ****  ===============================================================================
  75:Drivers/STM32F7xx_HAL_Driver/Src/stm32f7xx_hal_i2c_ex.c ****                       ##### Extended features functions #####
  76:Drivers/STM32F7xx_HAL_Driver/Src/stm32f7xx_hal_i2c_ex.c ****  ===============================================================================
  77:Drivers/STM32F7xx_HAL_Driver/Src/stm32f7xx_hal_i2c_ex.c ****     [..] This section provides functions allowing to:
  78:Drivers/STM32F7xx_HAL_Driver/Src/stm32f7xx_hal_i2c_ex.c ****       (+) Configure Noise Filters
  79:Drivers/STM32F7xx_HAL_Driver/Src/stm32f7xx_hal_i2c_ex.c ****       (+) Configure Fast Mode Plus
  80:Drivers/STM32F7xx_HAL_Driver/Src/stm32f7xx_hal_i2c_ex.c **** 
  81:Drivers/STM32F7xx_HAL_Driver/Src/stm32f7xx_hal_i2c_ex.c **** @endverbatim
  82:Drivers/STM32F7xx_HAL_Driver/Src/stm32f7xx_hal_i2c_ex.c ****   * @{
  83:Drivers/STM32F7xx_HAL_Driver/Src/stm32f7xx_hal_i2c_ex.c ****   */
  84:Drivers/STM32F7xx_HAL_Driver/Src/stm32f7xx_hal_i2c_ex.c **** 
  85:Drivers/STM32F7xx_HAL_Driver/Src/stm32f7xx_hal_i2c_ex.c **** /**
  86:Drivers/STM32F7xx_HAL_Driver/Src/stm32f7xx_hal_i2c_ex.c ****   * @brief  Configure I2C Analog noise filter.
  87:Drivers/STM32F7xx_HAL_Driver/Src/stm32f7xx_hal_i2c_ex.c ****   * @param  hi2c Pointer to a I2C_HandleTypeDef structure that contains
  88:Drivers/STM32F7xx_HAL_Driver/Src/stm32f7xx_hal_i2c_ex.c ****   *                the configuration information for the specified I2Cx peripheral.
ARM GAS  /tmp/ccy6UVqR.s 			page 3


  89:Drivers/STM32F7xx_HAL_Driver/Src/stm32f7xx_hal_i2c_ex.c ****   * @param  AnalogFilter New state of the Analog filter.
  90:Drivers/STM32F7xx_HAL_Driver/Src/stm32f7xx_hal_i2c_ex.c ****   * @retval HAL status
  91:Drivers/STM32F7xx_HAL_Driver/Src/stm32f7xx_hal_i2c_ex.c ****   */
  92:Drivers/STM32F7xx_HAL_Driver/Src/stm32f7xx_hal_i2c_ex.c **** HAL_StatusTypeDef HAL_I2CEx_ConfigAnalogFilter(I2C_HandleTypeDef *hi2c, uint32_t AnalogFilter)
  93:Drivers/STM32F7xx_HAL_Driver/Src/stm32f7xx_hal_i2c_ex.c **** {
  28              		.loc 1 93 0
  29              		.cfi_startproc
  30              		@ args = 0, pretend = 0, frame = 0
  31              		@ frame_needed = 0, uses_anonymous_args = 0
  32              		@ link register save eliminated.
  33              	.LVL0:
  94:Drivers/STM32F7xx_HAL_Driver/Src/stm32f7xx_hal_i2c_ex.c ****   /* Check the parameters */
  95:Drivers/STM32F7xx_HAL_Driver/Src/stm32f7xx_hal_i2c_ex.c ****   assert_param(IS_I2C_ALL_INSTANCE(hi2c->Instance));
  96:Drivers/STM32F7xx_HAL_Driver/Src/stm32f7xx_hal_i2c_ex.c ****   assert_param(IS_I2C_ANALOG_FILTER(AnalogFilter));
  97:Drivers/STM32F7xx_HAL_Driver/Src/stm32f7xx_hal_i2c_ex.c **** 
  98:Drivers/STM32F7xx_HAL_Driver/Src/stm32f7xx_hal_i2c_ex.c ****   if (hi2c->State == HAL_I2C_STATE_READY)
  34              		.loc 1 98 0
  35 0000 90F84130 		ldrb	r3, [r0, #65]	@ zero_extendqisi2
  36 0004 DBB2     		uxtb	r3, r3
  37 0006 202B     		cmp	r3, #32
  38 0008 24D1     		bne	.L3
  99:Drivers/STM32F7xx_HAL_Driver/Src/stm32f7xx_hal_i2c_ex.c ****   {
 100:Drivers/STM32F7xx_HAL_Driver/Src/stm32f7xx_hal_i2c_ex.c ****     /* Process Locked */
 101:Drivers/STM32F7xx_HAL_Driver/Src/stm32f7xx_hal_i2c_ex.c ****     __HAL_LOCK(hi2c);
  39              		.loc 1 101 0
  40 000a 90F84030 		ldrb	r3, [r0, #64]	@ zero_extendqisi2
  41 000e 012B     		cmp	r3, #1
  42 0010 22D0     		beq	.L4
  43              		.loc 1 101 0 is_stmt 0 discriminator 2
  44 0012 0123     		movs	r3, #1
  45 0014 80F84030 		strb	r3, [r0, #64]
 102:Drivers/STM32F7xx_HAL_Driver/Src/stm32f7xx_hal_i2c_ex.c **** 
 103:Drivers/STM32F7xx_HAL_Driver/Src/stm32f7xx_hal_i2c_ex.c ****     hi2c->State = HAL_I2C_STATE_BUSY;
  46              		.loc 1 103 0 is_stmt 1 discriminator 2
  47 0018 2423     		movs	r3, #36
  48 001a 80F84130 		strb	r3, [r0, #65]
 104:Drivers/STM32F7xx_HAL_Driver/Src/stm32f7xx_hal_i2c_ex.c **** 
 105:Drivers/STM32F7xx_HAL_Driver/Src/stm32f7xx_hal_i2c_ex.c ****     /* Disable the selected I2C peripheral */
 106:Drivers/STM32F7xx_HAL_Driver/Src/stm32f7xx_hal_i2c_ex.c ****     __HAL_I2C_DISABLE(hi2c);
  49              		.loc 1 106 0 discriminator 2
  50 001e 0268     		ldr	r2, [r0]
  51 0020 1368     		ldr	r3, [r2]
  52 0022 23F00103 		bic	r3, r3, #1
  53 0026 1360     		str	r3, [r2]
 107:Drivers/STM32F7xx_HAL_Driver/Src/stm32f7xx_hal_i2c_ex.c **** 
 108:Drivers/STM32F7xx_HAL_Driver/Src/stm32f7xx_hal_i2c_ex.c ****     /* Reset I2Cx ANOFF bit */
 109:Drivers/STM32F7xx_HAL_Driver/Src/stm32f7xx_hal_i2c_ex.c ****     hi2c->Instance->CR1 &= ~(I2C_CR1_ANFOFF);
  54              		.loc 1 109 0 discriminator 2
  55 0028 0268     		ldr	r2, [r0]
  56 002a 1368     		ldr	r3, [r2]
  57 002c 23F48053 		bic	r3, r3, #4096
  58 0030 1360     		str	r3, [r2]
 110:Drivers/STM32F7xx_HAL_Driver/Src/stm32f7xx_hal_i2c_ex.c **** 
 111:Drivers/STM32F7xx_HAL_Driver/Src/stm32f7xx_hal_i2c_ex.c ****     /* Set analog filter bit*/
 112:Drivers/STM32F7xx_HAL_Driver/Src/stm32f7xx_hal_i2c_ex.c ****     hi2c->Instance->CR1 |= AnalogFilter;
  59              		.loc 1 112 0 discriminator 2
  60 0032 0268     		ldr	r2, [r0]
ARM GAS  /tmp/ccy6UVqR.s 			page 4


  61 0034 1368     		ldr	r3, [r2]
  62 0036 1943     		orrs	r1, r1, r3
  63              	.LVL1:
  64 0038 1160     		str	r1, [r2]
 113:Drivers/STM32F7xx_HAL_Driver/Src/stm32f7xx_hal_i2c_ex.c **** 
 114:Drivers/STM32F7xx_HAL_Driver/Src/stm32f7xx_hal_i2c_ex.c ****     __HAL_I2C_ENABLE(hi2c);
  65              		.loc 1 114 0 discriminator 2
  66 003a 0268     		ldr	r2, [r0]
  67 003c 1368     		ldr	r3, [r2]
  68 003e 43F00103 		orr	r3, r3, #1
  69 0042 1360     		str	r3, [r2]
 115:Drivers/STM32F7xx_HAL_Driver/Src/stm32f7xx_hal_i2c_ex.c **** 
 116:Drivers/STM32F7xx_HAL_Driver/Src/stm32f7xx_hal_i2c_ex.c ****     hi2c->State = HAL_I2C_STATE_READY;
  70              		.loc 1 116 0 discriminator 2
  71 0044 2023     		movs	r3, #32
  72 0046 80F84130 		strb	r3, [r0, #65]
 117:Drivers/STM32F7xx_HAL_Driver/Src/stm32f7xx_hal_i2c_ex.c **** 
 118:Drivers/STM32F7xx_HAL_Driver/Src/stm32f7xx_hal_i2c_ex.c ****     /* Process Unlocked */
 119:Drivers/STM32F7xx_HAL_Driver/Src/stm32f7xx_hal_i2c_ex.c ****     __HAL_UNLOCK(hi2c);
  73              		.loc 1 119 0 discriminator 2
  74 004a 0023     		movs	r3, #0
  75 004c 80F84030 		strb	r3, [r0, #64]
 120:Drivers/STM32F7xx_HAL_Driver/Src/stm32f7xx_hal_i2c_ex.c **** 
 121:Drivers/STM32F7xx_HAL_Driver/Src/stm32f7xx_hal_i2c_ex.c ****     return HAL_OK;
  76              		.loc 1 121 0 discriminator 2
  77 0050 1846     		mov	r0, r3
  78              	.LVL2:
  79 0052 7047     		bx	lr
  80              	.LVL3:
  81              	.L3:
 122:Drivers/STM32F7xx_HAL_Driver/Src/stm32f7xx_hal_i2c_ex.c ****   }
 123:Drivers/STM32F7xx_HAL_Driver/Src/stm32f7xx_hal_i2c_ex.c ****   else
 124:Drivers/STM32F7xx_HAL_Driver/Src/stm32f7xx_hal_i2c_ex.c ****   {
 125:Drivers/STM32F7xx_HAL_Driver/Src/stm32f7xx_hal_i2c_ex.c ****     return HAL_BUSY;
  82              		.loc 1 125 0
  83 0054 0220     		movs	r0, #2
  84              	.LVL4:
  85 0056 7047     		bx	lr
  86              	.LVL5:
  87              	.L4:
 101:Drivers/STM32F7xx_HAL_Driver/Src/stm32f7xx_hal_i2c_ex.c **** 
  88              		.loc 1 101 0
  89 0058 0220     		movs	r0, #2
  90              	.LVL6:
 126:Drivers/STM32F7xx_HAL_Driver/Src/stm32f7xx_hal_i2c_ex.c ****   }
 127:Drivers/STM32F7xx_HAL_Driver/Src/stm32f7xx_hal_i2c_ex.c **** }
  91              		.loc 1 127 0
  92 005a 7047     		bx	lr
  93              		.cfi_endproc
  94              	.LFE141:
  96              		.section	.text.HAL_I2CEx_ConfigDigitalFilter,"ax",%progbits
  97              		.align	1
  98              		.global	HAL_I2CEx_ConfigDigitalFilter
  99              		.syntax unified
 100              		.thumb
 101              		.thumb_func
 102              		.fpu fpv5-sp-d16
ARM GAS  /tmp/ccy6UVqR.s 			page 5


 104              	HAL_I2CEx_ConfigDigitalFilter:
 105              	.LFB142:
 128:Drivers/STM32F7xx_HAL_Driver/Src/stm32f7xx_hal_i2c_ex.c **** 
 129:Drivers/STM32F7xx_HAL_Driver/Src/stm32f7xx_hal_i2c_ex.c **** /**
 130:Drivers/STM32F7xx_HAL_Driver/Src/stm32f7xx_hal_i2c_ex.c ****   * @brief  Configure I2C Digital noise filter.
 131:Drivers/STM32F7xx_HAL_Driver/Src/stm32f7xx_hal_i2c_ex.c ****   * @param  hi2c Pointer to a I2C_HandleTypeDef structure that contains
 132:Drivers/STM32F7xx_HAL_Driver/Src/stm32f7xx_hal_i2c_ex.c ****   *                the configuration information for the specified I2Cx peripheral.
 133:Drivers/STM32F7xx_HAL_Driver/Src/stm32f7xx_hal_i2c_ex.c ****   * @param  DigitalFilter Coefficient of digital noise filter between Min_Data=0x00 and Max_Data=0x
 134:Drivers/STM32F7xx_HAL_Driver/Src/stm32f7xx_hal_i2c_ex.c ****   * @retval HAL status
 135:Drivers/STM32F7xx_HAL_Driver/Src/stm32f7xx_hal_i2c_ex.c ****   */
 136:Drivers/STM32F7xx_HAL_Driver/Src/stm32f7xx_hal_i2c_ex.c **** HAL_StatusTypeDef HAL_I2CEx_ConfigDigitalFilter(I2C_HandleTypeDef *hi2c, uint32_t DigitalFilter)
 137:Drivers/STM32F7xx_HAL_Driver/Src/stm32f7xx_hal_i2c_ex.c **** {
 106              		.loc 1 137 0
 107              		.cfi_startproc
 108              		@ args = 0, pretend = 0, frame = 0
 109              		@ frame_needed = 0, uses_anonymous_args = 0
 110              		@ link register save eliminated.
 111              	.LVL7:
 138:Drivers/STM32F7xx_HAL_Driver/Src/stm32f7xx_hal_i2c_ex.c ****   uint32_t tmpreg;
 139:Drivers/STM32F7xx_HAL_Driver/Src/stm32f7xx_hal_i2c_ex.c **** 
 140:Drivers/STM32F7xx_HAL_Driver/Src/stm32f7xx_hal_i2c_ex.c ****   /* Check the parameters */
 141:Drivers/STM32F7xx_HAL_Driver/Src/stm32f7xx_hal_i2c_ex.c ****   assert_param(IS_I2C_ALL_INSTANCE(hi2c->Instance));
 142:Drivers/STM32F7xx_HAL_Driver/Src/stm32f7xx_hal_i2c_ex.c ****   assert_param(IS_I2C_DIGITAL_FILTER(DigitalFilter));
 143:Drivers/STM32F7xx_HAL_Driver/Src/stm32f7xx_hal_i2c_ex.c **** 
 144:Drivers/STM32F7xx_HAL_Driver/Src/stm32f7xx_hal_i2c_ex.c ****   if (hi2c->State == HAL_I2C_STATE_READY)
 112              		.loc 1 144 0
 113 0000 90F84130 		ldrb	r3, [r0, #65]	@ zero_extendqisi2
 114 0004 DBB2     		uxtb	r3, r3
 115 0006 202B     		cmp	r3, #32
 116 0008 22D1     		bne	.L7
 145:Drivers/STM32F7xx_HAL_Driver/Src/stm32f7xx_hal_i2c_ex.c ****   {
 146:Drivers/STM32F7xx_HAL_Driver/Src/stm32f7xx_hal_i2c_ex.c ****     /* Process Locked */
 147:Drivers/STM32F7xx_HAL_Driver/Src/stm32f7xx_hal_i2c_ex.c ****     __HAL_LOCK(hi2c);
 117              		.loc 1 147 0
 118 000a 90F84030 		ldrb	r3, [r0, #64]	@ zero_extendqisi2
 119 000e 012B     		cmp	r3, #1
 120 0010 20D0     		beq	.L8
 121              		.loc 1 147 0 is_stmt 0 discriminator 2
 122 0012 0123     		movs	r3, #1
 123 0014 80F84030 		strb	r3, [r0, #64]
 148:Drivers/STM32F7xx_HAL_Driver/Src/stm32f7xx_hal_i2c_ex.c **** 
 149:Drivers/STM32F7xx_HAL_Driver/Src/stm32f7xx_hal_i2c_ex.c ****     hi2c->State = HAL_I2C_STATE_BUSY;
 124              		.loc 1 149 0 is_stmt 1 discriminator 2
 125 0018 2423     		movs	r3, #36
 126 001a 80F84130 		strb	r3, [r0, #65]
 150:Drivers/STM32F7xx_HAL_Driver/Src/stm32f7xx_hal_i2c_ex.c **** 
 151:Drivers/STM32F7xx_HAL_Driver/Src/stm32f7xx_hal_i2c_ex.c ****     /* Disable the selected I2C peripheral */
 152:Drivers/STM32F7xx_HAL_Driver/Src/stm32f7xx_hal_i2c_ex.c ****     __HAL_I2C_DISABLE(hi2c);
 127              		.loc 1 152 0 discriminator 2
 128 001e 0268     		ldr	r2, [r0]
 129 0020 1368     		ldr	r3, [r2]
 130 0022 23F00103 		bic	r3, r3, #1
 131 0026 1360     		str	r3, [r2]
 153:Drivers/STM32F7xx_HAL_Driver/Src/stm32f7xx_hal_i2c_ex.c **** 
 154:Drivers/STM32F7xx_HAL_Driver/Src/stm32f7xx_hal_i2c_ex.c ****     /* Get the old register value */
 155:Drivers/STM32F7xx_HAL_Driver/Src/stm32f7xx_hal_i2c_ex.c ****     tmpreg = hi2c->Instance->CR1;
 132              		.loc 1 155 0 discriminator 2
ARM GAS  /tmp/ccy6UVqR.s 			page 6


 133 0028 0268     		ldr	r2, [r0]
 134 002a 1368     		ldr	r3, [r2]
 135              	.LVL8:
 156:Drivers/STM32F7xx_HAL_Driver/Src/stm32f7xx_hal_i2c_ex.c **** 
 157:Drivers/STM32F7xx_HAL_Driver/Src/stm32f7xx_hal_i2c_ex.c ****     /* Reset I2Cx DNF bits [11:8] */
 158:Drivers/STM32F7xx_HAL_Driver/Src/stm32f7xx_hal_i2c_ex.c ****     tmpreg &= ~(I2C_CR1_DNF);
 136              		.loc 1 158 0 discriminator 2
 137 002c 23F47063 		bic	r3, r3, #3840
 138              	.LVL9:
 159:Drivers/STM32F7xx_HAL_Driver/Src/stm32f7xx_hal_i2c_ex.c **** 
 160:Drivers/STM32F7xx_HAL_Driver/Src/stm32f7xx_hal_i2c_ex.c ****     /* Set I2Cx DNF coefficient */
 161:Drivers/STM32F7xx_HAL_Driver/Src/stm32f7xx_hal_i2c_ex.c ****     tmpreg |= DigitalFilter << 8U;
 139              		.loc 1 161 0 discriminator 2
 140 0030 43EA0121 		orr	r1, r3, r1, lsl #8
 141              	.LVL10:
 162:Drivers/STM32F7xx_HAL_Driver/Src/stm32f7xx_hal_i2c_ex.c **** 
 163:Drivers/STM32F7xx_HAL_Driver/Src/stm32f7xx_hal_i2c_ex.c ****     /* Store the new register value */
 164:Drivers/STM32F7xx_HAL_Driver/Src/stm32f7xx_hal_i2c_ex.c ****     hi2c->Instance->CR1 = tmpreg;
 142              		.loc 1 164 0 discriminator 2
 143 0034 1160     		str	r1, [r2]
 165:Drivers/STM32F7xx_HAL_Driver/Src/stm32f7xx_hal_i2c_ex.c **** 
 166:Drivers/STM32F7xx_HAL_Driver/Src/stm32f7xx_hal_i2c_ex.c ****     __HAL_I2C_ENABLE(hi2c);
 144              		.loc 1 166 0 discriminator 2
 145 0036 0268     		ldr	r2, [r0]
 146 0038 1368     		ldr	r3, [r2]
 147 003a 43F00103 		orr	r3, r3, #1
 148 003e 1360     		str	r3, [r2]
 167:Drivers/STM32F7xx_HAL_Driver/Src/stm32f7xx_hal_i2c_ex.c **** 
 168:Drivers/STM32F7xx_HAL_Driver/Src/stm32f7xx_hal_i2c_ex.c ****     hi2c->State = HAL_I2C_STATE_READY;
 149              		.loc 1 168 0 discriminator 2
 150 0040 2023     		movs	r3, #32
 151 0042 80F84130 		strb	r3, [r0, #65]
 169:Drivers/STM32F7xx_HAL_Driver/Src/stm32f7xx_hal_i2c_ex.c **** 
 170:Drivers/STM32F7xx_HAL_Driver/Src/stm32f7xx_hal_i2c_ex.c ****     /* Process Unlocked */
 171:Drivers/STM32F7xx_HAL_Driver/Src/stm32f7xx_hal_i2c_ex.c ****     __HAL_UNLOCK(hi2c);
 152              		.loc 1 171 0 discriminator 2
 153 0046 0023     		movs	r3, #0
 154 0048 80F84030 		strb	r3, [r0, #64]
 172:Drivers/STM32F7xx_HAL_Driver/Src/stm32f7xx_hal_i2c_ex.c **** 
 173:Drivers/STM32F7xx_HAL_Driver/Src/stm32f7xx_hal_i2c_ex.c ****     return HAL_OK;
 155              		.loc 1 173 0 discriminator 2
 156 004c 1846     		mov	r0, r3
 157              	.LVL11:
 158 004e 7047     		bx	lr
 159              	.LVL12:
 160              	.L7:
 174:Drivers/STM32F7xx_HAL_Driver/Src/stm32f7xx_hal_i2c_ex.c ****   }
 175:Drivers/STM32F7xx_HAL_Driver/Src/stm32f7xx_hal_i2c_ex.c ****   else
 176:Drivers/STM32F7xx_HAL_Driver/Src/stm32f7xx_hal_i2c_ex.c ****   {
 177:Drivers/STM32F7xx_HAL_Driver/Src/stm32f7xx_hal_i2c_ex.c ****     return HAL_BUSY;
 161              		.loc 1 177 0
 162 0050 0220     		movs	r0, #2
 163              	.LVL13:
 164 0052 7047     		bx	lr
 165              	.LVL14:
 166              	.L8:
 147:Drivers/STM32F7xx_HAL_Driver/Src/stm32f7xx_hal_i2c_ex.c **** 
ARM GAS  /tmp/ccy6UVqR.s 			page 7


 167              		.loc 1 147 0
 168 0054 0220     		movs	r0, #2
 169              	.LVL15:
 178:Drivers/STM32F7xx_HAL_Driver/Src/stm32f7xx_hal_i2c_ex.c ****   }
 179:Drivers/STM32F7xx_HAL_Driver/Src/stm32f7xx_hal_i2c_ex.c **** }
 170              		.loc 1 179 0
 171 0056 7047     		bx	lr
 172              		.cfi_endproc
 173              	.LFE142:
 175              		.text
 176              	.Letext0:
 177              		.file 2 "/usr/include/newlib/machine/_default_types.h"
 178              		.file 3 "/usr/include/newlib/sys/_stdint.h"
 179              		.file 4 "Drivers/CMSIS/Include/core_cm7.h"
 180              		.file 5 "Drivers/CMSIS/Device/ST/STM32F7xx/Include/system_stm32f7xx.h"
 181              		.file 6 "Drivers/CMSIS/Device/ST/STM32F7xx/Include/stm32f746xx.h"
 182              		.file 7 "Drivers/STM32F7xx_HAL_Driver/Inc/stm32f7xx_hal_def.h"
 183              		.file 8 "Drivers/STM32F7xx_HAL_Driver/Inc/stm32f7xx_hal_dma.h"
 184              		.file 9 "Drivers/STM32F7xx_HAL_Driver/Inc/stm32f7xx_hal_i2c.h"
 185              		.file 10 "Drivers/STM32F7xx_HAL_Driver/Inc/stm32f7xx_hal.h"
ARM GAS  /tmp/ccy6UVqR.s 			page 8


DEFINED SYMBOLS
                            *ABS*:0000000000000000 stm32f7xx_hal_i2c_ex.c
     /tmp/ccy6UVqR.s:18     .text.HAL_I2CEx_ConfigAnalogFilter:0000000000000000 $t
     /tmp/ccy6UVqR.s:25     .text.HAL_I2CEx_ConfigAnalogFilter:0000000000000000 HAL_I2CEx_ConfigAnalogFilter
     /tmp/ccy6UVqR.s:97     .text.HAL_I2CEx_ConfigDigitalFilter:0000000000000000 $t
     /tmp/ccy6UVqR.s:104    .text.HAL_I2CEx_ConfigDigitalFilter:0000000000000000 HAL_I2CEx_ConfigDigitalFilter

NO UNDEFINED SYMBOLS
