ARM GAS  /tmp/ccWkR62m.s 			page 1


   1              		.cpu cortex-m7
   2              		.eabi_attribute 27, 1
   3              		.eabi_attribute 28, 1
   4              		.eabi_attribute 20, 1
   5              		.eabi_attribute 21, 1
   6              		.eabi_attribute 23, 3
   7              		.eabi_attribute 24, 1
   8              		.eabi_attribute 25, 1
   9              		.eabi_attribute 26, 1
  10              		.eabi_attribute 30, 1
  11              		.eabi_attribute 34, 1
  12              		.eabi_attribute 18, 4
  13              		.file	"stm32f7xx_hal_crc_ex.c"
  14              		.text
  15              	.Ltext0:
  16              		.cfi_sections	.debug_frame
  17              		.section	.text.HAL_CRCEx_Polynomial_Set,"ax",%progbits
  18              		.align	1
  19              		.global	HAL_CRCEx_Polynomial_Set
  20              		.syntax unified
  21              		.thumb
  22              		.thumb_func
  23              		.fpu fpv5-sp-d16
  25              	HAL_CRCEx_Polynomial_Set:
  26              	.LFB141:
  27              		.file 1 "Drivers/STM32F7xx_HAL_Driver/Src/stm32f7xx_hal_crc_ex.c"
   1:Drivers/STM32F7xx_HAL_Driver/Src/stm32f7xx_hal_crc_ex.c **** /**
   2:Drivers/STM32F7xx_HAL_Driver/Src/stm32f7xx_hal_crc_ex.c ****   ******************************************************************************
   3:Drivers/STM32F7xx_HAL_Driver/Src/stm32f7xx_hal_crc_ex.c ****   * @file    stm32f7xx_hal_crc_ex.c
   4:Drivers/STM32F7xx_HAL_Driver/Src/stm32f7xx_hal_crc_ex.c ****   * @author  MCD Application Team
   5:Drivers/STM32F7xx_HAL_Driver/Src/stm32f7xx_hal_crc_ex.c ****   * @brief   Extended CRC HAL module driver.
   6:Drivers/STM32F7xx_HAL_Driver/Src/stm32f7xx_hal_crc_ex.c ****   *          This file provides firmware functions to manage the extended
   7:Drivers/STM32F7xx_HAL_Driver/Src/stm32f7xx_hal_crc_ex.c ****   *          functionalities of the CRC peripheral.
   8:Drivers/STM32F7xx_HAL_Driver/Src/stm32f7xx_hal_crc_ex.c ****   *
   9:Drivers/STM32F7xx_HAL_Driver/Src/stm32f7xx_hal_crc_ex.c ****   @verbatim
  10:Drivers/STM32F7xx_HAL_Driver/Src/stm32f7xx_hal_crc_ex.c **** ================================================================================
  11:Drivers/STM32F7xx_HAL_Driver/Src/stm32f7xx_hal_crc_ex.c ****             ##### How to use this driver #####
  12:Drivers/STM32F7xx_HAL_Driver/Src/stm32f7xx_hal_crc_ex.c **** ================================================================================
  13:Drivers/STM32F7xx_HAL_Driver/Src/stm32f7xx_hal_crc_ex.c ****     [..]
  14:Drivers/STM32F7xx_HAL_Driver/Src/stm32f7xx_hal_crc_ex.c ****          (+) Set user-defined generating polynomial thru HAL_CRCEx_Polynomial_Set()
  15:Drivers/STM32F7xx_HAL_Driver/Src/stm32f7xx_hal_crc_ex.c ****          (+) Configure Input or Output data inversion
  16:Drivers/STM32F7xx_HAL_Driver/Src/stm32f7xx_hal_crc_ex.c **** 
  17:Drivers/STM32F7xx_HAL_Driver/Src/stm32f7xx_hal_crc_ex.c ****   @endverbatim
  18:Drivers/STM32F7xx_HAL_Driver/Src/stm32f7xx_hal_crc_ex.c ****   ******************************************************************************
  19:Drivers/STM32F7xx_HAL_Driver/Src/stm32f7xx_hal_crc_ex.c ****   * @attention
  20:Drivers/STM32F7xx_HAL_Driver/Src/stm32f7xx_hal_crc_ex.c ****   *
  21:Drivers/STM32F7xx_HAL_Driver/Src/stm32f7xx_hal_crc_ex.c ****   * <h2><center>&copy; Copyright (c) 2017 STMicroelectronics.
  22:Drivers/STM32F7xx_HAL_Driver/Src/stm32f7xx_hal_crc_ex.c ****   * All rights reserved.</center></h2>
  23:Drivers/STM32F7xx_HAL_Driver/Src/stm32f7xx_hal_crc_ex.c ****   *
  24:Drivers/STM32F7xx_HAL_Driver/Src/stm32f7xx_hal_crc_ex.c ****   * This software component is licensed by ST under BSD 3-Clause license,
  25:Drivers/STM32F7xx_HAL_Driver/Src/stm32f7xx_hal_crc_ex.c ****   * the "License"; You may not use this file except in compliance with the
  26:Drivers/STM32F7xx_HAL_Driver/Src/stm32f7xx_hal_crc_ex.c ****   * License. You may obtain a copy of the License at:
  27:Drivers/STM32F7xx_HAL_Driver/Src/stm32f7xx_hal_crc_ex.c ****   *                        opensource.org/licenses/BSD-3-Clause
  28:Drivers/STM32F7xx_HAL_Driver/Src/stm32f7xx_hal_crc_ex.c ****   *
  29:Drivers/STM32F7xx_HAL_Driver/Src/stm32f7xx_hal_crc_ex.c ****   ******************************************************************************
  30:Drivers/STM32F7xx_HAL_Driver/Src/stm32f7xx_hal_crc_ex.c ****   */
  31:Drivers/STM32F7xx_HAL_Driver/Src/stm32f7xx_hal_crc_ex.c **** 
ARM GAS  /tmp/ccWkR62m.s 			page 2


  32:Drivers/STM32F7xx_HAL_Driver/Src/stm32f7xx_hal_crc_ex.c **** /* Includes ------------------------------------------------------------------*/
  33:Drivers/STM32F7xx_HAL_Driver/Src/stm32f7xx_hal_crc_ex.c **** #include "stm32f7xx_hal.h"
  34:Drivers/STM32F7xx_HAL_Driver/Src/stm32f7xx_hal_crc_ex.c **** 
  35:Drivers/STM32F7xx_HAL_Driver/Src/stm32f7xx_hal_crc_ex.c **** /** @addtogroup STM32F7xx_HAL_Driver
  36:Drivers/STM32F7xx_HAL_Driver/Src/stm32f7xx_hal_crc_ex.c ****   * @{
  37:Drivers/STM32F7xx_HAL_Driver/Src/stm32f7xx_hal_crc_ex.c ****   */
  38:Drivers/STM32F7xx_HAL_Driver/Src/stm32f7xx_hal_crc_ex.c **** 
  39:Drivers/STM32F7xx_HAL_Driver/Src/stm32f7xx_hal_crc_ex.c **** /** @defgroup CRCEx CRCEx
  40:Drivers/STM32F7xx_HAL_Driver/Src/stm32f7xx_hal_crc_ex.c ****   * @brief CRC Extended HAL module driver
  41:Drivers/STM32F7xx_HAL_Driver/Src/stm32f7xx_hal_crc_ex.c ****   * @{
  42:Drivers/STM32F7xx_HAL_Driver/Src/stm32f7xx_hal_crc_ex.c ****   */
  43:Drivers/STM32F7xx_HAL_Driver/Src/stm32f7xx_hal_crc_ex.c **** 
  44:Drivers/STM32F7xx_HAL_Driver/Src/stm32f7xx_hal_crc_ex.c **** #ifdef HAL_CRC_MODULE_ENABLED
  45:Drivers/STM32F7xx_HAL_Driver/Src/stm32f7xx_hal_crc_ex.c **** 
  46:Drivers/STM32F7xx_HAL_Driver/Src/stm32f7xx_hal_crc_ex.c **** /* Private typedef -----------------------------------------------------------*/
  47:Drivers/STM32F7xx_HAL_Driver/Src/stm32f7xx_hal_crc_ex.c **** /* Private define ------------------------------------------------------------*/
  48:Drivers/STM32F7xx_HAL_Driver/Src/stm32f7xx_hal_crc_ex.c **** /* Private macro -------------------------------------------------------------*/
  49:Drivers/STM32F7xx_HAL_Driver/Src/stm32f7xx_hal_crc_ex.c **** /* Private variables ---------------------------------------------------------*/
  50:Drivers/STM32F7xx_HAL_Driver/Src/stm32f7xx_hal_crc_ex.c **** /* Private function prototypes -----------------------------------------------*/
  51:Drivers/STM32F7xx_HAL_Driver/Src/stm32f7xx_hal_crc_ex.c **** /* Exported functions --------------------------------------------------------*/
  52:Drivers/STM32F7xx_HAL_Driver/Src/stm32f7xx_hal_crc_ex.c **** 
  53:Drivers/STM32F7xx_HAL_Driver/Src/stm32f7xx_hal_crc_ex.c **** /** @defgroup CRCEx_Exported_Functions CRC Extended Exported Functions
  54:Drivers/STM32F7xx_HAL_Driver/Src/stm32f7xx_hal_crc_ex.c ****   * @{
  55:Drivers/STM32F7xx_HAL_Driver/Src/stm32f7xx_hal_crc_ex.c ****   */
  56:Drivers/STM32F7xx_HAL_Driver/Src/stm32f7xx_hal_crc_ex.c **** 
  57:Drivers/STM32F7xx_HAL_Driver/Src/stm32f7xx_hal_crc_ex.c **** /** @defgroup CRCEx_Exported_Functions_Group1 Extended Initialization/de-initialization functions
  58:Drivers/STM32F7xx_HAL_Driver/Src/stm32f7xx_hal_crc_ex.c ****   * @brief    Extended Initialization and Configuration functions.
  59:Drivers/STM32F7xx_HAL_Driver/Src/stm32f7xx_hal_crc_ex.c ****   *
  60:Drivers/STM32F7xx_HAL_Driver/Src/stm32f7xx_hal_crc_ex.c **** @verbatim
  61:Drivers/STM32F7xx_HAL_Driver/Src/stm32f7xx_hal_crc_ex.c ****  ===============================================================================
  62:Drivers/STM32F7xx_HAL_Driver/Src/stm32f7xx_hal_crc_ex.c ****             ##### Extended configuration functions #####
  63:Drivers/STM32F7xx_HAL_Driver/Src/stm32f7xx_hal_crc_ex.c ****  ===============================================================================
  64:Drivers/STM32F7xx_HAL_Driver/Src/stm32f7xx_hal_crc_ex.c ****     [..]  This section provides functions allowing to:
  65:Drivers/STM32F7xx_HAL_Driver/Src/stm32f7xx_hal_crc_ex.c ****       (+) Configure the generating polynomial
  66:Drivers/STM32F7xx_HAL_Driver/Src/stm32f7xx_hal_crc_ex.c ****       (+) Configure the input data inversion
  67:Drivers/STM32F7xx_HAL_Driver/Src/stm32f7xx_hal_crc_ex.c ****       (+) Configure the output data inversion
  68:Drivers/STM32F7xx_HAL_Driver/Src/stm32f7xx_hal_crc_ex.c **** 
  69:Drivers/STM32F7xx_HAL_Driver/Src/stm32f7xx_hal_crc_ex.c **** @endverbatim
  70:Drivers/STM32F7xx_HAL_Driver/Src/stm32f7xx_hal_crc_ex.c ****   * @{
  71:Drivers/STM32F7xx_HAL_Driver/Src/stm32f7xx_hal_crc_ex.c ****   */
  72:Drivers/STM32F7xx_HAL_Driver/Src/stm32f7xx_hal_crc_ex.c **** 
  73:Drivers/STM32F7xx_HAL_Driver/Src/stm32f7xx_hal_crc_ex.c **** 
  74:Drivers/STM32F7xx_HAL_Driver/Src/stm32f7xx_hal_crc_ex.c **** /**
  75:Drivers/STM32F7xx_HAL_Driver/Src/stm32f7xx_hal_crc_ex.c ****   * @brief  Initialize the CRC polynomial if different from default one.
  76:Drivers/STM32F7xx_HAL_Driver/Src/stm32f7xx_hal_crc_ex.c ****   * @param  hcrc CRC handle
  77:Drivers/STM32F7xx_HAL_Driver/Src/stm32f7xx_hal_crc_ex.c ****   * @param  Pol CRC generating polynomial (7, 8, 16 or 32-bit long).
  78:Drivers/STM32F7xx_HAL_Driver/Src/stm32f7xx_hal_crc_ex.c ****   *         This parameter is written in normal representation, e.g.
  79:Drivers/STM32F7xx_HAL_Driver/Src/stm32f7xx_hal_crc_ex.c ****   *         @arg for a polynomial of degree 7, X^7 + X^6 + X^5 + X^2 + 1 is written 0x65
  80:Drivers/STM32F7xx_HAL_Driver/Src/stm32f7xx_hal_crc_ex.c ****   *         @arg for a polynomial of degree 16, X^16 + X^12 + X^5 + 1 is written 0x1021
  81:Drivers/STM32F7xx_HAL_Driver/Src/stm32f7xx_hal_crc_ex.c ****   * @param  PolyLength CRC polynomial length.
  82:Drivers/STM32F7xx_HAL_Driver/Src/stm32f7xx_hal_crc_ex.c ****   *         This parameter can be one of the following values:
  83:Drivers/STM32F7xx_HAL_Driver/Src/stm32f7xx_hal_crc_ex.c ****   *          @arg @ref CRC_POLYLENGTH_7B  7-bit long CRC (generating polynomial of degree 7)
  84:Drivers/STM32F7xx_HAL_Driver/Src/stm32f7xx_hal_crc_ex.c ****   *          @arg @ref CRC_POLYLENGTH_8B  8-bit long CRC (generating polynomial of degree 8)
  85:Drivers/STM32F7xx_HAL_Driver/Src/stm32f7xx_hal_crc_ex.c ****   *          @arg @ref CRC_POLYLENGTH_16B 16-bit long CRC (generating polynomial of degree 16)
  86:Drivers/STM32F7xx_HAL_Driver/Src/stm32f7xx_hal_crc_ex.c ****   *          @arg @ref CRC_POLYLENGTH_32B 32-bit long CRC (generating polynomial of degree 32)
  87:Drivers/STM32F7xx_HAL_Driver/Src/stm32f7xx_hal_crc_ex.c ****   * @retval HAL status
  88:Drivers/STM32F7xx_HAL_Driver/Src/stm32f7xx_hal_crc_ex.c ****   */
ARM GAS  /tmp/ccWkR62m.s 			page 3


  89:Drivers/STM32F7xx_HAL_Driver/Src/stm32f7xx_hal_crc_ex.c **** HAL_StatusTypeDef HAL_CRCEx_Polynomial_Set(CRC_HandleTypeDef *hcrc, uint32_t Pol, uint32_t PolyLeng
  90:Drivers/STM32F7xx_HAL_Driver/Src/stm32f7xx_hal_crc_ex.c **** {
  28              		.loc 1 90 0
  29              		.cfi_startproc
  30              		@ args = 0, pretend = 0, frame = 0
  31              		@ frame_needed = 0, uses_anonymous_args = 0
  32              		@ link register save eliminated.
  33              	.LVL0:
  34 0000 30B4     		push	{r4, r5}
  35              	.LCFI0:
  36              		.cfi_def_cfa_offset 8
  37              		.cfi_offset 4, -8
  38              		.cfi_offset 5, -4
  39              	.LVL1:
  91:Drivers/STM32F7xx_HAL_Driver/Src/stm32f7xx_hal_crc_ex.c ****   HAL_StatusTypeDef status = HAL_OK;
  92:Drivers/STM32F7xx_HAL_Driver/Src/stm32f7xx_hal_crc_ex.c ****   uint32_t msb = 31U; /* polynomial degree is 32 at most, so msb is initialized to max value */
  40              		.loc 1 92 0
  41 0002 1F24     		movs	r4, #31
  42              	.LVL2:
  43              	.L3:
  93:Drivers/STM32F7xx_HAL_Driver/Src/stm32f7xx_hal_crc_ex.c **** 
  94:Drivers/STM32F7xx_HAL_Driver/Src/stm32f7xx_hal_crc_ex.c ****   /* Check the parameters */
  95:Drivers/STM32F7xx_HAL_Driver/Src/stm32f7xx_hal_crc_ex.c ****   assert_param(IS_CRC_POL_LENGTH(PolyLength));
  96:Drivers/STM32F7xx_HAL_Driver/Src/stm32f7xx_hal_crc_ex.c **** 
  97:Drivers/STM32F7xx_HAL_Driver/Src/stm32f7xx_hal_crc_ex.c ****   /* check polynomial definition vs polynomial size:
  98:Drivers/STM32F7xx_HAL_Driver/Src/stm32f7xx_hal_crc_ex.c ****    * polynomial length must be aligned with polynomial
  99:Drivers/STM32F7xx_HAL_Driver/Src/stm32f7xx_hal_crc_ex.c ****    * definition. HAL_ERROR is reported if Pol degree is
 100:Drivers/STM32F7xx_HAL_Driver/Src/stm32f7xx_hal_crc_ex.c ****    * larger than that indicated by PolyLength.
 101:Drivers/STM32F7xx_HAL_Driver/Src/stm32f7xx_hal_crc_ex.c ****    * Look for MSB position: msb will contain the degree of
 102:Drivers/STM32F7xx_HAL_Driver/Src/stm32f7xx_hal_crc_ex.c ****    *  the second to the largest polynomial member. E.g., for
 103:Drivers/STM32F7xx_HAL_Driver/Src/stm32f7xx_hal_crc_ex.c ****    *  X^7 + X^6 + X^5 + X^2 + 1, msb = 6. */
 104:Drivers/STM32F7xx_HAL_Driver/Src/stm32f7xx_hal_crc_ex.c ****   while ((msb-- > 0U) && ((Pol & ((uint32_t)(0x1U) << (msb & 0x1FU))) == 0U))
  44              		.loc 1 104 0 discriminator 2
  45 0004 651E     		subs	r5, r4, #1
  46              	.LVL3:
  47 0006 3CB1     		cbz	r4, .L2
  48              		.loc 1 104 0 is_stmt 0 discriminator 1
  49 0008 05F01F03 		and	r3, r5, #31
  50 000c 21FA03F3 		lsr	r3, r1, r3
  51 0010 2C46     		mov	r4, r5
  52 0012 13F0010F 		tst	r3, #1
  53 0016 F5D0     		beq	.L3
  54              	.L2:
 105:Drivers/STM32F7xx_HAL_Driver/Src/stm32f7xx_hal_crc_ex.c ****   {
 106:Drivers/STM32F7xx_HAL_Driver/Src/stm32f7xx_hal_crc_ex.c ****   }
 107:Drivers/STM32F7xx_HAL_Driver/Src/stm32f7xx_hal_crc_ex.c **** 
 108:Drivers/STM32F7xx_HAL_Driver/Src/stm32f7xx_hal_crc_ex.c ****   switch (PolyLength)
  55              		.loc 1 108 0 is_stmt 1
  56 0018 182A     		cmp	r2, #24
  57 001a 23D8     		bhi	.L10
  58 001c DFE802F0 		tbb	[pc, r2]
  59              	.L6:
  60 0020 0F       		.byte	(.L5-.L6)/2
  61 0021 22       		.byte	(.L10-.L6)/2
  62 0022 22       		.byte	(.L10-.L6)/2
  63 0023 22       		.byte	(.L10-.L6)/2
  64 0024 22       		.byte	(.L10-.L6)/2
ARM GAS  /tmp/ccWkR62m.s 			page 4


  65 0025 22       		.byte	(.L10-.L6)/2
  66 0026 22       		.byte	(.L10-.L6)/2
  67 0027 22       		.byte	(.L10-.L6)/2
  68 0028 1E       		.byte	(.L7-.L6)/2
  69 0029 22       		.byte	(.L10-.L6)/2
  70 002a 22       		.byte	(.L10-.L6)/2
  71 002b 22       		.byte	(.L10-.L6)/2
  72 002c 22       		.byte	(.L10-.L6)/2
  73 002d 22       		.byte	(.L10-.L6)/2
  74 002e 22       		.byte	(.L10-.L6)/2
  75 002f 22       		.byte	(.L10-.L6)/2
  76 0030 1A       		.byte	(.L8-.L6)/2
  77 0031 22       		.byte	(.L10-.L6)/2
  78 0032 22       		.byte	(.L10-.L6)/2
  79 0033 22       		.byte	(.L10-.L6)/2
  80 0034 22       		.byte	(.L10-.L6)/2
  81 0035 22       		.byte	(.L10-.L6)/2
  82 0036 22       		.byte	(.L10-.L6)/2
  83 0037 22       		.byte	(.L10-.L6)/2
  84 0038 0D       		.byte	(.L9-.L6)/2
  85 0039 00       		.p2align 1
  86              	.L9:
 109:Drivers/STM32F7xx_HAL_Driver/Src/stm32f7xx_hal_crc_ex.c ****   {
 110:Drivers/STM32F7xx_HAL_Driver/Src/stm32f7xx_hal_crc_ex.c ****     case CRC_POLYLENGTH_7B:
 111:Drivers/STM32F7xx_HAL_Driver/Src/stm32f7xx_hal_crc_ex.c ****       if (msb >= HAL_CRC_LENGTH_7B)
  87              		.loc 1 111 0
  88 003a 062D     		cmp	r5, #6
  89 003c 14D8     		bhi	.L15
  90              	.L5:
 112:Drivers/STM32F7xx_HAL_Driver/Src/stm32f7xx_hal_crc_ex.c ****       {
 113:Drivers/STM32F7xx_HAL_Driver/Src/stm32f7xx_hal_crc_ex.c ****         status =   HAL_ERROR;
 114:Drivers/STM32F7xx_HAL_Driver/Src/stm32f7xx_hal_crc_ex.c ****       }
 115:Drivers/STM32F7xx_HAL_Driver/Src/stm32f7xx_hal_crc_ex.c ****       break;
 116:Drivers/STM32F7xx_HAL_Driver/Src/stm32f7xx_hal_crc_ex.c ****     case CRC_POLYLENGTH_8B:
 117:Drivers/STM32F7xx_HAL_Driver/Src/stm32f7xx_hal_crc_ex.c ****       if (msb >= HAL_CRC_LENGTH_8B)
 118:Drivers/STM32F7xx_HAL_Driver/Src/stm32f7xx_hal_crc_ex.c ****       {
 119:Drivers/STM32F7xx_HAL_Driver/Src/stm32f7xx_hal_crc_ex.c ****         status =   HAL_ERROR;
 120:Drivers/STM32F7xx_HAL_Driver/Src/stm32f7xx_hal_crc_ex.c ****       }
 121:Drivers/STM32F7xx_HAL_Driver/Src/stm32f7xx_hal_crc_ex.c ****       break;
 122:Drivers/STM32F7xx_HAL_Driver/Src/stm32f7xx_hal_crc_ex.c ****     case CRC_POLYLENGTH_16B:
 123:Drivers/STM32F7xx_HAL_Driver/Src/stm32f7xx_hal_crc_ex.c ****       if (msb >= HAL_CRC_LENGTH_16B)
 124:Drivers/STM32F7xx_HAL_Driver/Src/stm32f7xx_hal_crc_ex.c ****       {
 125:Drivers/STM32F7xx_HAL_Driver/Src/stm32f7xx_hal_crc_ex.c ****         status =   HAL_ERROR;
 126:Drivers/STM32F7xx_HAL_Driver/Src/stm32f7xx_hal_crc_ex.c ****       }
 127:Drivers/STM32F7xx_HAL_Driver/Src/stm32f7xx_hal_crc_ex.c ****       break;
 128:Drivers/STM32F7xx_HAL_Driver/Src/stm32f7xx_hal_crc_ex.c **** 
 129:Drivers/STM32F7xx_HAL_Driver/Src/stm32f7xx_hal_crc_ex.c ****     case CRC_POLYLENGTH_32B:
 130:Drivers/STM32F7xx_HAL_Driver/Src/stm32f7xx_hal_crc_ex.c ****       /* no polynomial definition vs. polynomial length issue possible */
 131:Drivers/STM32F7xx_HAL_Driver/Src/stm32f7xx_hal_crc_ex.c ****       break;
 132:Drivers/STM32F7xx_HAL_Driver/Src/stm32f7xx_hal_crc_ex.c ****     default:
 133:Drivers/STM32F7xx_HAL_Driver/Src/stm32f7xx_hal_crc_ex.c ****       status =  HAL_ERROR;
 134:Drivers/STM32F7xx_HAL_Driver/Src/stm32f7xx_hal_crc_ex.c ****       break;
 135:Drivers/STM32F7xx_HAL_Driver/Src/stm32f7xx_hal_crc_ex.c ****   }
 136:Drivers/STM32F7xx_HAL_Driver/Src/stm32f7xx_hal_crc_ex.c ****   if (status == HAL_OK)
 137:Drivers/STM32F7xx_HAL_Driver/Src/stm32f7xx_hal_crc_ex.c ****   {
 138:Drivers/STM32F7xx_HAL_Driver/Src/stm32f7xx_hal_crc_ex.c ****     /* set generating polynomial */
 139:Drivers/STM32F7xx_HAL_Driver/Src/stm32f7xx_hal_crc_ex.c ****     WRITE_REG(hcrc->Instance->POL, Pol);
ARM GAS  /tmp/ccWkR62m.s 			page 5


  91              		.loc 1 139 0
  92 003e 0368     		ldr	r3, [r0]
  93 0040 5961     		str	r1, [r3, #20]
 140:Drivers/STM32F7xx_HAL_Driver/Src/stm32f7xx_hal_crc_ex.c **** 
 141:Drivers/STM32F7xx_HAL_Driver/Src/stm32f7xx_hal_crc_ex.c ****     /* set generating polynomial size */
 142:Drivers/STM32F7xx_HAL_Driver/Src/stm32f7xx_hal_crc_ex.c ****     MODIFY_REG(hcrc->Instance->CR, CRC_CR_POLYSIZE, PolyLength);
  94              		.loc 1 142 0
  95 0042 0168     		ldr	r1, [r0]
  96              	.LVL4:
  97 0044 8B68     		ldr	r3, [r1, #8]
  98              	.LVL5:
  99 0046 23F01803 		bic	r3, r3, #24
 100 004a 1A43     		orrs	r2, r2, r3
 101              	.LVL6:
 102 004c 8A60     		str	r2, [r1, #8]
 103 004e 0020     		movs	r0, #0
 104              	.LVL7:
 105              	.L4:
 143:Drivers/STM32F7xx_HAL_Driver/Src/stm32f7xx_hal_crc_ex.c ****   }
 144:Drivers/STM32F7xx_HAL_Driver/Src/stm32f7xx_hal_crc_ex.c ****   /* Return function status */
 145:Drivers/STM32F7xx_HAL_Driver/Src/stm32f7xx_hal_crc_ex.c ****   return status;
 146:Drivers/STM32F7xx_HAL_Driver/Src/stm32f7xx_hal_crc_ex.c **** }
 106              		.loc 1 146 0
 107 0050 30BC     		pop	{r4, r5}
 108              	.LCFI1:
 109              		.cfi_remember_state
 110              		.cfi_restore 5
 111              		.cfi_restore 4
 112              		.cfi_def_cfa_offset 0
 113              	.LVL8:
 114 0052 7047     		bx	lr
 115              	.LVL9:
 116              	.L8:
 117              	.LCFI2:
 118              		.cfi_restore_state
 117:Drivers/STM32F7xx_HAL_Driver/Src/stm32f7xx_hal_crc_ex.c ****       {
 119              		.loc 1 117 0
 120 0054 072D     		cmp	r5, #7
 121 0056 F2D9     		bls	.L5
 119:Drivers/STM32F7xx_HAL_Driver/Src/stm32f7xx_hal_crc_ex.c ****       }
 122              		.loc 1 119 0
 123 0058 0120     		movs	r0, #1
 124              	.LVL10:
 125 005a F9E7     		b	.L4
 126              	.LVL11:
 127              	.L7:
 123:Drivers/STM32F7xx_HAL_Driver/Src/stm32f7xx_hal_crc_ex.c ****       {
 128              		.loc 1 123 0
 129 005c 0F2D     		cmp	r5, #15
 130 005e EED9     		bls	.L5
 125:Drivers/STM32F7xx_HAL_Driver/Src/stm32f7xx_hal_crc_ex.c ****       }
 131              		.loc 1 125 0
 132 0060 0120     		movs	r0, #1
 133              	.LVL12:
 134 0062 F5E7     		b	.L4
 135              	.LVL13:
 136              	.L10:
ARM GAS  /tmp/ccWkR62m.s 			page 6


 133:Drivers/STM32F7xx_HAL_Driver/Src/stm32f7xx_hal_crc_ex.c ****       break;
 137              		.loc 1 133 0
 138 0064 0120     		movs	r0, #1
 139              	.LVL14:
 140 0066 F3E7     		b	.L4
 141              	.LVL15:
 142              	.L15:
 113:Drivers/STM32F7xx_HAL_Driver/Src/stm32f7xx_hal_crc_ex.c ****       }
 143              		.loc 1 113 0
 144 0068 0120     		movs	r0, #1
 145              	.LVL16:
 146 006a F1E7     		b	.L4
 147              		.cfi_endproc
 148              	.LFE141:
 150              		.section	.text.HAL_CRCEx_Input_Data_Reverse,"ax",%progbits
 151              		.align	1
 152              		.global	HAL_CRCEx_Input_Data_Reverse
 153              		.syntax unified
 154              		.thumb
 155              		.thumb_func
 156              		.fpu fpv5-sp-d16
 158              	HAL_CRCEx_Input_Data_Reverse:
 159              	.LFB142:
 147:Drivers/STM32F7xx_HAL_Driver/Src/stm32f7xx_hal_crc_ex.c **** 
 148:Drivers/STM32F7xx_HAL_Driver/Src/stm32f7xx_hal_crc_ex.c **** /**
 149:Drivers/STM32F7xx_HAL_Driver/Src/stm32f7xx_hal_crc_ex.c ****   * @brief  Set the Reverse Input data mode.
 150:Drivers/STM32F7xx_HAL_Driver/Src/stm32f7xx_hal_crc_ex.c ****   * @param  hcrc CRC handle
 151:Drivers/STM32F7xx_HAL_Driver/Src/stm32f7xx_hal_crc_ex.c ****   * @param  InputReverseMode Input Data inversion mode.
 152:Drivers/STM32F7xx_HAL_Driver/Src/stm32f7xx_hal_crc_ex.c ****   *         This parameter can be one of the following values:
 153:Drivers/STM32F7xx_HAL_Driver/Src/stm32f7xx_hal_crc_ex.c ****   *          @arg @ref CRC_INPUTDATA_INVERSION_NONE     no change in bit order (default value)
 154:Drivers/STM32F7xx_HAL_Driver/Src/stm32f7xx_hal_crc_ex.c ****   *          @arg @ref CRC_INPUTDATA_INVERSION_BYTE     Byte-wise bit reversal
 155:Drivers/STM32F7xx_HAL_Driver/Src/stm32f7xx_hal_crc_ex.c ****   *          @arg @ref CRC_INPUTDATA_INVERSION_HALFWORD HalfWord-wise bit reversal
 156:Drivers/STM32F7xx_HAL_Driver/Src/stm32f7xx_hal_crc_ex.c ****   *          @arg @ref CRC_INPUTDATA_INVERSION_WORD     Word-wise bit reversal
 157:Drivers/STM32F7xx_HAL_Driver/Src/stm32f7xx_hal_crc_ex.c ****   * @retval HAL status
 158:Drivers/STM32F7xx_HAL_Driver/Src/stm32f7xx_hal_crc_ex.c ****   */
 159:Drivers/STM32F7xx_HAL_Driver/Src/stm32f7xx_hal_crc_ex.c **** HAL_StatusTypeDef HAL_CRCEx_Input_Data_Reverse(CRC_HandleTypeDef *hcrc, uint32_t InputReverseMode)
 160:Drivers/STM32F7xx_HAL_Driver/Src/stm32f7xx_hal_crc_ex.c **** {
 160              		.loc 1 160 0
 161              		.cfi_startproc
 162              		@ args = 0, pretend = 0, frame = 0
 163              		@ frame_needed = 0, uses_anonymous_args = 0
 164              		@ link register save eliminated.
 165              	.LVL17:
 161:Drivers/STM32F7xx_HAL_Driver/Src/stm32f7xx_hal_crc_ex.c ****   /* Check the parameters */
 162:Drivers/STM32F7xx_HAL_Driver/Src/stm32f7xx_hal_crc_ex.c ****   assert_param(IS_CRC_INPUTDATA_INVERSION_MODE(InputReverseMode));
 163:Drivers/STM32F7xx_HAL_Driver/Src/stm32f7xx_hal_crc_ex.c **** 
 164:Drivers/STM32F7xx_HAL_Driver/Src/stm32f7xx_hal_crc_ex.c ****   /* Change CRC peripheral state */
 165:Drivers/STM32F7xx_HAL_Driver/Src/stm32f7xx_hal_crc_ex.c ****   hcrc->State = HAL_CRC_STATE_BUSY;
 166              		.loc 1 165 0
 167 0000 0223     		movs	r3, #2
 168 0002 4377     		strb	r3, [r0, #29]
 166:Drivers/STM32F7xx_HAL_Driver/Src/stm32f7xx_hal_crc_ex.c **** 
 167:Drivers/STM32F7xx_HAL_Driver/Src/stm32f7xx_hal_crc_ex.c ****   /* set input data inversion mode */
 168:Drivers/STM32F7xx_HAL_Driver/Src/stm32f7xx_hal_crc_ex.c ****   MODIFY_REG(hcrc->Instance->CR, CRC_CR_REV_IN, InputReverseMode);
 169              		.loc 1 168 0
 170 0004 0268     		ldr	r2, [r0]
 171 0006 9368     		ldr	r3, [r2, #8]
ARM GAS  /tmp/ccWkR62m.s 			page 7


 172 0008 23F06003 		bic	r3, r3, #96
 173 000c 1943     		orrs	r1, r1, r3
 174              	.LVL18:
 175 000e 9160     		str	r1, [r2, #8]
 169:Drivers/STM32F7xx_HAL_Driver/Src/stm32f7xx_hal_crc_ex.c ****   /* Change CRC peripheral state */
 170:Drivers/STM32F7xx_HAL_Driver/Src/stm32f7xx_hal_crc_ex.c ****   hcrc->State = HAL_CRC_STATE_READY;
 176              		.loc 1 170 0
 177 0010 0123     		movs	r3, #1
 178 0012 4377     		strb	r3, [r0, #29]
 171:Drivers/STM32F7xx_HAL_Driver/Src/stm32f7xx_hal_crc_ex.c **** 
 172:Drivers/STM32F7xx_HAL_Driver/Src/stm32f7xx_hal_crc_ex.c ****   /* Return function status */
 173:Drivers/STM32F7xx_HAL_Driver/Src/stm32f7xx_hal_crc_ex.c ****   return HAL_OK;
 174:Drivers/STM32F7xx_HAL_Driver/Src/stm32f7xx_hal_crc_ex.c **** }
 179              		.loc 1 174 0
 180 0014 0020     		movs	r0, #0
 181              	.LVL19:
 182 0016 7047     		bx	lr
 183              		.cfi_endproc
 184              	.LFE142:
 186              		.section	.text.HAL_CRCEx_Output_Data_Reverse,"ax",%progbits
 187              		.align	1
 188              		.global	HAL_CRCEx_Output_Data_Reverse
 189              		.syntax unified
 190              		.thumb
 191              		.thumb_func
 192              		.fpu fpv5-sp-d16
 194              	HAL_CRCEx_Output_Data_Reverse:
 195              	.LFB143:
 175:Drivers/STM32F7xx_HAL_Driver/Src/stm32f7xx_hal_crc_ex.c **** 
 176:Drivers/STM32F7xx_HAL_Driver/Src/stm32f7xx_hal_crc_ex.c **** /**
 177:Drivers/STM32F7xx_HAL_Driver/Src/stm32f7xx_hal_crc_ex.c ****   * @brief  Set the Reverse Output data mode.
 178:Drivers/STM32F7xx_HAL_Driver/Src/stm32f7xx_hal_crc_ex.c ****   * @param  hcrc CRC handle
 179:Drivers/STM32F7xx_HAL_Driver/Src/stm32f7xx_hal_crc_ex.c ****   * @param  OutputReverseMode Output Data inversion mode.
 180:Drivers/STM32F7xx_HAL_Driver/Src/stm32f7xx_hal_crc_ex.c ****   *         This parameter can be one of the following values:
 181:Drivers/STM32F7xx_HAL_Driver/Src/stm32f7xx_hal_crc_ex.c ****   *          @arg @ref CRC_OUTPUTDATA_INVERSION_DISABLE no CRC inversion (default value)
 182:Drivers/STM32F7xx_HAL_Driver/Src/stm32f7xx_hal_crc_ex.c ****   *          @arg @ref CRC_OUTPUTDATA_INVERSION_ENABLE  bit-level inversion (e.g. for a 8-bit CRC: 
 183:Drivers/STM32F7xx_HAL_Driver/Src/stm32f7xx_hal_crc_ex.c ****   * @retval HAL status
 184:Drivers/STM32F7xx_HAL_Driver/Src/stm32f7xx_hal_crc_ex.c ****   */
 185:Drivers/STM32F7xx_HAL_Driver/Src/stm32f7xx_hal_crc_ex.c **** HAL_StatusTypeDef HAL_CRCEx_Output_Data_Reverse(CRC_HandleTypeDef *hcrc, uint32_t OutputReverseMode
 186:Drivers/STM32F7xx_HAL_Driver/Src/stm32f7xx_hal_crc_ex.c **** {
 196              		.loc 1 186 0
 197              		.cfi_startproc
 198              		@ args = 0, pretend = 0, frame = 0
 199              		@ frame_needed = 0, uses_anonymous_args = 0
 200              		@ link register save eliminated.
 201              	.LVL20:
 187:Drivers/STM32F7xx_HAL_Driver/Src/stm32f7xx_hal_crc_ex.c ****   /* Check the parameters */
 188:Drivers/STM32F7xx_HAL_Driver/Src/stm32f7xx_hal_crc_ex.c ****   assert_param(IS_CRC_OUTPUTDATA_INVERSION_MODE(OutputReverseMode));
 189:Drivers/STM32F7xx_HAL_Driver/Src/stm32f7xx_hal_crc_ex.c **** 
 190:Drivers/STM32F7xx_HAL_Driver/Src/stm32f7xx_hal_crc_ex.c ****   /* Change CRC peripheral state */
 191:Drivers/STM32F7xx_HAL_Driver/Src/stm32f7xx_hal_crc_ex.c ****   hcrc->State = HAL_CRC_STATE_BUSY;
 202              		.loc 1 191 0
 203 0000 0223     		movs	r3, #2
 204 0002 4377     		strb	r3, [r0, #29]
 192:Drivers/STM32F7xx_HAL_Driver/Src/stm32f7xx_hal_crc_ex.c **** 
 193:Drivers/STM32F7xx_HAL_Driver/Src/stm32f7xx_hal_crc_ex.c ****   /* set output data inversion mode */
 194:Drivers/STM32F7xx_HAL_Driver/Src/stm32f7xx_hal_crc_ex.c ****   MODIFY_REG(hcrc->Instance->CR, CRC_CR_REV_OUT, OutputReverseMode);
ARM GAS  /tmp/ccWkR62m.s 			page 8


 205              		.loc 1 194 0
 206 0004 0268     		ldr	r2, [r0]
 207 0006 9368     		ldr	r3, [r2, #8]
 208 0008 23F08003 		bic	r3, r3, #128
 209 000c 1943     		orrs	r1, r1, r3
 210              	.LVL21:
 211 000e 9160     		str	r1, [r2, #8]
 195:Drivers/STM32F7xx_HAL_Driver/Src/stm32f7xx_hal_crc_ex.c **** 
 196:Drivers/STM32F7xx_HAL_Driver/Src/stm32f7xx_hal_crc_ex.c ****   /* Change CRC peripheral state */
 197:Drivers/STM32F7xx_HAL_Driver/Src/stm32f7xx_hal_crc_ex.c ****   hcrc->State = HAL_CRC_STATE_READY;
 212              		.loc 1 197 0
 213 0010 0123     		movs	r3, #1
 214 0012 4377     		strb	r3, [r0, #29]
 198:Drivers/STM32F7xx_HAL_Driver/Src/stm32f7xx_hal_crc_ex.c **** 
 199:Drivers/STM32F7xx_HAL_Driver/Src/stm32f7xx_hal_crc_ex.c ****   /* Return function status */
 200:Drivers/STM32F7xx_HAL_Driver/Src/stm32f7xx_hal_crc_ex.c ****   return HAL_OK;
 201:Drivers/STM32F7xx_HAL_Driver/Src/stm32f7xx_hal_crc_ex.c **** }
 215              		.loc 1 201 0
 216 0014 0020     		movs	r0, #0
 217              	.LVL22:
 218 0016 7047     		bx	lr
 219              		.cfi_endproc
 220              	.LFE143:
 222              		.text
 223              	.Letext0:
 224              		.file 2 "/usr/include/newlib/machine/_default_types.h"
 225              		.file 3 "/usr/include/newlib/sys/_stdint.h"
 226              		.file 4 "Drivers/CMSIS/Include/core_cm7.h"
 227              		.file 5 "Drivers/CMSIS/Device/ST/STM32F7xx/Include/system_stm32f7xx.h"
 228              		.file 6 "Drivers/CMSIS/Device/ST/STM32F7xx/Include/stm32f746xx.h"
 229              		.file 7 "Drivers/STM32F7xx_HAL_Driver/Inc/stm32f7xx_hal_def.h"
 230              		.file 8 "Drivers/STM32F7xx_HAL_Driver/Inc/stm32f7xx_hal_crc.h"
 231              		.file 9 "Drivers/STM32F7xx_HAL_Driver/Inc/stm32f7xx_hal.h"
ARM GAS  /tmp/ccWkR62m.s 			page 9


DEFINED SYMBOLS
                            *ABS*:0000000000000000 stm32f7xx_hal_crc_ex.c
     /tmp/ccWkR62m.s:18     .text.HAL_CRCEx_Polynomial_Set:0000000000000000 $t
     /tmp/ccWkR62m.s:25     .text.HAL_CRCEx_Polynomial_Set:0000000000000000 HAL_CRCEx_Polynomial_Set
     /tmp/ccWkR62m.s:60     .text.HAL_CRCEx_Polynomial_Set:0000000000000020 $d
     /tmp/ccWkR62m.s:151    .text.HAL_CRCEx_Input_Data_Reverse:0000000000000000 $t
     /tmp/ccWkR62m.s:158    .text.HAL_CRCEx_Input_Data_Reverse:0000000000000000 HAL_CRCEx_Input_Data_Reverse
     /tmp/ccWkR62m.s:187    .text.HAL_CRCEx_Output_Data_Reverse:0000000000000000 $t
     /tmp/ccWkR62m.s:194    .text.HAL_CRCEx_Output_Data_Reverse:0000000000000000 HAL_CRCEx_Output_Data_Reverse
     /tmp/ccWkR62m.s:85     .text.HAL_CRCEx_Polynomial_Set:0000000000000039 $d
     /tmp/ccWkR62m.s:85     .text.HAL_CRCEx_Polynomial_Set:000000000000003a $t

NO UNDEFINED SYMBOLS
