ARM GAS  /tmp/ccUN6RYG.s 			page 1


   1              		.cpu cortex-m7
   2              		.eabi_attribute 27, 1
   3              		.eabi_attribute 28, 1
   4              		.eabi_attribute 20, 1
   5              		.eabi_attribute 21, 1
   6              		.eabi_attribute 23, 3
   7              		.eabi_attribute 24, 1
   8              		.eabi_attribute 25, 1
   9              		.eabi_attribute 26, 1
  10              		.eabi_attribute 30, 1
  11              		.eabi_attribute 34, 1
  12              		.eabi_attribute 18, 4
  13              		.file	"stm32f7xx_hal_pwr_ex.c"
  14              		.text
  15              	.Ltext0:
  16              		.cfi_sections	.debug_frame
  17              		.section	.text.HAL_PWREx_EnableBkUpReg,"ax",%progbits
  18              		.align	1
  19              		.global	HAL_PWREx_EnableBkUpReg
  20              		.syntax unified
  21              		.thumb
  22              		.thumb_func
  23              		.fpu fpv5-sp-d16
  25              	HAL_PWREx_EnableBkUpReg:
  26              	.LFB141:
  27              		.file 1 "Drivers/STM32F7xx_HAL_Driver/Src/stm32f7xx_hal_pwr_ex.c"
   1:Drivers/STM32F7xx_HAL_Driver/Src/stm32f7xx_hal_pwr_ex.c **** /**
   2:Drivers/STM32F7xx_HAL_Driver/Src/stm32f7xx_hal_pwr_ex.c ****   ******************************************************************************
   3:Drivers/STM32F7xx_HAL_Driver/Src/stm32f7xx_hal_pwr_ex.c ****   * @file    stm32f7xx_hal_pwr_ex.c
   4:Drivers/STM32F7xx_HAL_Driver/Src/stm32f7xx_hal_pwr_ex.c ****   * @author  MCD Application Team
   5:Drivers/STM32F7xx_HAL_Driver/Src/stm32f7xx_hal_pwr_ex.c ****   * @brief   Extended PWR HAL module driver.
   6:Drivers/STM32F7xx_HAL_Driver/Src/stm32f7xx_hal_pwr_ex.c ****   *          This file provides firmware functions to manage the following 
   7:Drivers/STM32F7xx_HAL_Driver/Src/stm32f7xx_hal_pwr_ex.c ****   *          functionalities of PWR extension peripheral:           
   8:Drivers/STM32F7xx_HAL_Driver/Src/stm32f7xx_hal_pwr_ex.c ****   *           + Peripheral Extended features functions
   9:Drivers/STM32F7xx_HAL_Driver/Src/stm32f7xx_hal_pwr_ex.c ****   *         
  10:Drivers/STM32F7xx_HAL_Driver/Src/stm32f7xx_hal_pwr_ex.c ****   ******************************************************************************
  11:Drivers/STM32F7xx_HAL_Driver/Src/stm32f7xx_hal_pwr_ex.c ****   * @attention
  12:Drivers/STM32F7xx_HAL_Driver/Src/stm32f7xx_hal_pwr_ex.c ****   *
  13:Drivers/STM32F7xx_HAL_Driver/Src/stm32f7xx_hal_pwr_ex.c ****   * <h2><center>&copy; Copyright (c) 2017 STMicroelectronics.
  14:Drivers/STM32F7xx_HAL_Driver/Src/stm32f7xx_hal_pwr_ex.c ****   * All rights reserved.</center></h2>
  15:Drivers/STM32F7xx_HAL_Driver/Src/stm32f7xx_hal_pwr_ex.c ****   *
  16:Drivers/STM32F7xx_HAL_Driver/Src/stm32f7xx_hal_pwr_ex.c ****   * This software component is licensed by ST under BSD 3-Clause license,
  17:Drivers/STM32F7xx_HAL_Driver/Src/stm32f7xx_hal_pwr_ex.c ****   * the "License"; You may not use this file except in compliance with the
  18:Drivers/STM32F7xx_HAL_Driver/Src/stm32f7xx_hal_pwr_ex.c ****   * License. You may obtain a copy of the License at:
  19:Drivers/STM32F7xx_HAL_Driver/Src/stm32f7xx_hal_pwr_ex.c ****   *                        opensource.org/licenses/BSD-3-Clause
  20:Drivers/STM32F7xx_HAL_Driver/Src/stm32f7xx_hal_pwr_ex.c ****   *
  21:Drivers/STM32F7xx_HAL_Driver/Src/stm32f7xx_hal_pwr_ex.c ****   ******************************************************************************
  22:Drivers/STM32F7xx_HAL_Driver/Src/stm32f7xx_hal_pwr_ex.c ****   */ 
  23:Drivers/STM32F7xx_HAL_Driver/Src/stm32f7xx_hal_pwr_ex.c **** 
  24:Drivers/STM32F7xx_HAL_Driver/Src/stm32f7xx_hal_pwr_ex.c **** /* Includes ------------------------------------------------------------------*/
  25:Drivers/STM32F7xx_HAL_Driver/Src/stm32f7xx_hal_pwr_ex.c **** #include "stm32f7xx_hal.h"
  26:Drivers/STM32F7xx_HAL_Driver/Src/stm32f7xx_hal_pwr_ex.c **** 
  27:Drivers/STM32F7xx_HAL_Driver/Src/stm32f7xx_hal_pwr_ex.c **** /** @addtogroup STM32F7xx_HAL_Driver
  28:Drivers/STM32F7xx_HAL_Driver/Src/stm32f7xx_hal_pwr_ex.c ****   * @{
  29:Drivers/STM32F7xx_HAL_Driver/Src/stm32f7xx_hal_pwr_ex.c ****   */
  30:Drivers/STM32F7xx_HAL_Driver/Src/stm32f7xx_hal_pwr_ex.c **** 
  31:Drivers/STM32F7xx_HAL_Driver/Src/stm32f7xx_hal_pwr_ex.c **** /** @defgroup PWREx PWREx
ARM GAS  /tmp/ccUN6RYG.s 			page 2


  32:Drivers/STM32F7xx_HAL_Driver/Src/stm32f7xx_hal_pwr_ex.c ****   * @brief PWR HAL module driver
  33:Drivers/STM32F7xx_HAL_Driver/Src/stm32f7xx_hal_pwr_ex.c ****   * @{
  34:Drivers/STM32F7xx_HAL_Driver/Src/stm32f7xx_hal_pwr_ex.c ****   */
  35:Drivers/STM32F7xx_HAL_Driver/Src/stm32f7xx_hal_pwr_ex.c **** 
  36:Drivers/STM32F7xx_HAL_Driver/Src/stm32f7xx_hal_pwr_ex.c **** #ifdef HAL_PWR_MODULE_ENABLED
  37:Drivers/STM32F7xx_HAL_Driver/Src/stm32f7xx_hal_pwr_ex.c **** 
  38:Drivers/STM32F7xx_HAL_Driver/Src/stm32f7xx_hal_pwr_ex.c **** /* Private typedef -----------------------------------------------------------*/
  39:Drivers/STM32F7xx_HAL_Driver/Src/stm32f7xx_hal_pwr_ex.c **** /* Private define ------------------------------------------------------------*/
  40:Drivers/STM32F7xx_HAL_Driver/Src/stm32f7xx_hal_pwr_ex.c **** /** @addtogroup PWREx_Private_Constants
  41:Drivers/STM32F7xx_HAL_Driver/Src/stm32f7xx_hal_pwr_ex.c ****   * @{
  42:Drivers/STM32F7xx_HAL_Driver/Src/stm32f7xx_hal_pwr_ex.c ****   */    
  43:Drivers/STM32F7xx_HAL_Driver/Src/stm32f7xx_hal_pwr_ex.c **** #define PWR_OVERDRIVE_TIMEOUT_VALUE  1000
  44:Drivers/STM32F7xx_HAL_Driver/Src/stm32f7xx_hal_pwr_ex.c **** #define PWR_UDERDRIVE_TIMEOUT_VALUE  1000
  45:Drivers/STM32F7xx_HAL_Driver/Src/stm32f7xx_hal_pwr_ex.c **** #define PWR_BKPREG_TIMEOUT_VALUE     1000
  46:Drivers/STM32F7xx_HAL_Driver/Src/stm32f7xx_hal_pwr_ex.c **** #define PWR_VOSRDY_TIMEOUT_VALUE     1000
  47:Drivers/STM32F7xx_HAL_Driver/Src/stm32f7xx_hal_pwr_ex.c **** /**
  48:Drivers/STM32F7xx_HAL_Driver/Src/stm32f7xx_hal_pwr_ex.c ****   * @}
  49:Drivers/STM32F7xx_HAL_Driver/Src/stm32f7xx_hal_pwr_ex.c ****   */
  50:Drivers/STM32F7xx_HAL_Driver/Src/stm32f7xx_hal_pwr_ex.c ****     
  51:Drivers/STM32F7xx_HAL_Driver/Src/stm32f7xx_hal_pwr_ex.c **** /* Private macro -------------------------------------------------------------*/
  52:Drivers/STM32F7xx_HAL_Driver/Src/stm32f7xx_hal_pwr_ex.c **** /* Private variables ---------------------------------------------------------*/
  53:Drivers/STM32F7xx_HAL_Driver/Src/stm32f7xx_hal_pwr_ex.c **** /* Private function prototypes -----------------------------------------------*/
  54:Drivers/STM32F7xx_HAL_Driver/Src/stm32f7xx_hal_pwr_ex.c **** /* Private functions ---------------------------------------------------------*/
  55:Drivers/STM32F7xx_HAL_Driver/Src/stm32f7xx_hal_pwr_ex.c **** /** @defgroup PWREx_Exported_Functions PWREx Exported Functions
  56:Drivers/STM32F7xx_HAL_Driver/Src/stm32f7xx_hal_pwr_ex.c ****   *  @{
  57:Drivers/STM32F7xx_HAL_Driver/Src/stm32f7xx_hal_pwr_ex.c ****   */
  58:Drivers/STM32F7xx_HAL_Driver/Src/stm32f7xx_hal_pwr_ex.c **** 
  59:Drivers/STM32F7xx_HAL_Driver/Src/stm32f7xx_hal_pwr_ex.c **** /** @defgroup PWREx_Exported_Functions_Group1 Peripheral Extended features functions 
  60:Drivers/STM32F7xx_HAL_Driver/Src/stm32f7xx_hal_pwr_ex.c ****   *  @brief Peripheral Extended features functions 
  61:Drivers/STM32F7xx_HAL_Driver/Src/stm32f7xx_hal_pwr_ex.c ****   *
  62:Drivers/STM32F7xx_HAL_Driver/Src/stm32f7xx_hal_pwr_ex.c **** @verbatim   
  63:Drivers/STM32F7xx_HAL_Driver/Src/stm32f7xx_hal_pwr_ex.c **** 
  64:Drivers/STM32F7xx_HAL_Driver/Src/stm32f7xx_hal_pwr_ex.c ****  ===============================================================================
  65:Drivers/STM32F7xx_HAL_Driver/Src/stm32f7xx_hal_pwr_ex.c ****                  ##### Peripheral extended features functions #####
  66:Drivers/STM32F7xx_HAL_Driver/Src/stm32f7xx_hal_pwr_ex.c ****  ===============================================================================
  67:Drivers/STM32F7xx_HAL_Driver/Src/stm32f7xx_hal_pwr_ex.c **** 
  68:Drivers/STM32F7xx_HAL_Driver/Src/stm32f7xx_hal_pwr_ex.c ****     *** Main and Backup Regulators configuration ***
  69:Drivers/STM32F7xx_HAL_Driver/Src/stm32f7xx_hal_pwr_ex.c ****     ================================================
  70:Drivers/STM32F7xx_HAL_Driver/Src/stm32f7xx_hal_pwr_ex.c ****     [..] 
  71:Drivers/STM32F7xx_HAL_Driver/Src/stm32f7xx_hal_pwr_ex.c ****       (+) The backup domain includes 4 Kbytes of backup SRAM accessible only from 
  72:Drivers/STM32F7xx_HAL_Driver/Src/stm32f7xx_hal_pwr_ex.c ****           the CPU, and address in 32-bit, 16-bit or 8-bit mode. Its content is 
  73:Drivers/STM32F7xx_HAL_Driver/Src/stm32f7xx_hal_pwr_ex.c ****           retained even in Standby or VBAT mode when the low power backup regulator
  74:Drivers/STM32F7xx_HAL_Driver/Src/stm32f7xx_hal_pwr_ex.c ****           is enabled. It can be considered as an internal EEPROM when VBAT is 
  75:Drivers/STM32F7xx_HAL_Driver/Src/stm32f7xx_hal_pwr_ex.c ****           always present. You can use the HAL_PWREx_EnableBkUpReg() function to 
  76:Drivers/STM32F7xx_HAL_Driver/Src/stm32f7xx_hal_pwr_ex.c ****           enable the low power backup regulator. 
  77:Drivers/STM32F7xx_HAL_Driver/Src/stm32f7xx_hal_pwr_ex.c **** 
  78:Drivers/STM32F7xx_HAL_Driver/Src/stm32f7xx_hal_pwr_ex.c ****       (+) When the backup domain is supplied by VDD (analog switch connected to VDD) 
  79:Drivers/STM32F7xx_HAL_Driver/Src/stm32f7xx_hal_pwr_ex.c ****           the backup SRAM is powered from VDD which replaces the VBAT power supply to 
  80:Drivers/STM32F7xx_HAL_Driver/Src/stm32f7xx_hal_pwr_ex.c ****           save battery life.
  81:Drivers/STM32F7xx_HAL_Driver/Src/stm32f7xx_hal_pwr_ex.c **** 
  82:Drivers/STM32F7xx_HAL_Driver/Src/stm32f7xx_hal_pwr_ex.c ****       (+) The backup SRAM is not mass erased by a tamper event. It is read 
  83:Drivers/STM32F7xx_HAL_Driver/Src/stm32f7xx_hal_pwr_ex.c ****           protected to prevent confidential data, such as cryptographic private 
  84:Drivers/STM32F7xx_HAL_Driver/Src/stm32f7xx_hal_pwr_ex.c ****           key, from being accessed. The backup SRAM can be erased only through 
  85:Drivers/STM32F7xx_HAL_Driver/Src/stm32f7xx_hal_pwr_ex.c ****           the Flash interface when a protection level change from level 1 to 
  86:Drivers/STM32F7xx_HAL_Driver/Src/stm32f7xx_hal_pwr_ex.c ****           level 0 is requested. 
  87:Drivers/STM32F7xx_HAL_Driver/Src/stm32f7xx_hal_pwr_ex.c ****       -@- Refer to the description of Read protection (RDP) in the Flash 
  88:Drivers/STM32F7xx_HAL_Driver/Src/stm32f7xx_hal_pwr_ex.c ****           programming manual.
ARM GAS  /tmp/ccUN6RYG.s 			page 3


  89:Drivers/STM32F7xx_HAL_Driver/Src/stm32f7xx_hal_pwr_ex.c **** 
  90:Drivers/STM32F7xx_HAL_Driver/Src/stm32f7xx_hal_pwr_ex.c ****       (+) The main internal regulator can be configured to have a tradeoff between 
  91:Drivers/STM32F7xx_HAL_Driver/Src/stm32f7xx_hal_pwr_ex.c ****           performance and power consumption when the device does not operate at 
  92:Drivers/STM32F7xx_HAL_Driver/Src/stm32f7xx_hal_pwr_ex.c ****           the maximum frequency. This is done through __HAL_PWR_MAINREGULATORMODE_CONFIG() 
  93:Drivers/STM32F7xx_HAL_Driver/Src/stm32f7xx_hal_pwr_ex.c ****           macro which configure VOS bit in PWR_CR register
  94:Drivers/STM32F7xx_HAL_Driver/Src/stm32f7xx_hal_pwr_ex.c ****           
  95:Drivers/STM32F7xx_HAL_Driver/Src/stm32f7xx_hal_pwr_ex.c ****         Refer to the product datasheets for more details.
  96:Drivers/STM32F7xx_HAL_Driver/Src/stm32f7xx_hal_pwr_ex.c **** 
  97:Drivers/STM32F7xx_HAL_Driver/Src/stm32f7xx_hal_pwr_ex.c ****     *** FLASH Power Down configuration ****
  98:Drivers/STM32F7xx_HAL_Driver/Src/stm32f7xx_hal_pwr_ex.c ****     =======================================
  99:Drivers/STM32F7xx_HAL_Driver/Src/stm32f7xx_hal_pwr_ex.c ****     [..] 
 100:Drivers/STM32F7xx_HAL_Driver/Src/stm32f7xx_hal_pwr_ex.c ****       (+) By setting the FPDS bit in the PWR_CR register by using the 
 101:Drivers/STM32F7xx_HAL_Driver/Src/stm32f7xx_hal_pwr_ex.c ****           HAL_PWREx_EnableFlashPowerDown() function, the Flash memory also enters power 
 102:Drivers/STM32F7xx_HAL_Driver/Src/stm32f7xx_hal_pwr_ex.c ****           down mode when the device enters Stop mode. When the Flash memory 
 103:Drivers/STM32F7xx_HAL_Driver/Src/stm32f7xx_hal_pwr_ex.c ****           is in power down mode, an additional startup delay is incurred when 
 104:Drivers/STM32F7xx_HAL_Driver/Src/stm32f7xx_hal_pwr_ex.c ****           waking up from Stop mode.
 105:Drivers/STM32F7xx_HAL_Driver/Src/stm32f7xx_hal_pwr_ex.c **** 
 106:Drivers/STM32F7xx_HAL_Driver/Src/stm32f7xx_hal_pwr_ex.c ****     *** Over-Drive and Under-Drive configuration ****
 107:Drivers/STM32F7xx_HAL_Driver/Src/stm32f7xx_hal_pwr_ex.c ****     =================================================
 108:Drivers/STM32F7xx_HAL_Driver/Src/stm32f7xx_hal_pwr_ex.c ****     [..]         
 109:Drivers/STM32F7xx_HAL_Driver/Src/stm32f7xx_hal_pwr_ex.c ****        (+) In Run mode: the main regulator has 2 operating modes available:
 110:Drivers/STM32F7xx_HAL_Driver/Src/stm32f7xx_hal_pwr_ex.c ****         (++) Normal mode: The CPU and core logic operate at maximum frequency at a given 
 111:Drivers/STM32F7xx_HAL_Driver/Src/stm32f7xx_hal_pwr_ex.c ****              voltage scaling (scale 1, scale 2 or scale 3)
 112:Drivers/STM32F7xx_HAL_Driver/Src/stm32f7xx_hal_pwr_ex.c ****         (++) Over-drive mode: This mode allows the CPU and the core logic to operate at a 
 113:Drivers/STM32F7xx_HAL_Driver/Src/stm32f7xx_hal_pwr_ex.c ****             higher frequency than the normal mode for a given voltage scaling (scale 1,  
 114:Drivers/STM32F7xx_HAL_Driver/Src/stm32f7xx_hal_pwr_ex.c ****             scale 2 or scale 3). This mode is enabled through HAL_PWREx_EnableOverDrive() function 
 115:Drivers/STM32F7xx_HAL_Driver/Src/stm32f7xx_hal_pwr_ex.c ****             disabled by HAL_PWREx_DisableOverDrive() function, to enter or exit from Over-drive mod
 116:Drivers/STM32F7xx_HAL_Driver/Src/stm32f7xx_hal_pwr_ex.c ****             the sequence described in Reference manual.
 117:Drivers/STM32F7xx_HAL_Driver/Src/stm32f7xx_hal_pwr_ex.c ****              
 118:Drivers/STM32F7xx_HAL_Driver/Src/stm32f7xx_hal_pwr_ex.c ****        (+) In Stop mode: the main regulator or low power regulator supplies a low power 
 119:Drivers/STM32F7xx_HAL_Driver/Src/stm32f7xx_hal_pwr_ex.c ****            voltage to the 1.2V domain, thus preserving the content of registers 
 120:Drivers/STM32F7xx_HAL_Driver/Src/stm32f7xx_hal_pwr_ex.c ****            and internal SRAM. 2 operating modes are available:
 121:Drivers/STM32F7xx_HAL_Driver/Src/stm32f7xx_hal_pwr_ex.c ****          (++) Normal mode: the 1.2V domain is preserved in nominal leakage mode. This mode is only 
 122:Drivers/STM32F7xx_HAL_Driver/Src/stm32f7xx_hal_pwr_ex.c ****               available when the main regulator or the low power regulator is used in Scale 3 or 
 123:Drivers/STM32F7xx_HAL_Driver/Src/stm32f7xx_hal_pwr_ex.c ****               low voltage mode.
 124:Drivers/STM32F7xx_HAL_Driver/Src/stm32f7xx_hal_pwr_ex.c ****          (++) Under-drive mode: the 1.2V domain is preserved in reduced leakage mode. This mode is 
 125:Drivers/STM32F7xx_HAL_Driver/Src/stm32f7xx_hal_pwr_ex.c ****               available when the main regulator or the low power regulator is in low voltage mode.
 126:Drivers/STM32F7xx_HAL_Driver/Src/stm32f7xx_hal_pwr_ex.c **** 
 127:Drivers/STM32F7xx_HAL_Driver/Src/stm32f7xx_hal_pwr_ex.c **** @endverbatim
 128:Drivers/STM32F7xx_HAL_Driver/Src/stm32f7xx_hal_pwr_ex.c ****   * @{
 129:Drivers/STM32F7xx_HAL_Driver/Src/stm32f7xx_hal_pwr_ex.c ****   */
 130:Drivers/STM32F7xx_HAL_Driver/Src/stm32f7xx_hal_pwr_ex.c **** 
 131:Drivers/STM32F7xx_HAL_Driver/Src/stm32f7xx_hal_pwr_ex.c **** /**
 132:Drivers/STM32F7xx_HAL_Driver/Src/stm32f7xx_hal_pwr_ex.c ****   * @brief Enables the Backup Regulator.
 133:Drivers/STM32F7xx_HAL_Driver/Src/stm32f7xx_hal_pwr_ex.c ****   * @retval HAL status
 134:Drivers/STM32F7xx_HAL_Driver/Src/stm32f7xx_hal_pwr_ex.c ****   */
 135:Drivers/STM32F7xx_HAL_Driver/Src/stm32f7xx_hal_pwr_ex.c **** HAL_StatusTypeDef HAL_PWREx_EnableBkUpReg(void)
 136:Drivers/STM32F7xx_HAL_Driver/Src/stm32f7xx_hal_pwr_ex.c **** {
  28              		.loc 1 136 0
  29              		.cfi_startproc
  30              		@ args = 0, pretend = 0, frame = 0
  31              		@ frame_needed = 0, uses_anonymous_args = 0
  32 0000 10B5     		push	{r4, lr}
  33              	.LCFI0:
  34              		.cfi_def_cfa_offset 8
  35              		.cfi_offset 4, -8
  36              		.cfi_offset 14, -4
ARM GAS  /tmp/ccUN6RYG.s 			page 4


  37              	.LVL0:
 137:Drivers/STM32F7xx_HAL_Driver/Src/stm32f7xx_hal_pwr_ex.c ****   uint32_t tickstart = 0;
 138:Drivers/STM32F7xx_HAL_Driver/Src/stm32f7xx_hal_pwr_ex.c **** 
 139:Drivers/STM32F7xx_HAL_Driver/Src/stm32f7xx_hal_pwr_ex.c ****   /* Enable Backup regulator */
 140:Drivers/STM32F7xx_HAL_Driver/Src/stm32f7xx_hal_pwr_ex.c ****   PWR->CSR1 |= PWR_CSR1_BRE;
  38              		.loc 1 140 0
  39 0002 0D4B     		ldr	r3, .L8
  40 0004 5A68     		ldr	r2, [r3, #4]
  41 0006 42F40072 		orr	r2, r2, #512
  42 000a 5A60     		str	r2, [r3, #4]
 141:Drivers/STM32F7xx_HAL_Driver/Src/stm32f7xx_hal_pwr_ex.c ****     
 142:Drivers/STM32F7xx_HAL_Driver/Src/stm32f7xx_hal_pwr_ex.c ****   /* Workaround for the following hardware bug: */
 143:Drivers/STM32F7xx_HAL_Driver/Src/stm32f7xx_hal_pwr_ex.c ****   /* Id 19: PWR : No STANDBY wake-up when Back-up RAM enabled (ref. Errata Sheet p23) */
 144:Drivers/STM32F7xx_HAL_Driver/Src/stm32f7xx_hal_pwr_ex.c ****   PWR->CSR1 |= PWR_CSR1_EIWUP;
  43              		.loc 1 144 0
  44 000c 5A68     		ldr	r2, [r3, #4]
  45 000e 42F48072 		orr	r2, r2, #256
  46 0012 5A60     		str	r2, [r3, #4]
 145:Drivers/STM32F7xx_HAL_Driver/Src/stm32f7xx_hal_pwr_ex.c **** 
 146:Drivers/STM32F7xx_HAL_Driver/Src/stm32f7xx_hal_pwr_ex.c ****   /* Get tick */
 147:Drivers/STM32F7xx_HAL_Driver/Src/stm32f7xx_hal_pwr_ex.c ****   tickstart = HAL_GetTick();
  47              		.loc 1 147 0
  48 0014 FFF7FEFF 		bl	HAL_GetTick
  49              	.LVL1:
  50 0018 0446     		mov	r4, r0
  51              	.LVL2:
  52              	.L2:
 148:Drivers/STM32F7xx_HAL_Driver/Src/stm32f7xx_hal_pwr_ex.c **** 
 149:Drivers/STM32F7xx_HAL_Driver/Src/stm32f7xx_hal_pwr_ex.c ****   /* Wait till Backup regulator ready flag is set */  
 150:Drivers/STM32F7xx_HAL_Driver/Src/stm32f7xx_hal_pwr_ex.c ****   while(__HAL_PWR_GET_FLAG(PWR_FLAG_BRR) == RESET)
  53              		.loc 1 150 0
  54 001a 074B     		ldr	r3, .L8
  55 001c 5B68     		ldr	r3, [r3, #4]
  56 001e 13F0080F 		tst	r3, #8
  57 0022 07D1     		bne	.L7
 151:Drivers/STM32F7xx_HAL_Driver/Src/stm32f7xx_hal_pwr_ex.c ****   {
 152:Drivers/STM32F7xx_HAL_Driver/Src/stm32f7xx_hal_pwr_ex.c ****     if((HAL_GetTick() - tickstart ) > PWR_BKPREG_TIMEOUT_VALUE)
  58              		.loc 1 152 0
  59 0024 FFF7FEFF 		bl	HAL_GetTick
  60              	.LVL3:
  61 0028 001B     		subs	r0, r0, r4
  62 002a B0F57A7F 		cmp	r0, #1000
  63 002e F4D9     		bls	.L2
 153:Drivers/STM32F7xx_HAL_Driver/Src/stm32f7xx_hal_pwr_ex.c ****     {
 154:Drivers/STM32F7xx_HAL_Driver/Src/stm32f7xx_hal_pwr_ex.c ****       return HAL_TIMEOUT;
  64              		.loc 1 154 0
  65 0030 0320     		movs	r0, #3
  66 0032 00E0     		b	.L3
  67              	.L7:
 155:Drivers/STM32F7xx_HAL_Driver/Src/stm32f7xx_hal_pwr_ex.c ****     } 
 156:Drivers/STM32F7xx_HAL_Driver/Src/stm32f7xx_hal_pwr_ex.c ****   }
 157:Drivers/STM32F7xx_HAL_Driver/Src/stm32f7xx_hal_pwr_ex.c ****   return HAL_OK;
  68              		.loc 1 157 0
  69 0034 0020     		movs	r0, #0
  70              	.L3:
 158:Drivers/STM32F7xx_HAL_Driver/Src/stm32f7xx_hal_pwr_ex.c **** }
  71              		.loc 1 158 0
ARM GAS  /tmp/ccUN6RYG.s 			page 5


  72 0036 10BD     		pop	{r4, pc}
  73              	.LVL4:
  74              	.L9:
  75              		.align	2
  76              	.L8:
  77 0038 00700040 		.word	1073770496
  78              		.cfi_endproc
  79              	.LFE141:
  81              		.section	.text.HAL_PWREx_DisableBkUpReg,"ax",%progbits
  82              		.align	1
  83              		.global	HAL_PWREx_DisableBkUpReg
  84              		.syntax unified
  85              		.thumb
  86              		.thumb_func
  87              		.fpu fpv5-sp-d16
  89              	HAL_PWREx_DisableBkUpReg:
  90              	.LFB142:
 159:Drivers/STM32F7xx_HAL_Driver/Src/stm32f7xx_hal_pwr_ex.c **** 
 160:Drivers/STM32F7xx_HAL_Driver/Src/stm32f7xx_hal_pwr_ex.c **** /**
 161:Drivers/STM32F7xx_HAL_Driver/Src/stm32f7xx_hal_pwr_ex.c ****   * @brief Disables the Backup Regulator.
 162:Drivers/STM32F7xx_HAL_Driver/Src/stm32f7xx_hal_pwr_ex.c ****   * @retval HAL status
 163:Drivers/STM32F7xx_HAL_Driver/Src/stm32f7xx_hal_pwr_ex.c ****   */
 164:Drivers/STM32F7xx_HAL_Driver/Src/stm32f7xx_hal_pwr_ex.c **** HAL_StatusTypeDef HAL_PWREx_DisableBkUpReg(void)
 165:Drivers/STM32F7xx_HAL_Driver/Src/stm32f7xx_hal_pwr_ex.c **** {
  91              		.loc 1 165 0
  92              		.cfi_startproc
  93              		@ args = 0, pretend = 0, frame = 0
  94              		@ frame_needed = 0, uses_anonymous_args = 0
  95 0000 10B5     		push	{r4, lr}
  96              	.LCFI1:
  97              		.cfi_def_cfa_offset 8
  98              		.cfi_offset 4, -8
  99              		.cfi_offset 14, -4
 100              	.LVL5:
 166:Drivers/STM32F7xx_HAL_Driver/Src/stm32f7xx_hal_pwr_ex.c ****   uint32_t tickstart = 0;
 167:Drivers/STM32F7xx_HAL_Driver/Src/stm32f7xx_hal_pwr_ex.c ****   
 168:Drivers/STM32F7xx_HAL_Driver/Src/stm32f7xx_hal_pwr_ex.c ****   /* Disable Backup regulator */
 169:Drivers/STM32F7xx_HAL_Driver/Src/stm32f7xx_hal_pwr_ex.c ****   PWR->CSR1 &= (uint32_t)~((uint32_t)PWR_CSR1_BRE);
 101              		.loc 1 169 0
 102 0002 0D4B     		ldr	r3, .L17
 103 0004 5A68     		ldr	r2, [r3, #4]
 104 0006 22F40072 		bic	r2, r2, #512
 105 000a 5A60     		str	r2, [r3, #4]
 170:Drivers/STM32F7xx_HAL_Driver/Src/stm32f7xx_hal_pwr_ex.c ****   
 171:Drivers/STM32F7xx_HAL_Driver/Src/stm32f7xx_hal_pwr_ex.c ****   /* Workaround for the following hardware bug: */
 172:Drivers/STM32F7xx_HAL_Driver/Src/stm32f7xx_hal_pwr_ex.c ****   /* Id 19: PWR : No STANDBY wake-up when Back-up RAM enabled (ref. Errata Sheet p23) */
 173:Drivers/STM32F7xx_HAL_Driver/Src/stm32f7xx_hal_pwr_ex.c ****   PWR->CSR1 |= PWR_CSR1_EIWUP;
 106              		.loc 1 173 0
 107 000c 5A68     		ldr	r2, [r3, #4]
 108 000e 42F48072 		orr	r2, r2, #256
 109 0012 5A60     		str	r2, [r3, #4]
 174:Drivers/STM32F7xx_HAL_Driver/Src/stm32f7xx_hal_pwr_ex.c **** 
 175:Drivers/STM32F7xx_HAL_Driver/Src/stm32f7xx_hal_pwr_ex.c ****   /* Get tick */
 176:Drivers/STM32F7xx_HAL_Driver/Src/stm32f7xx_hal_pwr_ex.c ****   tickstart = HAL_GetTick();
 110              		.loc 1 176 0
 111 0014 FFF7FEFF 		bl	HAL_GetTick
 112              	.LVL6:
ARM GAS  /tmp/ccUN6RYG.s 			page 6


 113 0018 0446     		mov	r4, r0
 114              	.LVL7:
 115              	.L11:
 177:Drivers/STM32F7xx_HAL_Driver/Src/stm32f7xx_hal_pwr_ex.c **** 
 178:Drivers/STM32F7xx_HAL_Driver/Src/stm32f7xx_hal_pwr_ex.c ****   /* Wait till Backup regulator ready flag is set */  
 179:Drivers/STM32F7xx_HAL_Driver/Src/stm32f7xx_hal_pwr_ex.c ****   while(__HAL_PWR_GET_FLAG(PWR_FLAG_BRR) != RESET)
 116              		.loc 1 179 0
 117 001a 074B     		ldr	r3, .L17
 118 001c 5B68     		ldr	r3, [r3, #4]
 119 001e 13F0080F 		tst	r3, #8
 120 0022 07D0     		beq	.L16
 180:Drivers/STM32F7xx_HAL_Driver/Src/stm32f7xx_hal_pwr_ex.c ****   {
 181:Drivers/STM32F7xx_HAL_Driver/Src/stm32f7xx_hal_pwr_ex.c ****     if((HAL_GetTick() - tickstart ) > PWR_BKPREG_TIMEOUT_VALUE)
 121              		.loc 1 181 0
 122 0024 FFF7FEFF 		bl	HAL_GetTick
 123              	.LVL8:
 124 0028 001B     		subs	r0, r0, r4
 125 002a B0F57A7F 		cmp	r0, #1000
 126 002e F4D9     		bls	.L11
 182:Drivers/STM32F7xx_HAL_Driver/Src/stm32f7xx_hal_pwr_ex.c ****     {
 183:Drivers/STM32F7xx_HAL_Driver/Src/stm32f7xx_hal_pwr_ex.c ****       return HAL_TIMEOUT;
 127              		.loc 1 183 0
 128 0030 0320     		movs	r0, #3
 129 0032 00E0     		b	.L12
 130              	.L16:
 184:Drivers/STM32F7xx_HAL_Driver/Src/stm32f7xx_hal_pwr_ex.c ****     } 
 185:Drivers/STM32F7xx_HAL_Driver/Src/stm32f7xx_hal_pwr_ex.c ****   }
 186:Drivers/STM32F7xx_HAL_Driver/Src/stm32f7xx_hal_pwr_ex.c ****   return HAL_OK;
 131              		.loc 1 186 0
 132 0034 0020     		movs	r0, #0
 133              	.L12:
 187:Drivers/STM32F7xx_HAL_Driver/Src/stm32f7xx_hal_pwr_ex.c **** }
 134              		.loc 1 187 0
 135 0036 10BD     		pop	{r4, pc}
 136              	.LVL9:
 137              	.L18:
 138              		.align	2
 139              	.L17:
 140 0038 00700040 		.word	1073770496
 141              		.cfi_endproc
 142              	.LFE142:
 144              		.section	.text.HAL_PWREx_EnableFlashPowerDown,"ax",%progbits
 145              		.align	1
 146              		.global	HAL_PWREx_EnableFlashPowerDown
 147              		.syntax unified
 148              		.thumb
 149              		.thumb_func
 150              		.fpu fpv5-sp-d16
 152              	HAL_PWREx_EnableFlashPowerDown:
 153              	.LFB143:
 188:Drivers/STM32F7xx_HAL_Driver/Src/stm32f7xx_hal_pwr_ex.c **** 
 189:Drivers/STM32F7xx_HAL_Driver/Src/stm32f7xx_hal_pwr_ex.c **** /**
 190:Drivers/STM32F7xx_HAL_Driver/Src/stm32f7xx_hal_pwr_ex.c ****   * @brief Enables the Flash Power Down in Stop mode.
 191:Drivers/STM32F7xx_HAL_Driver/Src/stm32f7xx_hal_pwr_ex.c ****   * @retval None
 192:Drivers/STM32F7xx_HAL_Driver/Src/stm32f7xx_hal_pwr_ex.c ****   */
 193:Drivers/STM32F7xx_HAL_Driver/Src/stm32f7xx_hal_pwr_ex.c **** void HAL_PWREx_EnableFlashPowerDown(void)
 194:Drivers/STM32F7xx_HAL_Driver/Src/stm32f7xx_hal_pwr_ex.c **** {
ARM GAS  /tmp/ccUN6RYG.s 			page 7


 154              		.loc 1 194 0
 155              		.cfi_startproc
 156              		@ args = 0, pretend = 0, frame = 0
 157              		@ frame_needed = 0, uses_anonymous_args = 0
 158              		@ link register save eliminated.
 195:Drivers/STM32F7xx_HAL_Driver/Src/stm32f7xx_hal_pwr_ex.c ****   /* Enable the Flash Power Down */
 196:Drivers/STM32F7xx_HAL_Driver/Src/stm32f7xx_hal_pwr_ex.c ****   PWR->CR1 |= PWR_CR1_FPDS;
 159              		.loc 1 196 0
 160 0000 024A     		ldr	r2, .L20
 161 0002 1368     		ldr	r3, [r2]
 162 0004 43F40073 		orr	r3, r3, #512
 163 0008 1360     		str	r3, [r2]
 197:Drivers/STM32F7xx_HAL_Driver/Src/stm32f7xx_hal_pwr_ex.c **** }
 164              		.loc 1 197 0
 165 000a 7047     		bx	lr
 166              	.L21:
 167              		.align	2
 168              	.L20:
 169 000c 00700040 		.word	1073770496
 170              		.cfi_endproc
 171              	.LFE143:
 173              		.section	.text.HAL_PWREx_DisableFlashPowerDown,"ax",%progbits
 174              		.align	1
 175              		.global	HAL_PWREx_DisableFlashPowerDown
 176              		.syntax unified
 177              		.thumb
 178              		.thumb_func
 179              		.fpu fpv5-sp-d16
 181              	HAL_PWREx_DisableFlashPowerDown:
 182              	.LFB144:
 198:Drivers/STM32F7xx_HAL_Driver/Src/stm32f7xx_hal_pwr_ex.c **** 
 199:Drivers/STM32F7xx_HAL_Driver/Src/stm32f7xx_hal_pwr_ex.c **** /**
 200:Drivers/STM32F7xx_HAL_Driver/Src/stm32f7xx_hal_pwr_ex.c ****   * @brief Disables the Flash Power Down in Stop mode.
 201:Drivers/STM32F7xx_HAL_Driver/Src/stm32f7xx_hal_pwr_ex.c ****   * @retval None
 202:Drivers/STM32F7xx_HAL_Driver/Src/stm32f7xx_hal_pwr_ex.c ****   */
 203:Drivers/STM32F7xx_HAL_Driver/Src/stm32f7xx_hal_pwr_ex.c **** void HAL_PWREx_DisableFlashPowerDown(void)
 204:Drivers/STM32F7xx_HAL_Driver/Src/stm32f7xx_hal_pwr_ex.c **** {
 183              		.loc 1 204 0
 184              		.cfi_startproc
 185              		@ args = 0, pretend = 0, frame = 0
 186              		@ frame_needed = 0, uses_anonymous_args = 0
 187              		@ link register save eliminated.
 205:Drivers/STM32F7xx_HAL_Driver/Src/stm32f7xx_hal_pwr_ex.c ****   /* Disable the Flash Power Down */
 206:Drivers/STM32F7xx_HAL_Driver/Src/stm32f7xx_hal_pwr_ex.c ****   PWR->CR1 &= (uint32_t)~((uint32_t)PWR_CR1_FPDS);
 188              		.loc 1 206 0
 189 0000 024A     		ldr	r2, .L23
 190 0002 1368     		ldr	r3, [r2]
 191 0004 23F40073 		bic	r3, r3, #512
 192 0008 1360     		str	r3, [r2]
 207:Drivers/STM32F7xx_HAL_Driver/Src/stm32f7xx_hal_pwr_ex.c **** }
 193              		.loc 1 207 0
 194 000a 7047     		bx	lr
 195              	.L24:
 196              		.align	2
 197              	.L23:
 198 000c 00700040 		.word	1073770496
 199              		.cfi_endproc
ARM GAS  /tmp/ccUN6RYG.s 			page 8


 200              	.LFE144:
 202              		.section	.text.HAL_PWREx_EnableMainRegulatorLowVoltage,"ax",%progbits
 203              		.align	1
 204              		.global	HAL_PWREx_EnableMainRegulatorLowVoltage
 205              		.syntax unified
 206              		.thumb
 207              		.thumb_func
 208              		.fpu fpv5-sp-d16
 210              	HAL_PWREx_EnableMainRegulatorLowVoltage:
 211              	.LFB145:
 208:Drivers/STM32F7xx_HAL_Driver/Src/stm32f7xx_hal_pwr_ex.c **** 
 209:Drivers/STM32F7xx_HAL_Driver/Src/stm32f7xx_hal_pwr_ex.c **** /**
 210:Drivers/STM32F7xx_HAL_Driver/Src/stm32f7xx_hal_pwr_ex.c ****   * @brief Enables Main Regulator low voltage mode.
 211:Drivers/STM32F7xx_HAL_Driver/Src/stm32f7xx_hal_pwr_ex.c ****   * @retval None
 212:Drivers/STM32F7xx_HAL_Driver/Src/stm32f7xx_hal_pwr_ex.c ****   */
 213:Drivers/STM32F7xx_HAL_Driver/Src/stm32f7xx_hal_pwr_ex.c **** void HAL_PWREx_EnableMainRegulatorLowVoltage(void)
 214:Drivers/STM32F7xx_HAL_Driver/Src/stm32f7xx_hal_pwr_ex.c **** {
 212              		.loc 1 214 0
 213              		.cfi_startproc
 214              		@ args = 0, pretend = 0, frame = 0
 215              		@ frame_needed = 0, uses_anonymous_args = 0
 216              		@ link register save eliminated.
 215:Drivers/STM32F7xx_HAL_Driver/Src/stm32f7xx_hal_pwr_ex.c ****   /* Enable Main regulator low voltage */
 216:Drivers/STM32F7xx_HAL_Driver/Src/stm32f7xx_hal_pwr_ex.c ****   PWR->CR1 |= PWR_CR1_MRUDS;
 217              		.loc 1 216 0
 218 0000 024A     		ldr	r2, .L26
 219 0002 1368     		ldr	r3, [r2]
 220 0004 43F40063 		orr	r3, r3, #2048
 221 0008 1360     		str	r3, [r2]
 217:Drivers/STM32F7xx_HAL_Driver/Src/stm32f7xx_hal_pwr_ex.c **** }
 222              		.loc 1 217 0
 223 000a 7047     		bx	lr
 224              	.L27:
 225              		.align	2
 226              	.L26:
 227 000c 00700040 		.word	1073770496
 228              		.cfi_endproc
 229              	.LFE145:
 231              		.section	.text.HAL_PWREx_DisableMainRegulatorLowVoltage,"ax",%progbits
 232              		.align	1
 233              		.global	HAL_PWREx_DisableMainRegulatorLowVoltage
 234              		.syntax unified
 235              		.thumb
 236              		.thumb_func
 237              		.fpu fpv5-sp-d16
 239              	HAL_PWREx_DisableMainRegulatorLowVoltage:
 240              	.LFB146:
 218:Drivers/STM32F7xx_HAL_Driver/Src/stm32f7xx_hal_pwr_ex.c **** 
 219:Drivers/STM32F7xx_HAL_Driver/Src/stm32f7xx_hal_pwr_ex.c **** /**
 220:Drivers/STM32F7xx_HAL_Driver/Src/stm32f7xx_hal_pwr_ex.c ****   * @brief Disables Main Regulator low voltage mode.
 221:Drivers/STM32F7xx_HAL_Driver/Src/stm32f7xx_hal_pwr_ex.c ****   * @retval None
 222:Drivers/STM32F7xx_HAL_Driver/Src/stm32f7xx_hal_pwr_ex.c ****   */
 223:Drivers/STM32F7xx_HAL_Driver/Src/stm32f7xx_hal_pwr_ex.c **** void HAL_PWREx_DisableMainRegulatorLowVoltage(void)
 224:Drivers/STM32F7xx_HAL_Driver/Src/stm32f7xx_hal_pwr_ex.c **** {  
 241              		.loc 1 224 0
 242              		.cfi_startproc
 243              		@ args = 0, pretend = 0, frame = 0
ARM GAS  /tmp/ccUN6RYG.s 			page 9


 244              		@ frame_needed = 0, uses_anonymous_args = 0
 245              		@ link register save eliminated.
 225:Drivers/STM32F7xx_HAL_Driver/Src/stm32f7xx_hal_pwr_ex.c ****   /* Disable Main regulator low voltage */
 226:Drivers/STM32F7xx_HAL_Driver/Src/stm32f7xx_hal_pwr_ex.c ****   PWR->CR1 &= (uint32_t)~((uint32_t)PWR_CR1_MRUDS);
 246              		.loc 1 226 0
 247 0000 024A     		ldr	r2, .L29
 248 0002 1368     		ldr	r3, [r2]
 249 0004 23F40063 		bic	r3, r3, #2048
 250 0008 1360     		str	r3, [r2]
 227:Drivers/STM32F7xx_HAL_Driver/Src/stm32f7xx_hal_pwr_ex.c **** }
 251              		.loc 1 227 0
 252 000a 7047     		bx	lr
 253              	.L30:
 254              		.align	2
 255              	.L29:
 256 000c 00700040 		.word	1073770496
 257              		.cfi_endproc
 258              	.LFE146:
 260              		.section	.text.HAL_PWREx_EnableLowRegulatorLowVoltage,"ax",%progbits
 261              		.align	1
 262              		.global	HAL_PWREx_EnableLowRegulatorLowVoltage
 263              		.syntax unified
 264              		.thumb
 265              		.thumb_func
 266              		.fpu fpv5-sp-d16
 268              	HAL_PWREx_EnableLowRegulatorLowVoltage:
 269              	.LFB147:
 228:Drivers/STM32F7xx_HAL_Driver/Src/stm32f7xx_hal_pwr_ex.c **** 
 229:Drivers/STM32F7xx_HAL_Driver/Src/stm32f7xx_hal_pwr_ex.c **** /**
 230:Drivers/STM32F7xx_HAL_Driver/Src/stm32f7xx_hal_pwr_ex.c ****   * @brief Enables Low Power Regulator low voltage mode.
 231:Drivers/STM32F7xx_HAL_Driver/Src/stm32f7xx_hal_pwr_ex.c ****   * @retval None
 232:Drivers/STM32F7xx_HAL_Driver/Src/stm32f7xx_hal_pwr_ex.c ****   */
 233:Drivers/STM32F7xx_HAL_Driver/Src/stm32f7xx_hal_pwr_ex.c **** void HAL_PWREx_EnableLowRegulatorLowVoltage(void)
 234:Drivers/STM32F7xx_HAL_Driver/Src/stm32f7xx_hal_pwr_ex.c **** {
 270              		.loc 1 234 0
 271              		.cfi_startproc
 272              		@ args = 0, pretend = 0, frame = 0
 273              		@ frame_needed = 0, uses_anonymous_args = 0
 274              		@ link register save eliminated.
 235:Drivers/STM32F7xx_HAL_Driver/Src/stm32f7xx_hal_pwr_ex.c ****   /* Enable low power regulator */
 236:Drivers/STM32F7xx_HAL_Driver/Src/stm32f7xx_hal_pwr_ex.c ****   PWR->CR1 |= PWR_CR1_LPUDS;
 275              		.loc 1 236 0
 276 0000 024A     		ldr	r2, .L32
 277 0002 1368     		ldr	r3, [r2]
 278 0004 43F48063 		orr	r3, r3, #1024
 279 0008 1360     		str	r3, [r2]
 237:Drivers/STM32F7xx_HAL_Driver/Src/stm32f7xx_hal_pwr_ex.c **** }
 280              		.loc 1 237 0
 281 000a 7047     		bx	lr
 282              	.L33:
 283              		.align	2
 284              	.L32:
 285 000c 00700040 		.word	1073770496
 286              		.cfi_endproc
 287              	.LFE147:
 289              		.section	.text.HAL_PWREx_DisableLowRegulatorLowVoltage,"ax",%progbits
 290              		.align	1
ARM GAS  /tmp/ccUN6RYG.s 			page 10


 291              		.global	HAL_PWREx_DisableLowRegulatorLowVoltage
 292              		.syntax unified
 293              		.thumb
 294              		.thumb_func
 295              		.fpu fpv5-sp-d16
 297              	HAL_PWREx_DisableLowRegulatorLowVoltage:
 298              	.LFB148:
 238:Drivers/STM32F7xx_HAL_Driver/Src/stm32f7xx_hal_pwr_ex.c **** 
 239:Drivers/STM32F7xx_HAL_Driver/Src/stm32f7xx_hal_pwr_ex.c **** /**
 240:Drivers/STM32F7xx_HAL_Driver/Src/stm32f7xx_hal_pwr_ex.c ****   * @brief Disables Low Power Regulator low voltage mode.
 241:Drivers/STM32F7xx_HAL_Driver/Src/stm32f7xx_hal_pwr_ex.c ****   * @retval None
 242:Drivers/STM32F7xx_HAL_Driver/Src/stm32f7xx_hal_pwr_ex.c ****   */
 243:Drivers/STM32F7xx_HAL_Driver/Src/stm32f7xx_hal_pwr_ex.c **** void HAL_PWREx_DisableLowRegulatorLowVoltage(void)
 244:Drivers/STM32F7xx_HAL_Driver/Src/stm32f7xx_hal_pwr_ex.c **** {
 299              		.loc 1 244 0
 300              		.cfi_startproc
 301              		@ args = 0, pretend = 0, frame = 0
 302              		@ frame_needed = 0, uses_anonymous_args = 0
 303              		@ link register save eliminated.
 245:Drivers/STM32F7xx_HAL_Driver/Src/stm32f7xx_hal_pwr_ex.c ****   /* Disable low power regulator */
 246:Drivers/STM32F7xx_HAL_Driver/Src/stm32f7xx_hal_pwr_ex.c ****   PWR->CR1 &= (uint32_t)~((uint32_t)PWR_CR1_LPUDS);
 304              		.loc 1 246 0
 305 0000 024A     		ldr	r2, .L35
 306 0002 1368     		ldr	r3, [r2]
 307 0004 23F48063 		bic	r3, r3, #1024
 308 0008 1360     		str	r3, [r2]
 247:Drivers/STM32F7xx_HAL_Driver/Src/stm32f7xx_hal_pwr_ex.c **** }
 309              		.loc 1 247 0
 310 000a 7047     		bx	lr
 311              	.L36:
 312              		.align	2
 313              	.L35:
 314 000c 00700040 		.word	1073770496
 315              		.cfi_endproc
 316              	.LFE148:
 318              		.section	.text.HAL_PWREx_EnableOverDrive,"ax",%progbits
 319              		.align	1
 320              		.global	HAL_PWREx_EnableOverDrive
 321              		.syntax unified
 322              		.thumb
 323              		.thumb_func
 324              		.fpu fpv5-sp-d16
 326              	HAL_PWREx_EnableOverDrive:
 327              	.LFB149:
 248:Drivers/STM32F7xx_HAL_Driver/Src/stm32f7xx_hal_pwr_ex.c **** 
 249:Drivers/STM32F7xx_HAL_Driver/Src/stm32f7xx_hal_pwr_ex.c **** /**
 250:Drivers/STM32F7xx_HAL_Driver/Src/stm32f7xx_hal_pwr_ex.c ****   * @brief  Activates the Over-Drive mode.
 251:Drivers/STM32F7xx_HAL_Driver/Src/stm32f7xx_hal_pwr_ex.c ****   * @note   This mode allows the CPU and the core logic to operate at a higher frequency
 252:Drivers/STM32F7xx_HAL_Driver/Src/stm32f7xx_hal_pwr_ex.c ****   *         than the normal mode for a given voltage scaling (scale 1, scale 2 or scale 3).   
 253:Drivers/STM32F7xx_HAL_Driver/Src/stm32f7xx_hal_pwr_ex.c ****   * @note   It is recommended to enter or exit Over-drive mode when the application is not running 
 254:Drivers/STM32F7xx_HAL_Driver/Src/stm32f7xx_hal_pwr_ex.c ****   *         critical tasks and when the system clock source is either HSI or HSE. 
 255:Drivers/STM32F7xx_HAL_Driver/Src/stm32f7xx_hal_pwr_ex.c ****   *         During the Over-drive switch activation, no peripheral clocks should be enabled.   
 256:Drivers/STM32F7xx_HAL_Driver/Src/stm32f7xx_hal_pwr_ex.c ****   *         The peripheral clocks must be enabled once the Over-drive mode is activated.   
 257:Drivers/STM32F7xx_HAL_Driver/Src/stm32f7xx_hal_pwr_ex.c ****   * @retval HAL status
 258:Drivers/STM32F7xx_HAL_Driver/Src/stm32f7xx_hal_pwr_ex.c ****   */
 259:Drivers/STM32F7xx_HAL_Driver/Src/stm32f7xx_hal_pwr_ex.c **** HAL_StatusTypeDef HAL_PWREx_EnableOverDrive(void)
 260:Drivers/STM32F7xx_HAL_Driver/Src/stm32f7xx_hal_pwr_ex.c **** {
ARM GAS  /tmp/ccUN6RYG.s 			page 11


 328              		.loc 1 260 0
 329              		.cfi_startproc
 330              		@ args = 0, pretend = 0, frame = 8
 331              		@ frame_needed = 0, uses_anonymous_args = 0
 332 0000 10B5     		push	{r4, lr}
 333              	.LCFI2:
 334              		.cfi_def_cfa_offset 8
 335              		.cfi_offset 4, -8
 336              		.cfi_offset 14, -4
 337 0002 82B0     		sub	sp, sp, #8
 338              	.LCFI3:
 339              		.cfi_def_cfa_offset 16
 340              	.LVL10:
 341              	.LBB2:
 261:Drivers/STM32F7xx_HAL_Driver/Src/stm32f7xx_hal_pwr_ex.c ****   uint32_t tickstart = 0;
 262:Drivers/STM32F7xx_HAL_Driver/Src/stm32f7xx_hal_pwr_ex.c **** 
 263:Drivers/STM32F7xx_HAL_Driver/Src/stm32f7xx_hal_pwr_ex.c ****   __HAL_RCC_PWR_CLK_ENABLE();
 342              		.loc 1 263 0
 343 0004 1B4B     		ldr	r3, .L48
 344 0006 1A6C     		ldr	r2, [r3, #64]
 345 0008 42F08052 		orr	r2, r2, #268435456
 346 000c 1A64     		str	r2, [r3, #64]
 347 000e 1B6C     		ldr	r3, [r3, #64]
 348 0010 03F08053 		and	r3, r3, #268435456
 349 0014 0193     		str	r3, [sp, #4]
 350 0016 019B     		ldr	r3, [sp, #4]
 351              	.LBE2:
 264:Drivers/STM32F7xx_HAL_Driver/Src/stm32f7xx_hal_pwr_ex.c ****   
 265:Drivers/STM32F7xx_HAL_Driver/Src/stm32f7xx_hal_pwr_ex.c ****   /* Enable the Over-drive to extend the clock frequency to 216 MHz */
 266:Drivers/STM32F7xx_HAL_Driver/Src/stm32f7xx_hal_pwr_ex.c ****   __HAL_PWR_OVERDRIVE_ENABLE();
 352              		.loc 1 266 0
 353 0018 174A     		ldr	r2, .L48+4
 354 001a 1368     		ldr	r3, [r2]
 355 001c 43F48033 		orr	r3, r3, #65536
 356 0020 1360     		str	r3, [r2]
 267:Drivers/STM32F7xx_HAL_Driver/Src/stm32f7xx_hal_pwr_ex.c **** 
 268:Drivers/STM32F7xx_HAL_Driver/Src/stm32f7xx_hal_pwr_ex.c ****   /* Get tick */
 269:Drivers/STM32F7xx_HAL_Driver/Src/stm32f7xx_hal_pwr_ex.c ****   tickstart = HAL_GetTick();
 357              		.loc 1 269 0
 358 0022 FFF7FEFF 		bl	HAL_GetTick
 359              	.LVL11:
 360 0026 0446     		mov	r4, r0
 361              	.LVL12:
 362              	.L38:
 270:Drivers/STM32F7xx_HAL_Driver/Src/stm32f7xx_hal_pwr_ex.c **** 
 271:Drivers/STM32F7xx_HAL_Driver/Src/stm32f7xx_hal_pwr_ex.c ****   while(!__HAL_PWR_GET_FLAG(PWR_FLAG_ODRDY))
 363              		.loc 1 271 0
 364 0028 134B     		ldr	r3, .L48+4
 365 002a 5B68     		ldr	r3, [r3, #4]
 366 002c 13F4803F 		tst	r3, #65536
 367 0030 08D1     		bne	.L46
 272:Drivers/STM32F7xx_HAL_Driver/Src/stm32f7xx_hal_pwr_ex.c ****   {
 273:Drivers/STM32F7xx_HAL_Driver/Src/stm32f7xx_hal_pwr_ex.c ****     if((HAL_GetTick() - tickstart ) > PWR_OVERDRIVE_TIMEOUT_VALUE)
 368              		.loc 1 273 0
 369 0032 FFF7FEFF 		bl	HAL_GetTick
 370              	.LVL13:
 371 0036 001B     		subs	r0, r0, r4
ARM GAS  /tmp/ccUN6RYG.s 			page 12


 372 0038 B0F57A7F 		cmp	r0, #1000
 373 003c F4D9     		bls	.L38
 274:Drivers/STM32F7xx_HAL_Driver/Src/stm32f7xx_hal_pwr_ex.c ****     {
 275:Drivers/STM32F7xx_HAL_Driver/Src/stm32f7xx_hal_pwr_ex.c ****       return HAL_TIMEOUT;
 374              		.loc 1 275 0
 375 003e 0320     		movs	r0, #3
 376              	.L39:
 276:Drivers/STM32F7xx_HAL_Driver/Src/stm32f7xx_hal_pwr_ex.c ****     }
 277:Drivers/STM32F7xx_HAL_Driver/Src/stm32f7xx_hal_pwr_ex.c ****   }
 278:Drivers/STM32F7xx_HAL_Driver/Src/stm32f7xx_hal_pwr_ex.c ****   
 279:Drivers/STM32F7xx_HAL_Driver/Src/stm32f7xx_hal_pwr_ex.c ****   /* Enable the Over-drive switch */
 280:Drivers/STM32F7xx_HAL_Driver/Src/stm32f7xx_hal_pwr_ex.c ****   __HAL_PWR_OVERDRIVESWITCHING_ENABLE();
 281:Drivers/STM32F7xx_HAL_Driver/Src/stm32f7xx_hal_pwr_ex.c **** 
 282:Drivers/STM32F7xx_HAL_Driver/Src/stm32f7xx_hal_pwr_ex.c ****   /* Get tick */
 283:Drivers/STM32F7xx_HAL_Driver/Src/stm32f7xx_hal_pwr_ex.c ****   tickstart = HAL_GetTick();
 284:Drivers/STM32F7xx_HAL_Driver/Src/stm32f7xx_hal_pwr_ex.c **** 
 285:Drivers/STM32F7xx_HAL_Driver/Src/stm32f7xx_hal_pwr_ex.c ****   while(!__HAL_PWR_GET_FLAG(PWR_FLAG_ODSWRDY))
 286:Drivers/STM32F7xx_HAL_Driver/Src/stm32f7xx_hal_pwr_ex.c ****   {
 287:Drivers/STM32F7xx_HAL_Driver/Src/stm32f7xx_hal_pwr_ex.c ****     if((HAL_GetTick() - tickstart ) > PWR_OVERDRIVE_TIMEOUT_VALUE)
 288:Drivers/STM32F7xx_HAL_Driver/Src/stm32f7xx_hal_pwr_ex.c ****     {
 289:Drivers/STM32F7xx_HAL_Driver/Src/stm32f7xx_hal_pwr_ex.c ****       return HAL_TIMEOUT;
 290:Drivers/STM32F7xx_HAL_Driver/Src/stm32f7xx_hal_pwr_ex.c ****     }
 291:Drivers/STM32F7xx_HAL_Driver/Src/stm32f7xx_hal_pwr_ex.c ****   } 
 292:Drivers/STM32F7xx_HAL_Driver/Src/stm32f7xx_hal_pwr_ex.c ****   return HAL_OK;
 293:Drivers/STM32F7xx_HAL_Driver/Src/stm32f7xx_hal_pwr_ex.c **** }
 377              		.loc 1 293 0
 378 0040 02B0     		add	sp, sp, #8
 379              	.LCFI4:
 380              		.cfi_remember_state
 381              		.cfi_def_cfa_offset 8
 382              		@ sp needed
 383 0042 10BD     		pop	{r4, pc}
 384              	.LVL14:
 385              	.L46:
 386              	.LCFI5:
 387              		.cfi_restore_state
 280:Drivers/STM32F7xx_HAL_Driver/Src/stm32f7xx_hal_pwr_ex.c **** 
 388              		.loc 1 280 0
 389 0044 0C4A     		ldr	r2, .L48+4
 390 0046 1368     		ldr	r3, [r2]
 391 0048 43F40033 		orr	r3, r3, #131072
 392 004c 1360     		str	r3, [r2]
 283:Drivers/STM32F7xx_HAL_Driver/Src/stm32f7xx_hal_pwr_ex.c **** 
 393              		.loc 1 283 0
 394 004e FFF7FEFF 		bl	HAL_GetTick
 395              	.LVL15:
 396 0052 0446     		mov	r4, r0
 397              	.LVL16:
 398              	.L41:
 285:Drivers/STM32F7xx_HAL_Driver/Src/stm32f7xx_hal_pwr_ex.c ****   {
 399              		.loc 1 285 0
 400 0054 084B     		ldr	r3, .L48+4
 401 0056 5B68     		ldr	r3, [r3, #4]
 402 0058 13F4003F 		tst	r3, #131072
 403 005c 07D1     		bne	.L47
 287:Drivers/STM32F7xx_HAL_Driver/Src/stm32f7xx_hal_pwr_ex.c ****     {
 404              		.loc 1 287 0
ARM GAS  /tmp/ccUN6RYG.s 			page 13


 405 005e FFF7FEFF 		bl	HAL_GetTick
 406              	.LVL17:
 407 0062 001B     		subs	r0, r0, r4
 408 0064 B0F57A7F 		cmp	r0, #1000
 409 0068 F4D9     		bls	.L41
 289:Drivers/STM32F7xx_HAL_Driver/Src/stm32f7xx_hal_pwr_ex.c ****     }
 410              		.loc 1 289 0
 411 006a 0320     		movs	r0, #3
 412 006c E8E7     		b	.L39
 413              	.L47:
 292:Drivers/STM32F7xx_HAL_Driver/Src/stm32f7xx_hal_pwr_ex.c **** }
 414              		.loc 1 292 0
 415 006e 0020     		movs	r0, #0
 416 0070 E6E7     		b	.L39
 417              	.L49:
 418 0072 00BF     		.align	2
 419              	.L48:
 420 0074 00380240 		.word	1073887232
 421 0078 00700040 		.word	1073770496
 422              		.cfi_endproc
 423              	.LFE149:
 425              		.section	.text.HAL_PWREx_DisableOverDrive,"ax",%progbits
 426              		.align	1
 427              		.global	HAL_PWREx_DisableOverDrive
 428              		.syntax unified
 429              		.thumb
 430              		.thumb_func
 431              		.fpu fpv5-sp-d16
 433              	HAL_PWREx_DisableOverDrive:
 434              	.LFB150:
 294:Drivers/STM32F7xx_HAL_Driver/Src/stm32f7xx_hal_pwr_ex.c **** 
 295:Drivers/STM32F7xx_HAL_Driver/Src/stm32f7xx_hal_pwr_ex.c **** /**
 296:Drivers/STM32F7xx_HAL_Driver/Src/stm32f7xx_hal_pwr_ex.c ****   * @brief  Deactivates the Over-Drive mode.
 297:Drivers/STM32F7xx_HAL_Driver/Src/stm32f7xx_hal_pwr_ex.c ****   * @note   This mode allows the CPU and the core logic to operate at a higher frequency
 298:Drivers/STM32F7xx_HAL_Driver/Src/stm32f7xx_hal_pwr_ex.c ****   *         than the normal mode for a given voltage scaling (scale 1, scale 2 or scale 3).    
 299:Drivers/STM32F7xx_HAL_Driver/Src/stm32f7xx_hal_pwr_ex.c ****   * @note   It is recommended to enter or exit Over-drive mode when the application is not running 
 300:Drivers/STM32F7xx_HAL_Driver/Src/stm32f7xx_hal_pwr_ex.c ****   *         critical tasks and when the system clock source is either HSI or HSE. 
 301:Drivers/STM32F7xx_HAL_Driver/Src/stm32f7xx_hal_pwr_ex.c ****   *         During the Over-drive switch activation, no peripheral clocks should be enabled.   
 302:Drivers/STM32F7xx_HAL_Driver/Src/stm32f7xx_hal_pwr_ex.c ****   *         The peripheral clocks must be enabled once the Over-drive mode is activated.
 303:Drivers/STM32F7xx_HAL_Driver/Src/stm32f7xx_hal_pwr_ex.c ****   * @retval HAL status
 304:Drivers/STM32F7xx_HAL_Driver/Src/stm32f7xx_hal_pwr_ex.c ****   */
 305:Drivers/STM32F7xx_HAL_Driver/Src/stm32f7xx_hal_pwr_ex.c **** HAL_StatusTypeDef HAL_PWREx_DisableOverDrive(void)
 306:Drivers/STM32F7xx_HAL_Driver/Src/stm32f7xx_hal_pwr_ex.c **** {
 435              		.loc 1 306 0
 436              		.cfi_startproc
 437              		@ args = 0, pretend = 0, frame = 8
 438              		@ frame_needed = 0, uses_anonymous_args = 0
 439 0000 10B5     		push	{r4, lr}
 440              	.LCFI6:
 441              		.cfi_def_cfa_offset 8
 442              		.cfi_offset 4, -8
 443              		.cfi_offset 14, -4
 444 0002 82B0     		sub	sp, sp, #8
 445              	.LCFI7:
 446              		.cfi_def_cfa_offset 16
 447              	.LVL18:
 448              	.LBB3:
ARM GAS  /tmp/ccUN6RYG.s 			page 14


 307:Drivers/STM32F7xx_HAL_Driver/Src/stm32f7xx_hal_pwr_ex.c ****   uint32_t tickstart = 0;
 308:Drivers/STM32F7xx_HAL_Driver/Src/stm32f7xx_hal_pwr_ex.c ****   
 309:Drivers/STM32F7xx_HAL_Driver/Src/stm32f7xx_hal_pwr_ex.c ****   __HAL_RCC_PWR_CLK_ENABLE();
 449              		.loc 1 309 0
 450 0004 1B4B     		ldr	r3, .L61
 451 0006 1A6C     		ldr	r2, [r3, #64]
 452 0008 42F08052 		orr	r2, r2, #268435456
 453 000c 1A64     		str	r2, [r3, #64]
 454 000e 1B6C     		ldr	r3, [r3, #64]
 455 0010 03F08053 		and	r3, r3, #268435456
 456 0014 0193     		str	r3, [sp, #4]
 457 0016 019B     		ldr	r3, [sp, #4]
 458              	.LBE3:
 310:Drivers/STM32F7xx_HAL_Driver/Src/stm32f7xx_hal_pwr_ex.c ****     
 311:Drivers/STM32F7xx_HAL_Driver/Src/stm32f7xx_hal_pwr_ex.c ****   /* Disable the Over-drive switch */
 312:Drivers/STM32F7xx_HAL_Driver/Src/stm32f7xx_hal_pwr_ex.c ****   __HAL_PWR_OVERDRIVESWITCHING_DISABLE();
 459              		.loc 1 312 0
 460 0018 174A     		ldr	r2, .L61+4
 461 001a 1368     		ldr	r3, [r2]
 462 001c 23F40033 		bic	r3, r3, #131072
 463 0020 1360     		str	r3, [r2]
 313:Drivers/STM32F7xx_HAL_Driver/Src/stm32f7xx_hal_pwr_ex.c ****   
 314:Drivers/STM32F7xx_HAL_Driver/Src/stm32f7xx_hal_pwr_ex.c ****   /* Get tick */
 315:Drivers/STM32F7xx_HAL_Driver/Src/stm32f7xx_hal_pwr_ex.c ****   tickstart = HAL_GetTick();
 464              		.loc 1 315 0
 465 0022 FFF7FEFF 		bl	HAL_GetTick
 466              	.LVL19:
 467 0026 0446     		mov	r4, r0
 468              	.LVL20:
 469              	.L51:
 316:Drivers/STM32F7xx_HAL_Driver/Src/stm32f7xx_hal_pwr_ex.c ****  
 317:Drivers/STM32F7xx_HAL_Driver/Src/stm32f7xx_hal_pwr_ex.c ****   while(__HAL_PWR_GET_FLAG(PWR_FLAG_ODSWRDY))
 470              		.loc 1 317 0
 471 0028 134B     		ldr	r3, .L61+4
 472 002a 5B68     		ldr	r3, [r3, #4]
 473 002c 13F4003F 		tst	r3, #131072
 474 0030 08D0     		beq	.L59
 318:Drivers/STM32F7xx_HAL_Driver/Src/stm32f7xx_hal_pwr_ex.c ****   {
 319:Drivers/STM32F7xx_HAL_Driver/Src/stm32f7xx_hal_pwr_ex.c ****     if((HAL_GetTick() - tickstart ) > PWR_OVERDRIVE_TIMEOUT_VALUE)
 475              		.loc 1 319 0
 476 0032 FFF7FEFF 		bl	HAL_GetTick
 477              	.LVL21:
 478 0036 001B     		subs	r0, r0, r4
 479 0038 B0F57A7F 		cmp	r0, #1000
 480 003c F4D9     		bls	.L51
 320:Drivers/STM32F7xx_HAL_Driver/Src/stm32f7xx_hal_pwr_ex.c ****     {
 321:Drivers/STM32F7xx_HAL_Driver/Src/stm32f7xx_hal_pwr_ex.c ****       return HAL_TIMEOUT;
 481              		.loc 1 321 0
 482 003e 0320     		movs	r0, #3
 483              	.L52:
 322:Drivers/STM32F7xx_HAL_Driver/Src/stm32f7xx_hal_pwr_ex.c ****     }
 323:Drivers/STM32F7xx_HAL_Driver/Src/stm32f7xx_hal_pwr_ex.c ****   } 
 324:Drivers/STM32F7xx_HAL_Driver/Src/stm32f7xx_hal_pwr_ex.c ****   
 325:Drivers/STM32F7xx_HAL_Driver/Src/stm32f7xx_hal_pwr_ex.c ****   /* Disable the Over-drive */
 326:Drivers/STM32F7xx_HAL_Driver/Src/stm32f7xx_hal_pwr_ex.c ****   __HAL_PWR_OVERDRIVE_DISABLE();
 327:Drivers/STM32F7xx_HAL_Driver/Src/stm32f7xx_hal_pwr_ex.c **** 
 328:Drivers/STM32F7xx_HAL_Driver/Src/stm32f7xx_hal_pwr_ex.c ****   /* Get tick */
ARM GAS  /tmp/ccUN6RYG.s 			page 15


 329:Drivers/STM32F7xx_HAL_Driver/Src/stm32f7xx_hal_pwr_ex.c ****   tickstart = HAL_GetTick();
 330:Drivers/STM32F7xx_HAL_Driver/Src/stm32f7xx_hal_pwr_ex.c **** 
 331:Drivers/STM32F7xx_HAL_Driver/Src/stm32f7xx_hal_pwr_ex.c ****   while(__HAL_PWR_GET_FLAG(PWR_FLAG_ODRDY))
 332:Drivers/STM32F7xx_HAL_Driver/Src/stm32f7xx_hal_pwr_ex.c ****   {
 333:Drivers/STM32F7xx_HAL_Driver/Src/stm32f7xx_hal_pwr_ex.c ****     if((HAL_GetTick() - tickstart ) > PWR_OVERDRIVE_TIMEOUT_VALUE)
 334:Drivers/STM32F7xx_HAL_Driver/Src/stm32f7xx_hal_pwr_ex.c ****     {
 335:Drivers/STM32F7xx_HAL_Driver/Src/stm32f7xx_hal_pwr_ex.c ****       return HAL_TIMEOUT;
 336:Drivers/STM32F7xx_HAL_Driver/Src/stm32f7xx_hal_pwr_ex.c ****     }
 337:Drivers/STM32F7xx_HAL_Driver/Src/stm32f7xx_hal_pwr_ex.c ****   }
 338:Drivers/STM32F7xx_HAL_Driver/Src/stm32f7xx_hal_pwr_ex.c ****   
 339:Drivers/STM32F7xx_HAL_Driver/Src/stm32f7xx_hal_pwr_ex.c ****   return HAL_OK;
 340:Drivers/STM32F7xx_HAL_Driver/Src/stm32f7xx_hal_pwr_ex.c **** }
 484              		.loc 1 340 0
 485 0040 02B0     		add	sp, sp, #8
 486              	.LCFI8:
 487              		.cfi_remember_state
 488              		.cfi_def_cfa_offset 8
 489              		@ sp needed
 490 0042 10BD     		pop	{r4, pc}
 491              	.LVL22:
 492              	.L59:
 493              	.LCFI9:
 494              		.cfi_restore_state
 326:Drivers/STM32F7xx_HAL_Driver/Src/stm32f7xx_hal_pwr_ex.c **** 
 495              		.loc 1 326 0
 496 0044 0C4A     		ldr	r2, .L61+4
 497 0046 1368     		ldr	r3, [r2]
 498 0048 23F48033 		bic	r3, r3, #65536
 499 004c 1360     		str	r3, [r2]
 329:Drivers/STM32F7xx_HAL_Driver/Src/stm32f7xx_hal_pwr_ex.c **** 
 500              		.loc 1 329 0
 501 004e FFF7FEFF 		bl	HAL_GetTick
 502              	.LVL23:
 503 0052 0446     		mov	r4, r0
 504              	.LVL24:
 505              	.L54:
 331:Drivers/STM32F7xx_HAL_Driver/Src/stm32f7xx_hal_pwr_ex.c ****   {
 506              		.loc 1 331 0
 507 0054 084B     		ldr	r3, .L61+4
 508 0056 5B68     		ldr	r3, [r3, #4]
 509 0058 13F4803F 		tst	r3, #65536
 510 005c 07D0     		beq	.L60
 333:Drivers/STM32F7xx_HAL_Driver/Src/stm32f7xx_hal_pwr_ex.c ****     {
 511              		.loc 1 333 0
 512 005e FFF7FEFF 		bl	HAL_GetTick
 513              	.LVL25:
 514 0062 001B     		subs	r0, r0, r4
 515 0064 B0F57A7F 		cmp	r0, #1000
 516 0068 F4D9     		bls	.L54
 335:Drivers/STM32F7xx_HAL_Driver/Src/stm32f7xx_hal_pwr_ex.c ****     }
 517              		.loc 1 335 0
 518 006a 0320     		movs	r0, #3
 519 006c E8E7     		b	.L52
 520              	.L60:
 339:Drivers/STM32F7xx_HAL_Driver/Src/stm32f7xx_hal_pwr_ex.c **** }
 521              		.loc 1 339 0
 522 006e 0020     		movs	r0, #0
ARM GAS  /tmp/ccUN6RYG.s 			page 16


 523 0070 E6E7     		b	.L52
 524              	.L62:
 525 0072 00BF     		.align	2
 526              	.L61:
 527 0074 00380240 		.word	1073887232
 528 0078 00700040 		.word	1073770496
 529              		.cfi_endproc
 530              	.LFE150:
 532              		.section	.text.HAL_PWREx_EnterUnderDriveSTOPMode,"ax",%progbits
 533              		.align	1
 534              		.global	HAL_PWREx_EnterUnderDriveSTOPMode
 535              		.syntax unified
 536              		.thumb
 537              		.thumb_func
 538              		.fpu fpv5-sp-d16
 540              	HAL_PWREx_EnterUnderDriveSTOPMode:
 541              	.LFB151:
 341:Drivers/STM32F7xx_HAL_Driver/Src/stm32f7xx_hal_pwr_ex.c **** 
 342:Drivers/STM32F7xx_HAL_Driver/Src/stm32f7xx_hal_pwr_ex.c **** /**
 343:Drivers/STM32F7xx_HAL_Driver/Src/stm32f7xx_hal_pwr_ex.c ****   * @brief  Enters in Under-Drive STOP mode.
 344:Drivers/STM32F7xx_HAL_Driver/Src/stm32f7xx_hal_pwr_ex.c ****   * 
 345:Drivers/STM32F7xx_HAL_Driver/Src/stm32f7xx_hal_pwr_ex.c ****   * @note    This mode can be selected only when the Under-Drive is already active 
 346:Drivers/STM32F7xx_HAL_Driver/Src/stm32f7xx_hal_pwr_ex.c ****   *   
 347:Drivers/STM32F7xx_HAL_Driver/Src/stm32f7xx_hal_pwr_ex.c ****   * @note    This mode is enabled only with STOP low power mode.
 348:Drivers/STM32F7xx_HAL_Driver/Src/stm32f7xx_hal_pwr_ex.c ****   *          In this mode, the 1.2V domain is preserved in reduced leakage mode. This 
 349:Drivers/STM32F7xx_HAL_Driver/Src/stm32f7xx_hal_pwr_ex.c ****   *          mode is only available when the main regulator or the low power regulator 
 350:Drivers/STM32F7xx_HAL_Driver/Src/stm32f7xx_hal_pwr_ex.c ****   *          is in low voltage mode
 351:Drivers/STM32F7xx_HAL_Driver/Src/stm32f7xx_hal_pwr_ex.c ****   *        
 352:Drivers/STM32F7xx_HAL_Driver/Src/stm32f7xx_hal_pwr_ex.c ****   * @note   If the Under-drive mode was enabled, it is automatically disabled after 
 353:Drivers/STM32F7xx_HAL_Driver/Src/stm32f7xx_hal_pwr_ex.c ****   *         exiting Stop mode. 
 354:Drivers/STM32F7xx_HAL_Driver/Src/stm32f7xx_hal_pwr_ex.c ****   *         When the voltage regulator operates in Under-drive mode, an additional  
 355:Drivers/STM32F7xx_HAL_Driver/Src/stm32f7xx_hal_pwr_ex.c ****   *         startup delay is induced when waking up from Stop mode.
 356:Drivers/STM32F7xx_HAL_Driver/Src/stm32f7xx_hal_pwr_ex.c ****   *                    
 357:Drivers/STM32F7xx_HAL_Driver/Src/stm32f7xx_hal_pwr_ex.c ****   * @note   In Stop mode, all I/O pins keep the same state as in Run mode.
 358:Drivers/STM32F7xx_HAL_Driver/Src/stm32f7xx_hal_pwr_ex.c ****   *   
 359:Drivers/STM32F7xx_HAL_Driver/Src/stm32f7xx_hal_pwr_ex.c ****   * @note   When exiting Stop mode by issuing an interrupt or a wakeup event, 
 360:Drivers/STM32F7xx_HAL_Driver/Src/stm32f7xx_hal_pwr_ex.c ****   *         the HSI RC oscillator is selected as system clock.
 361:Drivers/STM32F7xx_HAL_Driver/Src/stm32f7xx_hal_pwr_ex.c ****   *           
 362:Drivers/STM32F7xx_HAL_Driver/Src/stm32f7xx_hal_pwr_ex.c ****   * @note   When the voltage regulator operates in low power mode, an additional 
 363:Drivers/STM32F7xx_HAL_Driver/Src/stm32f7xx_hal_pwr_ex.c ****   *         startup delay is incurred when waking up from Stop mode. 
 364:Drivers/STM32F7xx_HAL_Driver/Src/stm32f7xx_hal_pwr_ex.c ****   *         By keeping the internal regulator ON during Stop mode, the consumption 
 365:Drivers/STM32F7xx_HAL_Driver/Src/stm32f7xx_hal_pwr_ex.c ****   *         is higher although the startup time is reduced.
 366:Drivers/STM32F7xx_HAL_Driver/Src/stm32f7xx_hal_pwr_ex.c ****   *     
 367:Drivers/STM32F7xx_HAL_Driver/Src/stm32f7xx_hal_pwr_ex.c ****   * @param  Regulator specifies the regulator state in STOP mode.
 368:Drivers/STM32F7xx_HAL_Driver/Src/stm32f7xx_hal_pwr_ex.c ****   *          This parameter can be one of the following values:
 369:Drivers/STM32F7xx_HAL_Driver/Src/stm32f7xx_hal_pwr_ex.c ****   *            @arg PWR_MAINREGULATOR_UNDERDRIVE_ON:  Main Regulator in under-drive mode 
 370:Drivers/STM32F7xx_HAL_Driver/Src/stm32f7xx_hal_pwr_ex.c ****   *                 and Flash memory in power-down when the device is in Stop under-drive mode
 371:Drivers/STM32F7xx_HAL_Driver/Src/stm32f7xx_hal_pwr_ex.c ****   *            @arg PWR_LOWPOWERREGULATOR_UNDERDRIVE_ON:  Low Power Regulator in under-drive mode 
 372:Drivers/STM32F7xx_HAL_Driver/Src/stm32f7xx_hal_pwr_ex.c ****   *                and Flash memory in power-down when the device is in Stop under-drive mode
 373:Drivers/STM32F7xx_HAL_Driver/Src/stm32f7xx_hal_pwr_ex.c ****   * @param  STOPEntry specifies if STOP mode in entered with WFI or WFE instruction.
 374:Drivers/STM32F7xx_HAL_Driver/Src/stm32f7xx_hal_pwr_ex.c ****   *          This parameter can be one of the following values:
 375:Drivers/STM32F7xx_HAL_Driver/Src/stm32f7xx_hal_pwr_ex.c ****   *            @arg PWR_SLEEPENTRY_WFI: enter STOP mode with WFI instruction
 376:Drivers/STM32F7xx_HAL_Driver/Src/stm32f7xx_hal_pwr_ex.c ****   *            @arg PWR_SLEEPENTRY_WFE: enter STOP mode with WFE instruction
 377:Drivers/STM32F7xx_HAL_Driver/Src/stm32f7xx_hal_pwr_ex.c ****   * @retval None
 378:Drivers/STM32F7xx_HAL_Driver/Src/stm32f7xx_hal_pwr_ex.c ****   */
 379:Drivers/STM32F7xx_HAL_Driver/Src/stm32f7xx_hal_pwr_ex.c **** HAL_StatusTypeDef HAL_PWREx_EnterUnderDriveSTOPMode(uint32_t Regulator, uint8_t STOPEntry)
 380:Drivers/STM32F7xx_HAL_Driver/Src/stm32f7xx_hal_pwr_ex.c **** {
ARM GAS  /tmp/ccUN6RYG.s 			page 17


 542              		.loc 1 380 0
 543              		.cfi_startproc
 544              		@ args = 0, pretend = 0, frame = 8
 545              		@ frame_needed = 0, uses_anonymous_args = 0
 546              	.LVL26:
 547 0000 70B5     		push	{r4, r5, r6, lr}
 548              	.LCFI10:
 549              		.cfi_def_cfa_offset 16
 550              		.cfi_offset 4, -16
 551              		.cfi_offset 5, -12
 552              		.cfi_offset 6, -8
 553              		.cfi_offset 14, -4
 554 0002 82B0     		sub	sp, sp, #8
 555              	.LCFI11:
 556              		.cfi_def_cfa_offset 24
 557 0004 0646     		mov	r6, r0
 558 0006 0D46     		mov	r5, r1
 559              	.LVL27:
 560              	.LBB4:
 381:Drivers/STM32F7xx_HAL_Driver/Src/stm32f7xx_hal_pwr_ex.c ****   uint32_t tempreg = 0;
 382:Drivers/STM32F7xx_HAL_Driver/Src/stm32f7xx_hal_pwr_ex.c ****   uint32_t tickstart = 0;
 383:Drivers/STM32F7xx_HAL_Driver/Src/stm32f7xx_hal_pwr_ex.c ****   
 384:Drivers/STM32F7xx_HAL_Driver/Src/stm32f7xx_hal_pwr_ex.c ****   /* Check the parameters */
 385:Drivers/STM32F7xx_HAL_Driver/Src/stm32f7xx_hal_pwr_ex.c ****   assert_param(IS_PWR_REGULATOR_UNDERDRIVE(Regulator));
 386:Drivers/STM32F7xx_HAL_Driver/Src/stm32f7xx_hal_pwr_ex.c ****   assert_param(IS_PWR_STOP_ENTRY(STOPEntry));
 387:Drivers/STM32F7xx_HAL_Driver/Src/stm32f7xx_hal_pwr_ex.c ****   
 388:Drivers/STM32F7xx_HAL_Driver/Src/stm32f7xx_hal_pwr_ex.c ****   /* Enable Power ctrl clock */
 389:Drivers/STM32F7xx_HAL_Driver/Src/stm32f7xx_hal_pwr_ex.c ****   __HAL_RCC_PWR_CLK_ENABLE();
 561              		.loc 1 389 0
 562 0008 1E4B     		ldr	r3, .L73
 563 000a 1A6C     		ldr	r2, [r3, #64]
 564 000c 42F08052 		orr	r2, r2, #268435456
 565 0010 1A64     		str	r2, [r3, #64]
 566 0012 1B6C     		ldr	r3, [r3, #64]
 567 0014 03F08053 		and	r3, r3, #268435456
 568 0018 0193     		str	r3, [sp, #4]
 569 001a 019B     		ldr	r3, [sp, #4]
 570              	.LBE4:
 390:Drivers/STM32F7xx_HAL_Driver/Src/stm32f7xx_hal_pwr_ex.c ****   /* Enable the Under-drive Mode ---------------------------------------------*/
 391:Drivers/STM32F7xx_HAL_Driver/Src/stm32f7xx_hal_pwr_ex.c ****   /* Clear Under-drive flag */
 392:Drivers/STM32F7xx_HAL_Driver/Src/stm32f7xx_hal_pwr_ex.c ****   __HAL_PWR_CLEAR_ODRUDR_FLAG();
 571              		.loc 1 392 0
 572 001c 1A4B     		ldr	r3, .L73+4
 573 001e 5A68     		ldr	r2, [r3, #4]
 574 0020 42F44022 		orr	r2, r2, #786432
 575 0024 5A60     		str	r2, [r3, #4]
 393:Drivers/STM32F7xx_HAL_Driver/Src/stm32f7xx_hal_pwr_ex.c ****   
 394:Drivers/STM32F7xx_HAL_Driver/Src/stm32f7xx_hal_pwr_ex.c ****   /* Enable the Under-drive */ 
 395:Drivers/STM32F7xx_HAL_Driver/Src/stm32f7xx_hal_pwr_ex.c ****   __HAL_PWR_UNDERDRIVE_ENABLE();
 576              		.loc 1 395 0
 577 0026 1A68     		ldr	r2, [r3]
 578 0028 42F44022 		orr	r2, r2, #786432
 579 002c 1A60     		str	r2, [r3]
 396:Drivers/STM32F7xx_HAL_Driver/Src/stm32f7xx_hal_pwr_ex.c **** 
 397:Drivers/STM32F7xx_HAL_Driver/Src/stm32f7xx_hal_pwr_ex.c ****   /* Get tick */
 398:Drivers/STM32F7xx_HAL_Driver/Src/stm32f7xx_hal_pwr_ex.c ****   tickstart = HAL_GetTick();
 580              		.loc 1 398 0
ARM GAS  /tmp/ccUN6RYG.s 			page 18


 581 002e FFF7FEFF 		bl	HAL_GetTick
 582              	.LVL28:
 583 0032 0446     		mov	r4, r0
 584              	.LVL29:
 585              	.L64:
 399:Drivers/STM32F7xx_HAL_Driver/Src/stm32f7xx_hal_pwr_ex.c **** 
 400:Drivers/STM32F7xx_HAL_Driver/Src/stm32f7xx_hal_pwr_ex.c ****   /* Wait for UnderDrive mode is ready */
 401:Drivers/STM32F7xx_HAL_Driver/Src/stm32f7xx_hal_pwr_ex.c ****   while(__HAL_PWR_GET_FLAG(PWR_FLAG_UDRDY))
 586              		.loc 1 401 0
 587 0034 144B     		ldr	r3, .L73+4
 588 0036 5B68     		ldr	r3, [r3, #4]
 589 0038 03F44023 		and	r3, r3, #786432
 590 003c B3F5402F 		cmp	r3, #786432
 591 0040 07D1     		bne	.L71
 402:Drivers/STM32F7xx_HAL_Driver/Src/stm32f7xx_hal_pwr_ex.c ****   {
 403:Drivers/STM32F7xx_HAL_Driver/Src/stm32f7xx_hal_pwr_ex.c ****     if((HAL_GetTick() - tickstart ) > PWR_UDERDRIVE_TIMEOUT_VALUE)
 592              		.loc 1 403 0
 593 0042 FFF7FEFF 		bl	HAL_GetTick
 594              	.LVL30:
 595 0046 001B     		subs	r0, r0, r4
 596 0048 B0F57A7F 		cmp	r0, #1000
 597 004c F2D9     		bls	.L64
 404:Drivers/STM32F7xx_HAL_Driver/Src/stm32f7xx_hal_pwr_ex.c ****     {
 405:Drivers/STM32F7xx_HAL_Driver/Src/stm32f7xx_hal_pwr_ex.c ****       return HAL_TIMEOUT;
 598              		.loc 1 405 0
 599 004e 0320     		movs	r0, #3
 600 0050 13E0     		b	.L65
 601              	.L71:
 406:Drivers/STM32F7xx_HAL_Driver/Src/stm32f7xx_hal_pwr_ex.c ****     }
 407:Drivers/STM32F7xx_HAL_Driver/Src/stm32f7xx_hal_pwr_ex.c ****   }
 408:Drivers/STM32F7xx_HAL_Driver/Src/stm32f7xx_hal_pwr_ex.c ****   
 409:Drivers/STM32F7xx_HAL_Driver/Src/stm32f7xx_hal_pwr_ex.c ****   /* Select the regulator state in STOP mode ---------------------------------*/
 410:Drivers/STM32F7xx_HAL_Driver/Src/stm32f7xx_hal_pwr_ex.c ****   tempreg = PWR->CR1;
 602              		.loc 1 410 0
 603 0052 0D4A     		ldr	r2, .L73+4
 604 0054 1168     		ldr	r1, [r2]
 605              	.LVL31:
 411:Drivers/STM32F7xx_HAL_Driver/Src/stm32f7xx_hal_pwr_ex.c ****   /* Clear PDDS, LPDS, MRLUDS and LPLUDS bits */
 412:Drivers/STM32F7xx_HAL_Driver/Src/stm32f7xx_hal_pwr_ex.c ****   tempreg &= (uint32_t)~(PWR_CR1_PDDS | PWR_CR1_LPDS | PWR_CR1_LPUDS | PWR_CR1_MRUDS);
 606              		.loc 1 412 0
 607 0056 0D4B     		ldr	r3, .L73+8
 608 0058 0B40     		ands	r3, r3, r1
 609              	.LVL32:
 413:Drivers/STM32F7xx_HAL_Driver/Src/stm32f7xx_hal_pwr_ex.c ****   
 414:Drivers/STM32F7xx_HAL_Driver/Src/stm32f7xx_hal_pwr_ex.c ****   /* Set LPDS, MRLUDS and LPLUDS bits according to PWR_Regulator value */
 415:Drivers/STM32F7xx_HAL_Driver/Src/stm32f7xx_hal_pwr_ex.c ****   tempreg |= Regulator;
 610              		.loc 1 415 0
 611 005a 1E43     		orrs	r6, r6, r3
 612              	.LVL33:
 416:Drivers/STM32F7xx_HAL_Driver/Src/stm32f7xx_hal_pwr_ex.c ****   
 417:Drivers/STM32F7xx_HAL_Driver/Src/stm32f7xx_hal_pwr_ex.c ****   /* Store the new value */
 418:Drivers/STM32F7xx_HAL_Driver/Src/stm32f7xx_hal_pwr_ex.c ****   PWR->CR1 = tempreg;
 613              		.loc 1 418 0
 614 005c 1660     		str	r6, [r2]
 419:Drivers/STM32F7xx_HAL_Driver/Src/stm32f7xx_hal_pwr_ex.c ****   
 420:Drivers/STM32F7xx_HAL_Driver/Src/stm32f7xx_hal_pwr_ex.c ****   /* Set SLEEPDEEP bit of Cortex System Control Register */
 421:Drivers/STM32F7xx_HAL_Driver/Src/stm32f7xx_hal_pwr_ex.c ****   SCB->SCR |= SCB_SCR_SLEEPDEEP_Msk;
ARM GAS  /tmp/ccUN6RYG.s 			page 19


 615              		.loc 1 421 0
 616 005e 0C4A     		ldr	r2, .L73+12
 617 0060 1369     		ldr	r3, [r2, #16]
 618 0062 43F00403 		orr	r3, r3, #4
 619 0066 1361     		str	r3, [r2, #16]
 422:Drivers/STM32F7xx_HAL_Driver/Src/stm32f7xx_hal_pwr_ex.c ****   
 423:Drivers/STM32F7xx_HAL_Driver/Src/stm32f7xx_hal_pwr_ex.c ****   /* Select STOP mode entry --------------------------------------------------*/
 424:Drivers/STM32F7xx_HAL_Driver/Src/stm32f7xx_hal_pwr_ex.c ****   if(STOPEntry == PWR_SLEEPENTRY_WFI)
 620              		.loc 1 424 0
 621 0068 012D     		cmp	r5, #1
 622 006a 08D0     		beq	.L72
 425:Drivers/STM32F7xx_HAL_Driver/Src/stm32f7xx_hal_pwr_ex.c ****   {   
 426:Drivers/STM32F7xx_HAL_Driver/Src/stm32f7xx_hal_pwr_ex.c ****     /* Request Wait For Interrupt */
 427:Drivers/STM32F7xx_HAL_Driver/Src/stm32f7xx_hal_pwr_ex.c ****     __WFI();
 428:Drivers/STM32F7xx_HAL_Driver/Src/stm32f7xx_hal_pwr_ex.c ****   }
 429:Drivers/STM32F7xx_HAL_Driver/Src/stm32f7xx_hal_pwr_ex.c ****   else
 430:Drivers/STM32F7xx_HAL_Driver/Src/stm32f7xx_hal_pwr_ex.c ****   {
 431:Drivers/STM32F7xx_HAL_Driver/Src/stm32f7xx_hal_pwr_ex.c ****     /* Request Wait For Event */
 432:Drivers/STM32F7xx_HAL_Driver/Src/stm32f7xx_hal_pwr_ex.c ****     __WFE();
 623              		.loc 1 432 0
 624              		.syntax unified
 625              	@ 432 "Drivers/STM32F7xx_HAL_Driver/Src/stm32f7xx_hal_pwr_ex.c" 1
 626 006c 20BF     		wfe
 627              	@ 0 "" 2
 628              		.thumb
 629              		.syntax unified
 630              	.L68:
 433:Drivers/STM32F7xx_HAL_Driver/Src/stm32f7xx_hal_pwr_ex.c ****   }
 434:Drivers/STM32F7xx_HAL_Driver/Src/stm32f7xx_hal_pwr_ex.c ****   /* Reset SLEEPDEEP bit of Cortex System Control Register */
 435:Drivers/STM32F7xx_HAL_Driver/Src/stm32f7xx_hal_pwr_ex.c ****   SCB->SCR &= (uint32_t)~((uint32_t)SCB_SCR_SLEEPDEEP_Msk);
 631              		.loc 1 435 0
 632 006e 084A     		ldr	r2, .L73+12
 633 0070 1369     		ldr	r3, [r2, #16]
 634 0072 23F00403 		bic	r3, r3, #4
 635 0076 1361     		str	r3, [r2, #16]
 436:Drivers/STM32F7xx_HAL_Driver/Src/stm32f7xx_hal_pwr_ex.c **** 
 437:Drivers/STM32F7xx_HAL_Driver/Src/stm32f7xx_hal_pwr_ex.c ****   return HAL_OK;  
 636              		.loc 1 437 0
 637 0078 0020     		movs	r0, #0
 638              	.LVL34:
 639              	.L65:
 438:Drivers/STM32F7xx_HAL_Driver/Src/stm32f7xx_hal_pwr_ex.c **** }
 640              		.loc 1 438 0
 641 007a 02B0     		add	sp, sp, #8
 642              	.LCFI12:
 643              		.cfi_remember_state
 644              		.cfi_def_cfa_offset 16
 645              		@ sp needed
 646 007c 70BD     		pop	{r4, r5, r6, pc}
 647              	.LVL35:
 648              	.L72:
 649              	.LCFI13:
 650              		.cfi_restore_state
 427:Drivers/STM32F7xx_HAL_Driver/Src/stm32f7xx_hal_pwr_ex.c ****   }
 651              		.loc 1 427 0
 652              		.syntax unified
 653              	@ 427 "Drivers/STM32F7xx_HAL_Driver/Src/stm32f7xx_hal_pwr_ex.c" 1
ARM GAS  /tmp/ccUN6RYG.s 			page 20


 654 007e 30BF     		wfi
 655              	@ 0 "" 2
 656              		.thumb
 657              		.syntax unified
 658 0080 F5E7     		b	.L68
 659              	.L74:
 660 0082 00BF     		.align	2
 661              	.L73:
 662 0084 00380240 		.word	1073887232
 663 0088 00700040 		.word	1073770496
 664 008c FCF3FFFF 		.word	-3076
 665 0090 00ED00E0 		.word	-536810240
 666              		.cfi_endproc
 667              	.LFE151:
 669              		.section	.text.HAL_PWREx_GetVoltageRange,"ax",%progbits
 670              		.align	1
 671              		.global	HAL_PWREx_GetVoltageRange
 672              		.syntax unified
 673              		.thumb
 674              		.thumb_func
 675              		.fpu fpv5-sp-d16
 677              	HAL_PWREx_GetVoltageRange:
 678              	.LFB152:
 439:Drivers/STM32F7xx_HAL_Driver/Src/stm32f7xx_hal_pwr_ex.c **** 
 440:Drivers/STM32F7xx_HAL_Driver/Src/stm32f7xx_hal_pwr_ex.c **** /**
 441:Drivers/STM32F7xx_HAL_Driver/Src/stm32f7xx_hal_pwr_ex.c ****   * @brief Returns Voltage Scaling Range.
 442:Drivers/STM32F7xx_HAL_Driver/Src/stm32f7xx_hal_pwr_ex.c ****   * @retval VOS bit field (PWR_REGULATOR_VOLTAGE_SCALE1, PWR_REGULATOR_VOLTAGE_SCALE2 or 
 443:Drivers/STM32F7xx_HAL_Driver/Src/stm32f7xx_hal_pwr_ex.c ****   *            PWR_REGULATOR_VOLTAGE_SCALE3)PWR_REGULATOR_VOLTAGE_SCALE1
 444:Drivers/STM32F7xx_HAL_Driver/Src/stm32f7xx_hal_pwr_ex.c ****   */  
 445:Drivers/STM32F7xx_HAL_Driver/Src/stm32f7xx_hal_pwr_ex.c **** uint32_t HAL_PWREx_GetVoltageRange(void)
 446:Drivers/STM32F7xx_HAL_Driver/Src/stm32f7xx_hal_pwr_ex.c **** {
 679              		.loc 1 446 0
 680              		.cfi_startproc
 681              		@ args = 0, pretend = 0, frame = 0
 682              		@ frame_needed = 0, uses_anonymous_args = 0
 683              		@ link register save eliminated.
 447:Drivers/STM32F7xx_HAL_Driver/Src/stm32f7xx_hal_pwr_ex.c ****   return  (PWR->CR1 & PWR_CR1_VOS);
 684              		.loc 1 447 0
 685 0000 024B     		ldr	r3, .L76
 686 0002 1868     		ldr	r0, [r3]
 448:Drivers/STM32F7xx_HAL_Driver/Src/stm32f7xx_hal_pwr_ex.c **** }
 687              		.loc 1 448 0
 688 0004 00F44040 		and	r0, r0, #49152
 689 0008 7047     		bx	lr
 690              	.L77:
 691 000a 00BF     		.align	2
 692              	.L76:
 693 000c 00700040 		.word	1073770496
 694              		.cfi_endproc
 695              	.LFE152:
 697              		.section	.text.HAL_PWREx_ControlVoltageScaling,"ax",%progbits
 698              		.align	1
 699              		.global	HAL_PWREx_ControlVoltageScaling
 700              		.syntax unified
 701              		.thumb
 702              		.thumb_func
 703              		.fpu fpv5-sp-d16
ARM GAS  /tmp/ccUN6RYG.s 			page 21


 705              	HAL_PWREx_ControlVoltageScaling:
 706              	.LFB153:
 449:Drivers/STM32F7xx_HAL_Driver/Src/stm32f7xx_hal_pwr_ex.c **** 
 450:Drivers/STM32F7xx_HAL_Driver/Src/stm32f7xx_hal_pwr_ex.c **** /**
 451:Drivers/STM32F7xx_HAL_Driver/Src/stm32f7xx_hal_pwr_ex.c ****   * @brief Configures the main internal regulator output voltage.
 452:Drivers/STM32F7xx_HAL_Driver/Src/stm32f7xx_hal_pwr_ex.c ****   * @param  VoltageScaling specifies the regulator output voltage to achieve
 453:Drivers/STM32F7xx_HAL_Driver/Src/stm32f7xx_hal_pwr_ex.c ****   *         a tradeoff between performance and power consumption.
 454:Drivers/STM32F7xx_HAL_Driver/Src/stm32f7xx_hal_pwr_ex.c ****   *          This parameter can be one of the following values:
 455:Drivers/STM32F7xx_HAL_Driver/Src/stm32f7xx_hal_pwr_ex.c ****   *            @arg PWR_REGULATOR_VOLTAGE_SCALE1: Regulator voltage output range 1 mode,
 456:Drivers/STM32F7xx_HAL_Driver/Src/stm32f7xx_hal_pwr_ex.c ****   *                                                typical output voltage at 1.4 V,  
 457:Drivers/STM32F7xx_HAL_Driver/Src/stm32f7xx_hal_pwr_ex.c ****   *                                                system frequency up to 216 MHz.
 458:Drivers/STM32F7xx_HAL_Driver/Src/stm32f7xx_hal_pwr_ex.c ****   *            @arg PWR_REGULATOR_VOLTAGE_SCALE2: Regulator voltage output range 2 mode,
 459:Drivers/STM32F7xx_HAL_Driver/Src/stm32f7xx_hal_pwr_ex.c ****   *                                                typical output voltage at 1.2 V,                
 460:Drivers/STM32F7xx_HAL_Driver/Src/stm32f7xx_hal_pwr_ex.c ****   *                                                system frequency up to 180 MHz.
 461:Drivers/STM32F7xx_HAL_Driver/Src/stm32f7xx_hal_pwr_ex.c ****   *            @arg PWR_REGULATOR_VOLTAGE_SCALE3: Regulator voltage output range 2 mode,
 462:Drivers/STM32F7xx_HAL_Driver/Src/stm32f7xx_hal_pwr_ex.c ****   *                                                typical output voltage at 1.00 V,               
 463:Drivers/STM32F7xx_HAL_Driver/Src/stm32f7xx_hal_pwr_ex.c ****   *                                                system frequency up to 151 MHz.
 464:Drivers/STM32F7xx_HAL_Driver/Src/stm32f7xx_hal_pwr_ex.c ****   * @note To update the system clock frequency(SYSCLK):
 465:Drivers/STM32F7xx_HAL_Driver/Src/stm32f7xx_hal_pwr_ex.c ****   *        - Set the HSI or HSE as system clock frequency using the HAL_RCC_ClockConfig().
 466:Drivers/STM32F7xx_HAL_Driver/Src/stm32f7xx_hal_pwr_ex.c ****   *        - Call the HAL_RCC_OscConfig() to configure the PLL.
 467:Drivers/STM32F7xx_HAL_Driver/Src/stm32f7xx_hal_pwr_ex.c ****   *        - Call HAL_PWREx_ConfigVoltageScaling() API to adjust the voltage scale.
 468:Drivers/STM32F7xx_HAL_Driver/Src/stm32f7xx_hal_pwr_ex.c ****   *        - Set the new system clock frequency using the HAL_RCC_ClockConfig().
 469:Drivers/STM32F7xx_HAL_Driver/Src/stm32f7xx_hal_pwr_ex.c ****   * @note The scale can be modified only when the HSI or HSE clock source is selected 
 470:Drivers/STM32F7xx_HAL_Driver/Src/stm32f7xx_hal_pwr_ex.c ****   *        as system clock source, otherwise the API returns HAL_ERROR.  
 471:Drivers/STM32F7xx_HAL_Driver/Src/stm32f7xx_hal_pwr_ex.c ****   * @note When the PLL is OFF, the voltage scale 3 is automatically selected and the VOS bits
 472:Drivers/STM32F7xx_HAL_Driver/Src/stm32f7xx_hal_pwr_ex.c ****   *       value in the PWR_CR1 register are not taken in account.
 473:Drivers/STM32F7xx_HAL_Driver/Src/stm32f7xx_hal_pwr_ex.c ****   * @note This API forces the PLL state ON to allow the possibility to configure the voltage scale 
 474:Drivers/STM32F7xx_HAL_Driver/Src/stm32f7xx_hal_pwr_ex.c ****   * @note The new voltage scale is active only when the PLL is ON.  
 475:Drivers/STM32F7xx_HAL_Driver/Src/stm32f7xx_hal_pwr_ex.c ****   * @retval HAL Status
 476:Drivers/STM32F7xx_HAL_Driver/Src/stm32f7xx_hal_pwr_ex.c ****   */
 477:Drivers/STM32F7xx_HAL_Driver/Src/stm32f7xx_hal_pwr_ex.c **** HAL_StatusTypeDef HAL_PWREx_ControlVoltageScaling(uint32_t VoltageScaling)
 478:Drivers/STM32F7xx_HAL_Driver/Src/stm32f7xx_hal_pwr_ex.c **** {
 707              		.loc 1 478 0
 708              		.cfi_startproc
 709              		@ args = 0, pretend = 0, frame = 8
 710              		@ frame_needed = 0, uses_anonymous_args = 0
 711              	.LVL36:
 712 0000 30B5     		push	{r4, r5, lr}
 713              	.LCFI14:
 714              		.cfi_def_cfa_offset 12
 715              		.cfi_offset 4, -12
 716              		.cfi_offset 5, -8
 717              		.cfi_offset 14, -4
 718 0002 83B0     		sub	sp, sp, #12
 719              	.LCFI15:
 720              		.cfi_def_cfa_offset 24
 721              	.LVL37:
 722              	.LBB5:
 479:Drivers/STM32F7xx_HAL_Driver/Src/stm32f7xx_hal_pwr_ex.c ****   uint32_t tickstart = 0;
 480:Drivers/STM32F7xx_HAL_Driver/Src/stm32f7xx_hal_pwr_ex.c **** 
 481:Drivers/STM32F7xx_HAL_Driver/Src/stm32f7xx_hal_pwr_ex.c ****   assert_param(IS_PWR_REGULATOR_VOLTAGE(VoltageScaling));
 482:Drivers/STM32F7xx_HAL_Driver/Src/stm32f7xx_hal_pwr_ex.c **** 
 483:Drivers/STM32F7xx_HAL_Driver/Src/stm32f7xx_hal_pwr_ex.c ****   /* Enable Power ctrl clock */
 484:Drivers/STM32F7xx_HAL_Driver/Src/stm32f7xx_hal_pwr_ex.c ****   __HAL_RCC_PWR_CLK_ENABLE();
 723              		.loc 1 484 0
 724 0004 2B4B     		ldr	r3, .L94
 725 0006 1A6C     		ldr	r2, [r3, #64]
ARM GAS  /tmp/ccUN6RYG.s 			page 22


 726 0008 42F08052 		orr	r2, r2, #268435456
 727 000c 1A64     		str	r2, [r3, #64]
 728 000e 1A6C     		ldr	r2, [r3, #64]
 729 0010 02F08052 		and	r2, r2, #268435456
 730 0014 0092     		str	r2, [sp]
 731 0016 009A     		ldr	r2, [sp]
 732              	.LBE5:
 485:Drivers/STM32F7xx_HAL_Driver/Src/stm32f7xx_hal_pwr_ex.c **** 
 486:Drivers/STM32F7xx_HAL_Driver/Src/stm32f7xx_hal_pwr_ex.c ****   /* Check if the PLL is used as system clock or not */
 487:Drivers/STM32F7xx_HAL_Driver/Src/stm32f7xx_hal_pwr_ex.c ****   if(__HAL_RCC_GET_SYSCLK_SOURCE() != RCC_CFGR_SWS_PLL)
 733              		.loc 1 487 0
 734 0018 9B68     		ldr	r3, [r3, #8]
 735 001a 03F00C03 		and	r3, r3, #12
 736 001e 082B     		cmp	r3, #8
 737 0020 45D0     		beq	.L86
 738 0022 0546     		mov	r5, r0
 488:Drivers/STM32F7xx_HAL_Driver/Src/stm32f7xx_hal_pwr_ex.c ****   {
 489:Drivers/STM32F7xx_HAL_Driver/Src/stm32f7xx_hal_pwr_ex.c ****     /* Disable the main PLL */
 490:Drivers/STM32F7xx_HAL_Driver/Src/stm32f7xx_hal_pwr_ex.c ****     __HAL_RCC_PLL_DISABLE();
 739              		.loc 1 490 0
 740 0024 234A     		ldr	r2, .L94
 741 0026 1368     		ldr	r3, [r2]
 742 0028 23F08073 		bic	r3, r3, #16777216
 743 002c 1360     		str	r3, [r2]
 491:Drivers/STM32F7xx_HAL_Driver/Src/stm32f7xx_hal_pwr_ex.c ****     
 492:Drivers/STM32F7xx_HAL_Driver/Src/stm32f7xx_hal_pwr_ex.c ****     /* Get Start Tick */
 493:Drivers/STM32F7xx_HAL_Driver/Src/stm32f7xx_hal_pwr_ex.c ****     tickstart = HAL_GetTick();    
 744              		.loc 1 493 0
 745 002e FFF7FEFF 		bl	HAL_GetTick
 746              	.LVL38:
 747 0032 0446     		mov	r4, r0
 748              	.LVL39:
 749              	.L80:
 494:Drivers/STM32F7xx_HAL_Driver/Src/stm32f7xx_hal_pwr_ex.c ****     /* Wait till PLL is disabled */  
 495:Drivers/STM32F7xx_HAL_Driver/Src/stm32f7xx_hal_pwr_ex.c ****     while(__HAL_RCC_GET_FLAG(RCC_FLAG_PLLRDY) != RESET)
 750              		.loc 1 495 0
 751 0034 1F4B     		ldr	r3, .L94
 752 0036 1B68     		ldr	r3, [r3]
 753 0038 13F0007F 		tst	r3, #33554432
 754 003c 06D0     		beq	.L91
 496:Drivers/STM32F7xx_HAL_Driver/Src/stm32f7xx_hal_pwr_ex.c ****     {
 497:Drivers/STM32F7xx_HAL_Driver/Src/stm32f7xx_hal_pwr_ex.c ****       if((HAL_GetTick() - tickstart ) > PLL_TIMEOUT_VALUE)
 755              		.loc 1 497 0
 756 003e FFF7FEFF 		bl	HAL_GetTick
 757              	.LVL40:
 758 0042 001B     		subs	r0, r0, r4
 759 0044 0228     		cmp	r0, #2
 760 0046 F5D9     		bls	.L80
 498:Drivers/STM32F7xx_HAL_Driver/Src/stm32f7xx_hal_pwr_ex.c ****       {
 499:Drivers/STM32F7xx_HAL_Driver/Src/stm32f7xx_hal_pwr_ex.c ****         return HAL_TIMEOUT;
 761              		.loc 1 499 0
 762 0048 0320     		movs	r0, #3
 763 004a 31E0     		b	.L79
 764              	.L91:
 765              	.LBB6:
 500:Drivers/STM32F7xx_HAL_Driver/Src/stm32f7xx_hal_pwr_ex.c ****       }
 501:Drivers/STM32F7xx_HAL_Driver/Src/stm32f7xx_hal_pwr_ex.c ****     }
ARM GAS  /tmp/ccUN6RYG.s 			page 23


 502:Drivers/STM32F7xx_HAL_Driver/Src/stm32f7xx_hal_pwr_ex.c ****     
 503:Drivers/STM32F7xx_HAL_Driver/Src/stm32f7xx_hal_pwr_ex.c ****     /* Set Range */
 504:Drivers/STM32F7xx_HAL_Driver/Src/stm32f7xx_hal_pwr_ex.c ****     __HAL_PWR_VOLTAGESCALING_CONFIG(VoltageScaling);
 766              		.loc 1 504 0
 767 004c 1A4B     		ldr	r3, .L94+4
 768 004e 1868     		ldr	r0, [r3]
 769 0050 20F44040 		bic	r0, r0, #49152
 770 0054 0543     		orrs	r5, r5, r0
 771              	.LVL41:
 772 0056 1D60     		str	r5, [r3]
 773 0058 1B68     		ldr	r3, [r3]
 774 005a 03F44043 		and	r3, r3, #49152
 775 005e 0193     		str	r3, [sp, #4]
 776 0060 019B     		ldr	r3, [sp, #4]
 777              	.LBE6:
 505:Drivers/STM32F7xx_HAL_Driver/Src/stm32f7xx_hal_pwr_ex.c ****     
 506:Drivers/STM32F7xx_HAL_Driver/Src/stm32f7xx_hal_pwr_ex.c ****     /* Enable the main PLL */
 507:Drivers/STM32F7xx_HAL_Driver/Src/stm32f7xx_hal_pwr_ex.c ****     __HAL_RCC_PLL_ENABLE();
 778              		.loc 1 507 0
 779 0062 144A     		ldr	r2, .L94
 780 0064 1368     		ldr	r3, [r2]
 781 0066 43F08073 		orr	r3, r3, #16777216
 782 006a 1360     		str	r3, [r2]
 508:Drivers/STM32F7xx_HAL_Driver/Src/stm32f7xx_hal_pwr_ex.c ****     
 509:Drivers/STM32F7xx_HAL_Driver/Src/stm32f7xx_hal_pwr_ex.c ****     /* Get Start Tick */
 510:Drivers/STM32F7xx_HAL_Driver/Src/stm32f7xx_hal_pwr_ex.c ****     tickstart = HAL_GetTick();
 783              		.loc 1 510 0
 784 006c FFF7FEFF 		bl	HAL_GetTick
 785              	.LVL42:
 786 0070 0446     		mov	r4, r0
 787              	.LVL43:
 788              	.L82:
 511:Drivers/STM32F7xx_HAL_Driver/Src/stm32f7xx_hal_pwr_ex.c ****     /* Wait till PLL is ready */  
 512:Drivers/STM32F7xx_HAL_Driver/Src/stm32f7xx_hal_pwr_ex.c ****     while(__HAL_RCC_GET_FLAG(RCC_FLAG_PLLRDY) == RESET)
 789              		.loc 1 512 0
 790 0072 104B     		ldr	r3, .L94
 791 0074 1B68     		ldr	r3, [r3]
 792 0076 13F0007F 		tst	r3, #33554432
 793 007a 06D1     		bne	.L92
 513:Drivers/STM32F7xx_HAL_Driver/Src/stm32f7xx_hal_pwr_ex.c ****     {
 514:Drivers/STM32F7xx_HAL_Driver/Src/stm32f7xx_hal_pwr_ex.c ****       if((HAL_GetTick() - tickstart ) > PLL_TIMEOUT_VALUE)
 794              		.loc 1 514 0
 795 007c FFF7FEFF 		bl	HAL_GetTick
 796              	.LVL44:
 797 0080 001B     		subs	r0, r0, r4
 798 0082 0228     		cmp	r0, #2
 799 0084 F5D9     		bls	.L82
 515:Drivers/STM32F7xx_HAL_Driver/Src/stm32f7xx_hal_pwr_ex.c ****       {
 516:Drivers/STM32F7xx_HAL_Driver/Src/stm32f7xx_hal_pwr_ex.c ****         return HAL_TIMEOUT;
 800              		.loc 1 516 0
 801 0086 0320     		movs	r0, #3
 802 0088 12E0     		b	.L79
 803              	.L92:
 517:Drivers/STM32F7xx_HAL_Driver/Src/stm32f7xx_hal_pwr_ex.c ****       } 
 518:Drivers/STM32F7xx_HAL_Driver/Src/stm32f7xx_hal_pwr_ex.c ****     }
 519:Drivers/STM32F7xx_HAL_Driver/Src/stm32f7xx_hal_pwr_ex.c ****     
 520:Drivers/STM32F7xx_HAL_Driver/Src/stm32f7xx_hal_pwr_ex.c ****     /* Get Start Tick */
ARM GAS  /tmp/ccUN6RYG.s 			page 24


 521:Drivers/STM32F7xx_HAL_Driver/Src/stm32f7xx_hal_pwr_ex.c ****     tickstart = HAL_GetTick();
 804              		.loc 1 521 0
 805 008a FFF7FEFF 		bl	HAL_GetTick
 806              	.LVL45:
 807 008e 0446     		mov	r4, r0
 808              	.LVL46:
 809              	.L84:
 522:Drivers/STM32F7xx_HAL_Driver/Src/stm32f7xx_hal_pwr_ex.c ****     while((__HAL_PWR_GET_FLAG(PWR_FLAG_VOSRDY) == RESET))
 810              		.loc 1 522 0
 811 0090 094B     		ldr	r3, .L94+4
 812 0092 5B68     		ldr	r3, [r3, #4]
 813 0094 13F4804F 		tst	r3, #16384
 814 0098 07D1     		bne	.L93
 523:Drivers/STM32F7xx_HAL_Driver/Src/stm32f7xx_hal_pwr_ex.c ****     {
 524:Drivers/STM32F7xx_HAL_Driver/Src/stm32f7xx_hal_pwr_ex.c ****       if((HAL_GetTick() - tickstart ) > PWR_VOSRDY_TIMEOUT_VALUE)
 815              		.loc 1 524 0
 816 009a FFF7FEFF 		bl	HAL_GetTick
 817              	.LVL47:
 818 009e 001B     		subs	r0, r0, r4
 819 00a0 B0F57A7F 		cmp	r0, #1000
 820 00a4 F4D9     		bls	.L84
 525:Drivers/STM32F7xx_HAL_Driver/Src/stm32f7xx_hal_pwr_ex.c ****       {
 526:Drivers/STM32F7xx_HAL_Driver/Src/stm32f7xx_hal_pwr_ex.c ****         return HAL_TIMEOUT;
 821              		.loc 1 526 0
 822 00a6 0320     		movs	r0, #3
 823 00a8 02E0     		b	.L79
 824              	.L93:
 527:Drivers/STM32F7xx_HAL_Driver/Src/stm32f7xx_hal_pwr_ex.c ****       } 
 528:Drivers/STM32F7xx_HAL_Driver/Src/stm32f7xx_hal_pwr_ex.c ****     }
 529:Drivers/STM32F7xx_HAL_Driver/Src/stm32f7xx_hal_pwr_ex.c ****   }
 530:Drivers/STM32F7xx_HAL_Driver/Src/stm32f7xx_hal_pwr_ex.c ****   else
 531:Drivers/STM32F7xx_HAL_Driver/Src/stm32f7xx_hal_pwr_ex.c ****   {
 532:Drivers/STM32F7xx_HAL_Driver/Src/stm32f7xx_hal_pwr_ex.c ****     return HAL_ERROR;
 533:Drivers/STM32F7xx_HAL_Driver/Src/stm32f7xx_hal_pwr_ex.c ****   }
 534:Drivers/STM32F7xx_HAL_Driver/Src/stm32f7xx_hal_pwr_ex.c ****   return HAL_OK;
 825              		.loc 1 534 0
 826 00aa 0020     		movs	r0, #0
 827 00ac 00E0     		b	.L79
 828              	.LVL48:
 829              	.L86:
 532:Drivers/STM32F7xx_HAL_Driver/Src/stm32f7xx_hal_pwr_ex.c ****   }
 830              		.loc 1 532 0
 831 00ae 0120     		movs	r0, #1
 832              	.LVL49:
 833              	.L79:
 535:Drivers/STM32F7xx_HAL_Driver/Src/stm32f7xx_hal_pwr_ex.c **** }
 834              		.loc 1 535 0
 835 00b0 03B0     		add	sp, sp, #12
 836              	.LCFI16:
 837              		.cfi_def_cfa_offset 12
 838              		@ sp needed
 839 00b2 30BD     		pop	{r4, r5, pc}
 840              	.L95:
 841              		.align	2
 842              	.L94:
 843 00b4 00380240 		.word	1073887232
 844 00b8 00700040 		.word	1073770496
ARM GAS  /tmp/ccUN6RYG.s 			page 25


 845              		.cfi_endproc
 846              	.LFE153:
 848              		.text
 849              	.Letext0:
 850              		.file 2 "/usr/include/newlib/machine/_default_types.h"
 851              		.file 3 "/usr/include/newlib/sys/_stdint.h"
 852              		.file 4 "Drivers/CMSIS/Include/core_cm7.h"
 853              		.file 5 "Drivers/CMSIS/Device/ST/STM32F7xx/Include/system_stm32f7xx.h"
 854              		.file 6 "Drivers/CMSIS/Device/ST/STM32F7xx/Include/stm32f746xx.h"
 855              		.file 7 "Drivers/CMSIS/Device/ST/STM32F7xx/Include/stm32f7xx.h"
 856              		.file 8 "Drivers/STM32F7xx_HAL_Driver/Inc/stm32f7xx_hal_def.h"
 857              		.file 9 "Drivers/STM32F7xx_HAL_Driver/Inc/stm32f7xx_hal.h"
ARM GAS  /tmp/ccUN6RYG.s 			page 26


DEFINED SYMBOLS
                            *ABS*:0000000000000000 stm32f7xx_hal_pwr_ex.c
     /tmp/ccUN6RYG.s:18     .text.HAL_PWREx_EnableBkUpReg:0000000000000000 $t
     /tmp/ccUN6RYG.s:25     .text.HAL_PWREx_EnableBkUpReg:0000000000000000 HAL_PWREx_EnableBkUpReg
     /tmp/ccUN6RYG.s:77     .text.HAL_PWREx_EnableBkUpReg:0000000000000038 $d
     /tmp/ccUN6RYG.s:82     .text.HAL_PWREx_DisableBkUpReg:0000000000000000 $t
     /tmp/ccUN6RYG.s:89     .text.HAL_PWREx_DisableBkUpReg:0000000000000000 HAL_PWREx_DisableBkUpReg
     /tmp/ccUN6RYG.s:140    .text.HAL_PWREx_DisableBkUpReg:0000000000000038 $d
     /tmp/ccUN6RYG.s:145    .text.HAL_PWREx_EnableFlashPowerDown:0000000000000000 $t
     /tmp/ccUN6RYG.s:152    .text.HAL_PWREx_EnableFlashPowerDown:0000000000000000 HAL_PWREx_EnableFlashPowerDown
     /tmp/ccUN6RYG.s:169    .text.HAL_PWREx_EnableFlashPowerDown:000000000000000c $d
     /tmp/ccUN6RYG.s:174    .text.HAL_PWREx_DisableFlashPowerDown:0000000000000000 $t
     /tmp/ccUN6RYG.s:181    .text.HAL_PWREx_DisableFlashPowerDown:0000000000000000 HAL_PWREx_DisableFlashPowerDown
     /tmp/ccUN6RYG.s:198    .text.HAL_PWREx_DisableFlashPowerDown:000000000000000c $d
     /tmp/ccUN6RYG.s:203    .text.HAL_PWREx_EnableMainRegulatorLowVoltage:0000000000000000 $t
     /tmp/ccUN6RYG.s:210    .text.HAL_PWREx_EnableMainRegulatorLowVoltage:0000000000000000 HAL_PWREx_EnableMainRegulatorLowVoltage
     /tmp/ccUN6RYG.s:227    .text.HAL_PWREx_EnableMainRegulatorLowVoltage:000000000000000c $d
     /tmp/ccUN6RYG.s:232    .text.HAL_PWREx_DisableMainRegulatorLowVoltage:0000000000000000 $t
     /tmp/ccUN6RYG.s:239    .text.HAL_PWREx_DisableMainRegulatorLowVoltage:0000000000000000 HAL_PWREx_DisableMainRegulatorLowVoltage
     /tmp/ccUN6RYG.s:256    .text.HAL_PWREx_DisableMainRegulatorLowVoltage:000000000000000c $d
     /tmp/ccUN6RYG.s:261    .text.HAL_PWREx_EnableLowRegulatorLowVoltage:0000000000000000 $t
     /tmp/ccUN6RYG.s:268    .text.HAL_PWREx_EnableLowRegulatorLowVoltage:0000000000000000 HAL_PWREx_EnableLowRegulatorLowVoltage
     /tmp/ccUN6RYG.s:285    .text.HAL_PWREx_EnableLowRegulatorLowVoltage:000000000000000c $d
     /tmp/ccUN6RYG.s:290    .text.HAL_PWREx_DisableLowRegulatorLowVoltage:0000000000000000 $t
     /tmp/ccUN6RYG.s:297    .text.HAL_PWREx_DisableLowRegulatorLowVoltage:0000000000000000 HAL_PWREx_DisableLowRegulatorLowVoltage
     /tmp/ccUN6RYG.s:314    .text.HAL_PWREx_DisableLowRegulatorLowVoltage:000000000000000c $d
     /tmp/ccUN6RYG.s:319    .text.HAL_PWREx_EnableOverDrive:0000000000000000 $t
     /tmp/ccUN6RYG.s:326    .text.HAL_PWREx_EnableOverDrive:0000000000000000 HAL_PWREx_EnableOverDrive
     /tmp/ccUN6RYG.s:420    .text.HAL_PWREx_EnableOverDrive:0000000000000074 $d
     /tmp/ccUN6RYG.s:426    .text.HAL_PWREx_DisableOverDrive:0000000000000000 $t
     /tmp/ccUN6RYG.s:433    .text.HAL_PWREx_DisableOverDrive:0000000000000000 HAL_PWREx_DisableOverDrive
     /tmp/ccUN6RYG.s:527    .text.HAL_PWREx_DisableOverDrive:0000000000000074 $d
     /tmp/ccUN6RYG.s:533    .text.HAL_PWREx_EnterUnderDriveSTOPMode:0000000000000000 $t
     /tmp/ccUN6RYG.s:540    .text.HAL_PWREx_EnterUnderDriveSTOPMode:0000000000000000 HAL_PWREx_EnterUnderDriveSTOPMode
     /tmp/ccUN6RYG.s:662    .text.HAL_PWREx_EnterUnderDriveSTOPMode:0000000000000084 $d
     /tmp/ccUN6RYG.s:670    .text.HAL_PWREx_GetVoltageRange:0000000000000000 $t
     /tmp/ccUN6RYG.s:677    .text.HAL_PWREx_GetVoltageRange:0000000000000000 HAL_PWREx_GetVoltageRange
     /tmp/ccUN6RYG.s:693    .text.HAL_PWREx_GetVoltageRange:000000000000000c $d
     /tmp/ccUN6RYG.s:698    .text.HAL_PWREx_ControlVoltageScaling:0000000000000000 $t
     /tmp/ccUN6RYG.s:705    .text.HAL_PWREx_ControlVoltageScaling:0000000000000000 HAL_PWREx_ControlVoltageScaling
     /tmp/ccUN6RYG.s:843    .text.HAL_PWREx_ControlVoltageScaling:00000000000000b4 $d

UNDEFINED SYMBOLS
HAL_GetTick
