ARM GAS  /tmp/cc1SBTCr.s 			page 1


   1              		.cpu cortex-m7
   2              		.eabi_attribute 27, 1
   3              		.eabi_attribute 28, 1
   4              		.eabi_attribute 20, 1
   5              		.eabi_attribute 21, 1
   6              		.eabi_attribute 23, 3
   7              		.eabi_attribute 24, 1
   8              		.eabi_attribute 25, 1
   9              		.eabi_attribute 26, 1
  10              		.eabi_attribute 30, 1
  11              		.eabi_attribute 34, 1
  12              		.eabi_attribute 18, 4
  13              		.file	"stm32f7xx_hal_uart_ex.c"
  14              		.text
  15              	.Ltext0:
  16              		.cfi_sections	.debug_frame
  17              		.section	.text.HAL_RS485Ex_Init,"ax",%progbits
  18              		.align	1
  19              		.global	HAL_RS485Ex_Init
  20              		.syntax unified
  21              		.thumb
  22              		.thumb_func
  23              		.fpu fpv5-sp-d16
  25              	HAL_RS485Ex_Init:
  26              	.LFB141:
  27              		.file 1 "Drivers/STM32F7xx_HAL_Driver/Src/stm32f7xx_hal_uart_ex.c"
   1:Drivers/STM32F7xx_HAL_Driver/Src/stm32f7xx_hal_uart_ex.c **** /**
   2:Drivers/STM32F7xx_HAL_Driver/Src/stm32f7xx_hal_uart_ex.c ****   ******************************************************************************
   3:Drivers/STM32F7xx_HAL_Driver/Src/stm32f7xx_hal_uart_ex.c ****   * @file    stm32f7xx_hal_uart_ex.c
   4:Drivers/STM32F7xx_HAL_Driver/Src/stm32f7xx_hal_uart_ex.c ****   * @author  MCD Application Team
   5:Drivers/STM32F7xx_HAL_Driver/Src/stm32f7xx_hal_uart_ex.c ****   * @brief   Extended UART HAL module driver.
   6:Drivers/STM32F7xx_HAL_Driver/Src/stm32f7xx_hal_uart_ex.c ****   *          This file provides firmware functions to manage the following extended
   7:Drivers/STM32F7xx_HAL_Driver/Src/stm32f7xx_hal_uart_ex.c ****   *          functionalities of the Universal Asynchronous Receiver Transmitter Peripheral (UART).
   8:Drivers/STM32F7xx_HAL_Driver/Src/stm32f7xx_hal_uart_ex.c ****   *           + Initialization and de-initialization functions
   9:Drivers/STM32F7xx_HAL_Driver/Src/stm32f7xx_hal_uart_ex.c ****   *           + Peripheral Control functions
  10:Drivers/STM32F7xx_HAL_Driver/Src/stm32f7xx_hal_uart_ex.c ****   *
  11:Drivers/STM32F7xx_HAL_Driver/Src/stm32f7xx_hal_uart_ex.c ****   *
  12:Drivers/STM32F7xx_HAL_Driver/Src/stm32f7xx_hal_uart_ex.c ****   @verbatim
  13:Drivers/STM32F7xx_HAL_Driver/Src/stm32f7xx_hal_uart_ex.c ****   ==============================================================================
  14:Drivers/STM32F7xx_HAL_Driver/Src/stm32f7xx_hal_uart_ex.c ****                ##### UART peripheral extended features  #####
  15:Drivers/STM32F7xx_HAL_Driver/Src/stm32f7xx_hal_uart_ex.c ****   ==============================================================================
  16:Drivers/STM32F7xx_HAL_Driver/Src/stm32f7xx_hal_uart_ex.c **** 
  17:Drivers/STM32F7xx_HAL_Driver/Src/stm32f7xx_hal_uart_ex.c ****     (#) Declare a UART_HandleTypeDef handle structure.
  18:Drivers/STM32F7xx_HAL_Driver/Src/stm32f7xx_hal_uart_ex.c **** 
  19:Drivers/STM32F7xx_HAL_Driver/Src/stm32f7xx_hal_uart_ex.c ****     (#) For the UART RS485 Driver Enable mode, initialize the UART registers
  20:Drivers/STM32F7xx_HAL_Driver/Src/stm32f7xx_hal_uart_ex.c ****         by calling the HAL_RS485Ex_Init() API.
  21:Drivers/STM32F7xx_HAL_Driver/Src/stm32f7xx_hal_uart_ex.c **** 
  22:Drivers/STM32F7xx_HAL_Driver/Src/stm32f7xx_hal_uart_ex.c ****   @endverbatim
  23:Drivers/STM32F7xx_HAL_Driver/Src/stm32f7xx_hal_uart_ex.c ****   ******************************************************************************
  24:Drivers/STM32F7xx_HAL_Driver/Src/stm32f7xx_hal_uart_ex.c ****   * @attention
  25:Drivers/STM32F7xx_HAL_Driver/Src/stm32f7xx_hal_uart_ex.c ****   *
  26:Drivers/STM32F7xx_HAL_Driver/Src/stm32f7xx_hal_uart_ex.c ****   * <h2><center>&copy; Copyright (c) 2017 STMicroelectronics.
  27:Drivers/STM32F7xx_HAL_Driver/Src/stm32f7xx_hal_uart_ex.c ****   * All rights reserved.</center></h2>
  28:Drivers/STM32F7xx_HAL_Driver/Src/stm32f7xx_hal_uart_ex.c ****   *
  29:Drivers/STM32F7xx_HAL_Driver/Src/stm32f7xx_hal_uart_ex.c ****   * This software component is licensed by ST under BSD 3-Clause license,
  30:Drivers/STM32F7xx_HAL_Driver/Src/stm32f7xx_hal_uart_ex.c ****   * the "License"; You may not use this file except in compliance with the
  31:Drivers/STM32F7xx_HAL_Driver/Src/stm32f7xx_hal_uart_ex.c ****   * License. You may obtain a copy of the License at:
ARM GAS  /tmp/cc1SBTCr.s 			page 2


  32:Drivers/STM32F7xx_HAL_Driver/Src/stm32f7xx_hal_uart_ex.c ****   *                        opensource.org/licenses/BSD-3-Clause
  33:Drivers/STM32F7xx_HAL_Driver/Src/stm32f7xx_hal_uart_ex.c ****   *
  34:Drivers/STM32F7xx_HAL_Driver/Src/stm32f7xx_hal_uart_ex.c ****   ******************************************************************************
  35:Drivers/STM32F7xx_HAL_Driver/Src/stm32f7xx_hal_uart_ex.c ****   */
  36:Drivers/STM32F7xx_HAL_Driver/Src/stm32f7xx_hal_uart_ex.c **** 
  37:Drivers/STM32F7xx_HAL_Driver/Src/stm32f7xx_hal_uart_ex.c **** /* Includes ------------------------------------------------------------------*/
  38:Drivers/STM32F7xx_HAL_Driver/Src/stm32f7xx_hal_uart_ex.c **** #include "stm32f7xx_hal.h"
  39:Drivers/STM32F7xx_HAL_Driver/Src/stm32f7xx_hal_uart_ex.c **** 
  40:Drivers/STM32F7xx_HAL_Driver/Src/stm32f7xx_hal_uart_ex.c **** /** @addtogroup STM32F7xx_HAL_Driver
  41:Drivers/STM32F7xx_HAL_Driver/Src/stm32f7xx_hal_uart_ex.c ****   * @{
  42:Drivers/STM32F7xx_HAL_Driver/Src/stm32f7xx_hal_uart_ex.c ****   */
  43:Drivers/STM32F7xx_HAL_Driver/Src/stm32f7xx_hal_uart_ex.c **** 
  44:Drivers/STM32F7xx_HAL_Driver/Src/stm32f7xx_hal_uart_ex.c **** /** @defgroup UARTEx UARTEx
  45:Drivers/STM32F7xx_HAL_Driver/Src/stm32f7xx_hal_uart_ex.c ****   * @brief UART Extended HAL module driver
  46:Drivers/STM32F7xx_HAL_Driver/Src/stm32f7xx_hal_uart_ex.c ****   * @{
  47:Drivers/STM32F7xx_HAL_Driver/Src/stm32f7xx_hal_uart_ex.c ****   */
  48:Drivers/STM32F7xx_HAL_Driver/Src/stm32f7xx_hal_uart_ex.c **** 
  49:Drivers/STM32F7xx_HAL_Driver/Src/stm32f7xx_hal_uart_ex.c **** #ifdef HAL_UART_MODULE_ENABLED
  50:Drivers/STM32F7xx_HAL_Driver/Src/stm32f7xx_hal_uart_ex.c **** 
  51:Drivers/STM32F7xx_HAL_Driver/Src/stm32f7xx_hal_uart_ex.c **** /* Private typedef -----------------------------------------------------------*/
  52:Drivers/STM32F7xx_HAL_Driver/Src/stm32f7xx_hal_uart_ex.c **** /* Private define ------------------------------------------------------------*/
  53:Drivers/STM32F7xx_HAL_Driver/Src/stm32f7xx_hal_uart_ex.c **** 
  54:Drivers/STM32F7xx_HAL_Driver/Src/stm32f7xx_hal_uart_ex.c **** /* Private macros ------------------------------------------------------------*/
  55:Drivers/STM32F7xx_HAL_Driver/Src/stm32f7xx_hal_uart_ex.c **** /* Private variables ---------------------------------------------------------*/
  56:Drivers/STM32F7xx_HAL_Driver/Src/stm32f7xx_hal_uart_ex.c **** /* Private function prototypes -----------------------------------------------*/
  57:Drivers/STM32F7xx_HAL_Driver/Src/stm32f7xx_hal_uart_ex.c **** /** @defgroup UARTEx_Private_Functions UARTEx Private Functions
  58:Drivers/STM32F7xx_HAL_Driver/Src/stm32f7xx_hal_uart_ex.c ****   * @{
  59:Drivers/STM32F7xx_HAL_Driver/Src/stm32f7xx_hal_uart_ex.c ****   */
  60:Drivers/STM32F7xx_HAL_Driver/Src/stm32f7xx_hal_uart_ex.c **** #if defined(USART_CR1_UESM)
  61:Drivers/STM32F7xx_HAL_Driver/Src/stm32f7xx_hal_uart_ex.c **** static void UARTEx_Wakeup_AddressConfig(UART_HandleTypeDef *huart, UART_WakeUpTypeDef WakeUpSelecti
  62:Drivers/STM32F7xx_HAL_Driver/Src/stm32f7xx_hal_uart_ex.c **** #endif /* USART_CR1_UESM */
  63:Drivers/STM32F7xx_HAL_Driver/Src/stm32f7xx_hal_uart_ex.c **** /**
  64:Drivers/STM32F7xx_HAL_Driver/Src/stm32f7xx_hal_uart_ex.c ****   * @}
  65:Drivers/STM32F7xx_HAL_Driver/Src/stm32f7xx_hal_uart_ex.c ****   */
  66:Drivers/STM32F7xx_HAL_Driver/Src/stm32f7xx_hal_uart_ex.c **** 
  67:Drivers/STM32F7xx_HAL_Driver/Src/stm32f7xx_hal_uart_ex.c **** /* Exported functions --------------------------------------------------------*/
  68:Drivers/STM32F7xx_HAL_Driver/Src/stm32f7xx_hal_uart_ex.c **** 
  69:Drivers/STM32F7xx_HAL_Driver/Src/stm32f7xx_hal_uart_ex.c **** /** @defgroup UARTEx_Exported_Functions  UARTEx Exported Functions
  70:Drivers/STM32F7xx_HAL_Driver/Src/stm32f7xx_hal_uart_ex.c ****   * @{
  71:Drivers/STM32F7xx_HAL_Driver/Src/stm32f7xx_hal_uart_ex.c ****   */
  72:Drivers/STM32F7xx_HAL_Driver/Src/stm32f7xx_hal_uart_ex.c **** 
  73:Drivers/STM32F7xx_HAL_Driver/Src/stm32f7xx_hal_uart_ex.c **** /** @defgroup UARTEx_Exported_Functions_Group1 Initialization and de-initialization functions
  74:Drivers/STM32F7xx_HAL_Driver/Src/stm32f7xx_hal_uart_ex.c ****   * @brief    Extended Initialization and Configuration Functions
  75:Drivers/STM32F7xx_HAL_Driver/Src/stm32f7xx_hal_uart_ex.c ****   *
  76:Drivers/STM32F7xx_HAL_Driver/Src/stm32f7xx_hal_uart_ex.c **** @verbatim
  77:Drivers/STM32F7xx_HAL_Driver/Src/stm32f7xx_hal_uart_ex.c **** ===============================================================================
  78:Drivers/STM32F7xx_HAL_Driver/Src/stm32f7xx_hal_uart_ex.c ****             ##### Initialization and Configuration functions #####
  79:Drivers/STM32F7xx_HAL_Driver/Src/stm32f7xx_hal_uart_ex.c ****  ===============================================================================
  80:Drivers/STM32F7xx_HAL_Driver/Src/stm32f7xx_hal_uart_ex.c ****     [..]
  81:Drivers/STM32F7xx_HAL_Driver/Src/stm32f7xx_hal_uart_ex.c ****     This subsection provides a set of functions allowing to initialize the USARTx or the UARTy
  82:Drivers/STM32F7xx_HAL_Driver/Src/stm32f7xx_hal_uart_ex.c ****     in asynchronous mode.
  83:Drivers/STM32F7xx_HAL_Driver/Src/stm32f7xx_hal_uart_ex.c ****       (+) For the asynchronous mode the parameters below can be configured:
  84:Drivers/STM32F7xx_HAL_Driver/Src/stm32f7xx_hal_uart_ex.c ****         (++) Baud Rate
  85:Drivers/STM32F7xx_HAL_Driver/Src/stm32f7xx_hal_uart_ex.c ****         (++) Word Length
  86:Drivers/STM32F7xx_HAL_Driver/Src/stm32f7xx_hal_uart_ex.c ****         (++) Stop Bit
  87:Drivers/STM32F7xx_HAL_Driver/Src/stm32f7xx_hal_uart_ex.c ****         (++) Parity: If the parity is enabled, then the MSB bit of the data written
  88:Drivers/STM32F7xx_HAL_Driver/Src/stm32f7xx_hal_uart_ex.c ****              in the data register is transmitted but is changed by the parity bit.
ARM GAS  /tmp/cc1SBTCr.s 			page 3


  89:Drivers/STM32F7xx_HAL_Driver/Src/stm32f7xx_hal_uart_ex.c ****         (++) Hardware flow control
  90:Drivers/STM32F7xx_HAL_Driver/Src/stm32f7xx_hal_uart_ex.c ****         (++) Receiver/transmitter modes
  91:Drivers/STM32F7xx_HAL_Driver/Src/stm32f7xx_hal_uart_ex.c ****         (++) Over Sampling Method
  92:Drivers/STM32F7xx_HAL_Driver/Src/stm32f7xx_hal_uart_ex.c ****         (++) One-Bit Sampling Method
  93:Drivers/STM32F7xx_HAL_Driver/Src/stm32f7xx_hal_uart_ex.c ****       (+) For the asynchronous mode, the following advanced features can be configured as well:
  94:Drivers/STM32F7xx_HAL_Driver/Src/stm32f7xx_hal_uart_ex.c ****         (++) TX and/or RX pin level inversion
  95:Drivers/STM32F7xx_HAL_Driver/Src/stm32f7xx_hal_uart_ex.c ****         (++) data logical level inversion
  96:Drivers/STM32F7xx_HAL_Driver/Src/stm32f7xx_hal_uart_ex.c ****         (++) RX and TX pins swap
  97:Drivers/STM32F7xx_HAL_Driver/Src/stm32f7xx_hal_uart_ex.c ****         (++) RX overrun detection disabling
  98:Drivers/STM32F7xx_HAL_Driver/Src/stm32f7xx_hal_uart_ex.c ****         (++) DMA disabling on RX error
  99:Drivers/STM32F7xx_HAL_Driver/Src/stm32f7xx_hal_uart_ex.c ****         (++) MSB first on communication line
 100:Drivers/STM32F7xx_HAL_Driver/Src/stm32f7xx_hal_uart_ex.c ****         (++) auto Baud rate detection
 101:Drivers/STM32F7xx_HAL_Driver/Src/stm32f7xx_hal_uart_ex.c ****     [..]
 102:Drivers/STM32F7xx_HAL_Driver/Src/stm32f7xx_hal_uart_ex.c ****     The HAL_RS485Ex_Init() API follows the UART RS485 mode configuration
 103:Drivers/STM32F7xx_HAL_Driver/Src/stm32f7xx_hal_uart_ex.c ****      procedures (details for the procedures are available in reference manual).
 104:Drivers/STM32F7xx_HAL_Driver/Src/stm32f7xx_hal_uart_ex.c **** 
 105:Drivers/STM32F7xx_HAL_Driver/Src/stm32f7xx_hal_uart_ex.c **** @endverbatim
 106:Drivers/STM32F7xx_HAL_Driver/Src/stm32f7xx_hal_uart_ex.c **** 
 107:Drivers/STM32F7xx_HAL_Driver/Src/stm32f7xx_hal_uart_ex.c ****   Depending on the frame length defined by the M1 and M0 bits (7-bit,
 108:Drivers/STM32F7xx_HAL_Driver/Src/stm32f7xx_hal_uart_ex.c ****   8-bit or 9-bit), the possible UART formats are listed in the
 109:Drivers/STM32F7xx_HAL_Driver/Src/stm32f7xx_hal_uart_ex.c ****   following table.
 110:Drivers/STM32F7xx_HAL_Driver/Src/stm32f7xx_hal_uart_ex.c **** 
 111:Drivers/STM32F7xx_HAL_Driver/Src/stm32f7xx_hal_uart_ex.c ****     Table 1. UART frame format.
 112:Drivers/STM32F7xx_HAL_Driver/Src/stm32f7xx_hal_uart_ex.c ****     +-----------------------------------------------------------------------+
 113:Drivers/STM32F7xx_HAL_Driver/Src/stm32f7xx_hal_uart_ex.c ****     |  M1 bit |  M0 bit |  PCE bit  |             UART frame                |
 114:Drivers/STM32F7xx_HAL_Driver/Src/stm32f7xx_hal_uart_ex.c ****     |---------|---------|-----------|---------------------------------------|
 115:Drivers/STM32F7xx_HAL_Driver/Src/stm32f7xx_hal_uart_ex.c ****     |    0    |    0    |    0      |    | SB |    8 bit data   | STB |     |
 116:Drivers/STM32F7xx_HAL_Driver/Src/stm32f7xx_hal_uart_ex.c ****     |---------|---------|-----------|---------------------------------------|
 117:Drivers/STM32F7xx_HAL_Driver/Src/stm32f7xx_hal_uart_ex.c ****     |    0    |    0    |    1      |    | SB | 7 bit data | PB | STB |     |
 118:Drivers/STM32F7xx_HAL_Driver/Src/stm32f7xx_hal_uart_ex.c ****     |---------|---------|-----------|---------------------------------------|
 119:Drivers/STM32F7xx_HAL_Driver/Src/stm32f7xx_hal_uart_ex.c ****     |    0    |    1    |    0      |    | SB |    9 bit data   | STB |     |
 120:Drivers/STM32F7xx_HAL_Driver/Src/stm32f7xx_hal_uart_ex.c ****     |---------|---------|-----------|---------------------------------------|
 121:Drivers/STM32F7xx_HAL_Driver/Src/stm32f7xx_hal_uart_ex.c ****     |    0    |    1    |    1      |    | SB | 8 bit data | PB | STB |     |
 122:Drivers/STM32F7xx_HAL_Driver/Src/stm32f7xx_hal_uart_ex.c ****     |---------|---------|-----------|---------------------------------------|
 123:Drivers/STM32F7xx_HAL_Driver/Src/stm32f7xx_hal_uart_ex.c ****     |    1    |    0    |    0      |    | SB |    7 bit data   | STB |     |
 124:Drivers/STM32F7xx_HAL_Driver/Src/stm32f7xx_hal_uart_ex.c ****     |---------|---------|-----------|---------------------------------------|
 125:Drivers/STM32F7xx_HAL_Driver/Src/stm32f7xx_hal_uart_ex.c ****     |    1    |    0    |    1      |    | SB | 6 bit data | PB | STB |     |
 126:Drivers/STM32F7xx_HAL_Driver/Src/stm32f7xx_hal_uart_ex.c ****     +-----------------------------------------------------------------------+
 127:Drivers/STM32F7xx_HAL_Driver/Src/stm32f7xx_hal_uart_ex.c **** 
 128:Drivers/STM32F7xx_HAL_Driver/Src/stm32f7xx_hal_uart_ex.c ****   * @{
 129:Drivers/STM32F7xx_HAL_Driver/Src/stm32f7xx_hal_uart_ex.c ****   */
 130:Drivers/STM32F7xx_HAL_Driver/Src/stm32f7xx_hal_uart_ex.c **** 
 131:Drivers/STM32F7xx_HAL_Driver/Src/stm32f7xx_hal_uart_ex.c **** /**
 132:Drivers/STM32F7xx_HAL_Driver/Src/stm32f7xx_hal_uart_ex.c ****   * @brief Initialize the RS485 Driver enable feature according to the specified
 133:Drivers/STM32F7xx_HAL_Driver/Src/stm32f7xx_hal_uart_ex.c ****   *         parameters in the UART_InitTypeDef and creates the associated handle.
 134:Drivers/STM32F7xx_HAL_Driver/Src/stm32f7xx_hal_uart_ex.c ****   * @param huart            UART handle.
 135:Drivers/STM32F7xx_HAL_Driver/Src/stm32f7xx_hal_uart_ex.c ****   * @param Polarity         Select the driver enable polarity.
 136:Drivers/STM32F7xx_HAL_Driver/Src/stm32f7xx_hal_uart_ex.c ****   *          This parameter can be one of the following values:
 137:Drivers/STM32F7xx_HAL_Driver/Src/stm32f7xx_hal_uart_ex.c ****   *          @arg @ref UART_DE_POLARITY_HIGH DE signal is active high
 138:Drivers/STM32F7xx_HAL_Driver/Src/stm32f7xx_hal_uart_ex.c ****   *          @arg @ref UART_DE_POLARITY_LOW  DE signal is active low
 139:Drivers/STM32F7xx_HAL_Driver/Src/stm32f7xx_hal_uart_ex.c ****   * @param AssertionTime    Driver Enable assertion time:
 140:Drivers/STM32F7xx_HAL_Driver/Src/stm32f7xx_hal_uart_ex.c ****   *       5-bit value defining the time between the activation of the DE (Driver Enable)
 141:Drivers/STM32F7xx_HAL_Driver/Src/stm32f7xx_hal_uart_ex.c ****   *       signal and the beginning of the start bit. It is expressed in sample time
 142:Drivers/STM32F7xx_HAL_Driver/Src/stm32f7xx_hal_uart_ex.c ****   *       units (1/8 or 1/16 bit time, depending on the oversampling rate)
 143:Drivers/STM32F7xx_HAL_Driver/Src/stm32f7xx_hal_uart_ex.c ****   * @param DeassertionTime  Driver Enable deassertion time:
 144:Drivers/STM32F7xx_HAL_Driver/Src/stm32f7xx_hal_uart_ex.c ****   *       5-bit value defining the time between the end of the last stop bit, in a
 145:Drivers/STM32F7xx_HAL_Driver/Src/stm32f7xx_hal_uart_ex.c ****   *       transmitted message, and the de-activation of the DE (Driver Enable) signal.
ARM GAS  /tmp/cc1SBTCr.s 			page 4


 146:Drivers/STM32F7xx_HAL_Driver/Src/stm32f7xx_hal_uart_ex.c ****   *       It is expressed in sample time units (1/8 or 1/16 bit time, depending on the
 147:Drivers/STM32F7xx_HAL_Driver/Src/stm32f7xx_hal_uart_ex.c ****   *       oversampling rate).
 148:Drivers/STM32F7xx_HAL_Driver/Src/stm32f7xx_hal_uart_ex.c ****   * @retval HAL status
 149:Drivers/STM32F7xx_HAL_Driver/Src/stm32f7xx_hal_uart_ex.c ****   */
 150:Drivers/STM32F7xx_HAL_Driver/Src/stm32f7xx_hal_uart_ex.c **** HAL_StatusTypeDef HAL_RS485Ex_Init(UART_HandleTypeDef *huart, uint32_t Polarity, uint32_t Assertion
 151:Drivers/STM32F7xx_HAL_Driver/Src/stm32f7xx_hal_uart_ex.c ****                                    uint32_t DeassertionTime)
 152:Drivers/STM32F7xx_HAL_Driver/Src/stm32f7xx_hal_uart_ex.c **** {
  28              		.loc 1 152 0
  29              		.cfi_startproc
  30              		@ args = 0, pretend = 0, frame = 0
  31              		@ frame_needed = 0, uses_anonymous_args = 0
  32              	.LVL0:
 153:Drivers/STM32F7xx_HAL_Driver/Src/stm32f7xx_hal_uart_ex.c ****   uint32_t temp;
 154:Drivers/STM32F7xx_HAL_Driver/Src/stm32f7xx_hal_uart_ex.c **** 
 155:Drivers/STM32F7xx_HAL_Driver/Src/stm32f7xx_hal_uart_ex.c ****   /* Check the UART handle allocation */
 156:Drivers/STM32F7xx_HAL_Driver/Src/stm32f7xx_hal_uart_ex.c ****   if (huart == NULL)
  33              		.loc 1 156 0
  34 0000 0028     		cmp	r0, #0
  35 0002 3AD0     		beq	.L5
 152:Drivers/STM32F7xx_HAL_Driver/Src/stm32f7xx_hal_uart_ex.c ****   uint32_t temp;
  36              		.loc 1 152 0
  37 0004 F8B5     		push	{r3, r4, r5, r6, r7, lr}
  38              	.LCFI0:
  39              		.cfi_def_cfa_offset 24
  40              		.cfi_offset 3, -24
  41              		.cfi_offset 4, -20
  42              		.cfi_offset 5, -16
  43              		.cfi_offset 6, -12
  44              		.cfi_offset 7, -8
  45              		.cfi_offset 14, -4
  46 0006 0446     		mov	r4, r0
  47 0008 1D46     		mov	r5, r3
  48 000a 1646     		mov	r6, r2
  49 000c 0F46     		mov	r7, r1
 157:Drivers/STM32F7xx_HAL_Driver/Src/stm32f7xx_hal_uart_ex.c ****   {
 158:Drivers/STM32F7xx_HAL_Driver/Src/stm32f7xx_hal_uart_ex.c ****     return HAL_ERROR;
 159:Drivers/STM32F7xx_HAL_Driver/Src/stm32f7xx_hal_uart_ex.c ****   }
 160:Drivers/STM32F7xx_HAL_Driver/Src/stm32f7xx_hal_uart_ex.c ****   /* Check the Driver Enable UART instance */
 161:Drivers/STM32F7xx_HAL_Driver/Src/stm32f7xx_hal_uart_ex.c ****   assert_param(IS_UART_DRIVER_ENABLE_INSTANCE(huart->Instance));
 162:Drivers/STM32F7xx_HAL_Driver/Src/stm32f7xx_hal_uart_ex.c **** 
 163:Drivers/STM32F7xx_HAL_Driver/Src/stm32f7xx_hal_uart_ex.c ****   /* Check the Driver Enable polarity */
 164:Drivers/STM32F7xx_HAL_Driver/Src/stm32f7xx_hal_uart_ex.c ****   assert_param(IS_UART_DE_POLARITY(Polarity));
 165:Drivers/STM32F7xx_HAL_Driver/Src/stm32f7xx_hal_uart_ex.c **** 
 166:Drivers/STM32F7xx_HAL_Driver/Src/stm32f7xx_hal_uart_ex.c ****   /* Check the Driver Enable assertion time */
 167:Drivers/STM32F7xx_HAL_Driver/Src/stm32f7xx_hal_uart_ex.c ****   assert_param(IS_UART_ASSERTIONTIME(AssertionTime));
 168:Drivers/STM32F7xx_HAL_Driver/Src/stm32f7xx_hal_uart_ex.c **** 
 169:Drivers/STM32F7xx_HAL_Driver/Src/stm32f7xx_hal_uart_ex.c ****   /* Check the Driver Enable deassertion time */
 170:Drivers/STM32F7xx_HAL_Driver/Src/stm32f7xx_hal_uart_ex.c ****   assert_param(IS_UART_DEASSERTIONTIME(DeassertionTime));
 171:Drivers/STM32F7xx_HAL_Driver/Src/stm32f7xx_hal_uart_ex.c **** 
 172:Drivers/STM32F7xx_HAL_Driver/Src/stm32f7xx_hal_uart_ex.c ****   if (huart->gState == HAL_UART_STATE_RESET)
  50              		.loc 1 172 0
  51 000e 436F     		ldr	r3, [r0, #116]
  52              	.LVL1:
  53 0010 53B3     		cbz	r3, .L10
  54              	.LVL2:
  55              	.L3:
 173:Drivers/STM32F7xx_HAL_Driver/Src/stm32f7xx_hal_uart_ex.c ****   {
ARM GAS  /tmp/cc1SBTCr.s 			page 5


 174:Drivers/STM32F7xx_HAL_Driver/Src/stm32f7xx_hal_uart_ex.c ****     /* Allocate lock resource and initialize it */
 175:Drivers/STM32F7xx_HAL_Driver/Src/stm32f7xx_hal_uart_ex.c ****     huart->Lock = HAL_UNLOCKED;
 176:Drivers/STM32F7xx_HAL_Driver/Src/stm32f7xx_hal_uart_ex.c **** 
 177:Drivers/STM32F7xx_HAL_Driver/Src/stm32f7xx_hal_uart_ex.c **** #if (USE_HAL_UART_REGISTER_CALLBACKS == 1)
 178:Drivers/STM32F7xx_HAL_Driver/Src/stm32f7xx_hal_uart_ex.c ****     UART_InitCallbacksToDefault(huart);
 179:Drivers/STM32F7xx_HAL_Driver/Src/stm32f7xx_hal_uart_ex.c **** 
 180:Drivers/STM32F7xx_HAL_Driver/Src/stm32f7xx_hal_uart_ex.c ****     if (huart->MspInitCallback == NULL)
 181:Drivers/STM32F7xx_HAL_Driver/Src/stm32f7xx_hal_uart_ex.c ****     {
 182:Drivers/STM32F7xx_HAL_Driver/Src/stm32f7xx_hal_uart_ex.c ****       huart->MspInitCallback = HAL_UART_MspInit;
 183:Drivers/STM32F7xx_HAL_Driver/Src/stm32f7xx_hal_uart_ex.c ****     }
 184:Drivers/STM32F7xx_HAL_Driver/Src/stm32f7xx_hal_uart_ex.c **** 
 185:Drivers/STM32F7xx_HAL_Driver/Src/stm32f7xx_hal_uart_ex.c ****     /* Init the low level hardware */
 186:Drivers/STM32F7xx_HAL_Driver/Src/stm32f7xx_hal_uart_ex.c ****     huart->MspInitCallback(huart);
 187:Drivers/STM32F7xx_HAL_Driver/Src/stm32f7xx_hal_uart_ex.c **** #else
 188:Drivers/STM32F7xx_HAL_Driver/Src/stm32f7xx_hal_uart_ex.c ****     /* Init the low level hardware : GPIO, CLOCK, CORTEX */
 189:Drivers/STM32F7xx_HAL_Driver/Src/stm32f7xx_hal_uart_ex.c ****     HAL_UART_MspInit(huart);
 190:Drivers/STM32F7xx_HAL_Driver/Src/stm32f7xx_hal_uart_ex.c **** #endif /* (USE_HAL_UART_REGISTER_CALLBACKS) */
 191:Drivers/STM32F7xx_HAL_Driver/Src/stm32f7xx_hal_uart_ex.c ****   }
 192:Drivers/STM32F7xx_HAL_Driver/Src/stm32f7xx_hal_uart_ex.c **** 
 193:Drivers/STM32F7xx_HAL_Driver/Src/stm32f7xx_hal_uart_ex.c ****   huart->gState = HAL_UART_STATE_BUSY;
  56              		.loc 1 193 0
  57 0012 2423     		movs	r3, #36
  58 0014 6367     		str	r3, [r4, #116]
 194:Drivers/STM32F7xx_HAL_Driver/Src/stm32f7xx_hal_uart_ex.c **** 
 195:Drivers/STM32F7xx_HAL_Driver/Src/stm32f7xx_hal_uart_ex.c ****   /* Disable the Peripheral */
 196:Drivers/STM32F7xx_HAL_Driver/Src/stm32f7xx_hal_uart_ex.c ****   __HAL_UART_DISABLE(huart);
  59              		.loc 1 196 0
  60 0016 2268     		ldr	r2, [r4]
  61 0018 1368     		ldr	r3, [r2]
  62 001a 23F00103 		bic	r3, r3, #1
  63 001e 1360     		str	r3, [r2]
 197:Drivers/STM32F7xx_HAL_Driver/Src/stm32f7xx_hal_uart_ex.c **** 
 198:Drivers/STM32F7xx_HAL_Driver/Src/stm32f7xx_hal_uart_ex.c ****   /* Set the UART Communication parameters */
 199:Drivers/STM32F7xx_HAL_Driver/Src/stm32f7xx_hal_uart_ex.c ****   if (UART_SetConfig(huart) == HAL_ERROR)
  64              		.loc 1 199 0
  65 0020 2046     		mov	r0, r4
  66 0022 FFF7FEFF 		bl	UART_SetConfig
  67              	.LVL3:
  68 0026 0128     		cmp	r0, #1
  69 0028 1DD0     		beq	.L2
 200:Drivers/STM32F7xx_HAL_Driver/Src/stm32f7xx_hal_uart_ex.c ****   {
 201:Drivers/STM32F7xx_HAL_Driver/Src/stm32f7xx_hal_uart_ex.c ****     return HAL_ERROR;
 202:Drivers/STM32F7xx_HAL_Driver/Src/stm32f7xx_hal_uart_ex.c ****   }
 203:Drivers/STM32F7xx_HAL_Driver/Src/stm32f7xx_hal_uart_ex.c **** 
 204:Drivers/STM32F7xx_HAL_Driver/Src/stm32f7xx_hal_uart_ex.c ****   if (huart->AdvancedInit.AdvFeatureInit != UART_ADVFEATURE_NO_INIT)
  70              		.loc 1 204 0
  71 002a 636A     		ldr	r3, [r4, #36]
  72 002c 0BBB     		cbnz	r3, .L11
  73              	.L4:
 205:Drivers/STM32F7xx_HAL_Driver/Src/stm32f7xx_hal_uart_ex.c ****   {
 206:Drivers/STM32F7xx_HAL_Driver/Src/stm32f7xx_hal_uart_ex.c ****     UART_AdvFeatureConfig(huart);
 207:Drivers/STM32F7xx_HAL_Driver/Src/stm32f7xx_hal_uart_ex.c ****   }
 208:Drivers/STM32F7xx_HAL_Driver/Src/stm32f7xx_hal_uart_ex.c **** 
 209:Drivers/STM32F7xx_HAL_Driver/Src/stm32f7xx_hal_uart_ex.c ****   /* Enable the Driver Enable mode by setting the DEM bit in the CR3 register */
 210:Drivers/STM32F7xx_HAL_Driver/Src/stm32f7xx_hal_uart_ex.c ****   SET_BIT(huart->Instance->CR3, USART_CR3_DEM);
  74              		.loc 1 210 0
  75 002e 2268     		ldr	r2, [r4]
ARM GAS  /tmp/cc1SBTCr.s 			page 6


  76 0030 9368     		ldr	r3, [r2, #8]
  77 0032 43F48043 		orr	r3, r3, #16384
  78 0036 9360     		str	r3, [r2, #8]
 211:Drivers/STM32F7xx_HAL_Driver/Src/stm32f7xx_hal_uart_ex.c **** 
 212:Drivers/STM32F7xx_HAL_Driver/Src/stm32f7xx_hal_uart_ex.c ****   /* Set the Driver Enable polarity */
 213:Drivers/STM32F7xx_HAL_Driver/Src/stm32f7xx_hal_uart_ex.c ****   MODIFY_REG(huart->Instance->CR3, USART_CR3_DEP, Polarity);
  79              		.loc 1 213 0
  80 0038 2268     		ldr	r2, [r4]
  81 003a 9368     		ldr	r3, [r2, #8]
  82 003c 23F40043 		bic	r3, r3, #32768
  83 0040 3B43     		orrs	r3, r3, r7
  84 0042 9360     		str	r3, [r2, #8]
  85              	.LVL4:
 214:Drivers/STM32F7xx_HAL_Driver/Src/stm32f7xx_hal_uart_ex.c **** 
 215:Drivers/STM32F7xx_HAL_Driver/Src/stm32f7xx_hal_uart_ex.c ****   /* Set the Driver Enable assertion and deassertion times */
 216:Drivers/STM32F7xx_HAL_Driver/Src/stm32f7xx_hal_uart_ex.c ****   temp = (AssertionTime << UART_CR1_DEAT_ADDRESS_LSB_POS);
 217:Drivers/STM32F7xx_HAL_Driver/Src/stm32f7xx_hal_uart_ex.c ****   temp |= (DeassertionTime << UART_CR1_DEDT_ADDRESS_LSB_POS);
  86              		.loc 1 217 0
  87 0044 2D04     		lsls	r5, r5, #16
  88              	.LVL5:
  89 0046 45EA4652 		orr	r2, r5, r6, lsl #21
  90              	.LVL6:
 218:Drivers/STM32F7xx_HAL_Driver/Src/stm32f7xx_hal_uart_ex.c ****   MODIFY_REG(huart->Instance->CR1, (USART_CR1_DEDT | USART_CR1_DEAT), temp);
  91              		.loc 1 218 0
  92 004a 2368     		ldr	r3, [r4]
  93 004c 1968     		ldr	r1, [r3]
  94 004e 0C4D     		ldr	r5, .L12
  95 0050 0D40     		ands	r5, r5, r1
  96 0052 2A43     		orrs	r2, r2, r5
  97              	.LVL7:
  98 0054 1A60     		str	r2, [r3]
 219:Drivers/STM32F7xx_HAL_Driver/Src/stm32f7xx_hal_uart_ex.c **** 
 220:Drivers/STM32F7xx_HAL_Driver/Src/stm32f7xx_hal_uart_ex.c ****   /* Enable the Peripheral */
 221:Drivers/STM32F7xx_HAL_Driver/Src/stm32f7xx_hal_uart_ex.c ****   __HAL_UART_ENABLE(huart);
  99              		.loc 1 221 0
 100 0056 2268     		ldr	r2, [r4]
 101 0058 1368     		ldr	r3, [r2]
 102 005a 43F00103 		orr	r3, r3, #1
 103 005e 1360     		str	r3, [r2]
 222:Drivers/STM32F7xx_HAL_Driver/Src/stm32f7xx_hal_uart_ex.c **** 
 223:Drivers/STM32F7xx_HAL_Driver/Src/stm32f7xx_hal_uart_ex.c ****   /* TEACK and/or REACK to check before moving huart->gState and huart->RxState to Ready */
 224:Drivers/STM32F7xx_HAL_Driver/Src/stm32f7xx_hal_uart_ex.c ****   return (UART_CheckIdleState(huart));
 104              		.loc 1 224 0
 105 0060 2046     		mov	r0, r4
 106 0062 FFF7FEFF 		bl	UART_CheckIdleState
 107              	.LVL8:
 108              	.L2:
 225:Drivers/STM32F7xx_HAL_Driver/Src/stm32f7xx_hal_uart_ex.c **** }
 109              		.loc 1 225 0
 110 0066 F8BD     		pop	{r3, r4, r5, r6, r7, pc}
 111              	.LVL9:
 112              	.L10:
 175:Drivers/STM32F7xx_HAL_Driver/Src/stm32f7xx_hal_uart_ex.c **** 
 113              		.loc 1 175 0
 114 0068 80F87030 		strb	r3, [r0, #112]
 189:Drivers/STM32F7xx_HAL_Driver/Src/stm32f7xx_hal_uart_ex.c **** #endif /* (USE_HAL_UART_REGISTER_CALLBACKS) */
 115              		.loc 1 189 0
ARM GAS  /tmp/cc1SBTCr.s 			page 7


 116 006c FFF7FEFF 		bl	HAL_UART_MspInit
 117              	.LVL10:
 118 0070 CFE7     		b	.L3
 119              	.L11:
 206:Drivers/STM32F7xx_HAL_Driver/Src/stm32f7xx_hal_uart_ex.c ****   }
 120              		.loc 1 206 0
 121 0072 2046     		mov	r0, r4
 122 0074 FFF7FEFF 		bl	UART_AdvFeatureConfig
 123              	.LVL11:
 124 0078 D9E7     		b	.L4
 125              	.LVL12:
 126              	.L5:
 127              	.LCFI1:
 128              		.cfi_def_cfa_offset 0
 129              		.cfi_restore 3
 130              		.cfi_restore 4
 131              		.cfi_restore 5
 132              		.cfi_restore 6
 133              		.cfi_restore 7
 134              		.cfi_restore 14
 158:Drivers/STM32F7xx_HAL_Driver/Src/stm32f7xx_hal_uart_ex.c ****   }
 135              		.loc 1 158 0
 136 007a 0120     		movs	r0, #1
 137              	.LVL13:
 138              		.loc 1 225 0
 139 007c 7047     		bx	lr
 140              	.L13:
 141 007e 00BF     		.align	2
 142              	.L12:
 143 0080 FFFF00FC 		.word	-67043329
 144              		.cfi_endproc
 145              	.LFE141:
 147              		.section	.text.HAL_MultiProcessorEx_AddressLength_Set,"ax",%progbits
 148              		.align	1
 149              		.global	HAL_MultiProcessorEx_AddressLength_Set
 150              		.syntax unified
 151              		.thumb
 152              		.thumb_func
 153              		.fpu fpv5-sp-d16
 155              	HAL_MultiProcessorEx_AddressLength_Set:
 156              	.LFB142:
 226:Drivers/STM32F7xx_HAL_Driver/Src/stm32f7xx_hal_uart_ex.c **** 
 227:Drivers/STM32F7xx_HAL_Driver/Src/stm32f7xx_hal_uart_ex.c **** /**
 228:Drivers/STM32F7xx_HAL_Driver/Src/stm32f7xx_hal_uart_ex.c ****   * @}
 229:Drivers/STM32F7xx_HAL_Driver/Src/stm32f7xx_hal_uart_ex.c ****   */
 230:Drivers/STM32F7xx_HAL_Driver/Src/stm32f7xx_hal_uart_ex.c **** 
 231:Drivers/STM32F7xx_HAL_Driver/Src/stm32f7xx_hal_uart_ex.c **** 
 232:Drivers/STM32F7xx_HAL_Driver/Src/stm32f7xx_hal_uart_ex.c **** /** @defgroup UARTEx_Exported_Functions_Group3 Peripheral Control functions
 233:Drivers/STM32F7xx_HAL_Driver/Src/stm32f7xx_hal_uart_ex.c ****   * @brief    Extended Peripheral Control functions
 234:Drivers/STM32F7xx_HAL_Driver/Src/stm32f7xx_hal_uart_ex.c ****   *
 235:Drivers/STM32F7xx_HAL_Driver/Src/stm32f7xx_hal_uart_ex.c **** @verbatim
 236:Drivers/STM32F7xx_HAL_Driver/Src/stm32f7xx_hal_uart_ex.c ****  ===============================================================================
 237:Drivers/STM32F7xx_HAL_Driver/Src/stm32f7xx_hal_uart_ex.c ****                       ##### Peripheral Control functions #####
 238:Drivers/STM32F7xx_HAL_Driver/Src/stm32f7xx_hal_uart_ex.c ****  ===============================================================================
 239:Drivers/STM32F7xx_HAL_Driver/Src/stm32f7xx_hal_uart_ex.c ****     [..] This section provides the following functions:
 240:Drivers/STM32F7xx_HAL_Driver/Src/stm32f7xx_hal_uart_ex.c ****      (+) HAL_UARTEx_EnableClockStopMode() API enables the UART clock (HSI or LSE only) during stop 
 241:Drivers/STM32F7xx_HAL_Driver/Src/stm32f7xx_hal_uart_ex.c ****      (+) HAL_UARTEx_DisableClockStopMode() API disables the above functionality
ARM GAS  /tmp/cc1SBTCr.s 			page 8


 242:Drivers/STM32F7xx_HAL_Driver/Src/stm32f7xx_hal_uart_ex.c ****      (+) HAL_MultiProcessorEx_AddressLength_Set() API optionally sets the UART node address
 243:Drivers/STM32F7xx_HAL_Driver/Src/stm32f7xx_hal_uart_ex.c ****          detection length to more than 4 bits for multiprocessor address mark wake up.
 244:Drivers/STM32F7xx_HAL_Driver/Src/stm32f7xx_hal_uart_ex.c **** #if defined(USART_CR1_UESM)
 245:Drivers/STM32F7xx_HAL_Driver/Src/stm32f7xx_hal_uart_ex.c ****      (+) HAL_UARTEx_StopModeWakeUpSourceConfig() API defines the wake-up from stop mode
 246:Drivers/STM32F7xx_HAL_Driver/Src/stm32f7xx_hal_uart_ex.c ****          trigger: address match, Start Bit detection or RXNE bit status.
 247:Drivers/STM32F7xx_HAL_Driver/Src/stm32f7xx_hal_uart_ex.c ****      (+) HAL_UARTEx_EnableStopMode() API enables the UART to wake up the MCU from stop mode
 248:Drivers/STM32F7xx_HAL_Driver/Src/stm32f7xx_hal_uart_ex.c ****      (+) HAL_UARTEx_DisableStopMode() API disables the above functionality
 249:Drivers/STM32F7xx_HAL_Driver/Src/stm32f7xx_hal_uart_ex.c **** #endif
 250:Drivers/STM32F7xx_HAL_Driver/Src/stm32f7xx_hal_uart_ex.c **** 
 251:Drivers/STM32F7xx_HAL_Driver/Src/stm32f7xx_hal_uart_ex.c **** @endverbatim
 252:Drivers/STM32F7xx_HAL_Driver/Src/stm32f7xx_hal_uart_ex.c ****   * @{
 253:Drivers/STM32F7xx_HAL_Driver/Src/stm32f7xx_hal_uart_ex.c ****   */
 254:Drivers/STM32F7xx_HAL_Driver/Src/stm32f7xx_hal_uart_ex.c **** 
 255:Drivers/STM32F7xx_HAL_Driver/Src/stm32f7xx_hal_uart_ex.c **** #if defined(USART_CR3_UCESM)
 256:Drivers/STM32F7xx_HAL_Driver/Src/stm32f7xx_hal_uart_ex.c **** /**
 257:Drivers/STM32F7xx_HAL_Driver/Src/stm32f7xx_hal_uart_ex.c ****   * @brief  Keep UART Clock enabled when in Stop Mode.
 258:Drivers/STM32F7xx_HAL_Driver/Src/stm32f7xx_hal_uart_ex.c ****   * @note   When the USART clock source is configured to be LSE or HSI, it is possible to keep enab
 259:Drivers/STM32F7xx_HAL_Driver/Src/stm32f7xx_hal_uart_ex.c ****   *         this clock during STOP mode by setting the UCESM bit in USART_CR3 control register.
 260:Drivers/STM32F7xx_HAL_Driver/Src/stm32f7xx_hal_uart_ex.c ****   * @note   When LPUART is used to wakeup from stop with LSE is selected as LPUART clock source,
 261:Drivers/STM32F7xx_HAL_Driver/Src/stm32f7xx_hal_uart_ex.c ****   *         and desired baud rate is 9600 baud, the bit UCESM bit in LPUART_CR3 control register mu
 262:Drivers/STM32F7xx_HAL_Driver/Src/stm32f7xx_hal_uart_ex.c ****   * @param  huart UART handle.
 263:Drivers/STM32F7xx_HAL_Driver/Src/stm32f7xx_hal_uart_ex.c ****   * @retval HAL status
 264:Drivers/STM32F7xx_HAL_Driver/Src/stm32f7xx_hal_uart_ex.c ****   */
 265:Drivers/STM32F7xx_HAL_Driver/Src/stm32f7xx_hal_uart_ex.c **** HAL_StatusTypeDef HAL_UARTEx_EnableClockStopMode(UART_HandleTypeDef *huart)
 266:Drivers/STM32F7xx_HAL_Driver/Src/stm32f7xx_hal_uart_ex.c **** {
 267:Drivers/STM32F7xx_HAL_Driver/Src/stm32f7xx_hal_uart_ex.c ****   /* Process Locked */
 268:Drivers/STM32F7xx_HAL_Driver/Src/stm32f7xx_hal_uart_ex.c ****   __HAL_LOCK(huart);
 269:Drivers/STM32F7xx_HAL_Driver/Src/stm32f7xx_hal_uart_ex.c **** 
 270:Drivers/STM32F7xx_HAL_Driver/Src/stm32f7xx_hal_uart_ex.c ****   /* Set UCESM bit */
 271:Drivers/STM32F7xx_HAL_Driver/Src/stm32f7xx_hal_uart_ex.c ****   SET_BIT(huart->Instance->CR3, USART_CR3_UCESM);
 272:Drivers/STM32F7xx_HAL_Driver/Src/stm32f7xx_hal_uart_ex.c **** 
 273:Drivers/STM32F7xx_HAL_Driver/Src/stm32f7xx_hal_uart_ex.c ****   /* Process Unlocked */
 274:Drivers/STM32F7xx_HAL_Driver/Src/stm32f7xx_hal_uart_ex.c ****   __HAL_UNLOCK(huart);
 275:Drivers/STM32F7xx_HAL_Driver/Src/stm32f7xx_hal_uart_ex.c **** 
 276:Drivers/STM32F7xx_HAL_Driver/Src/stm32f7xx_hal_uart_ex.c ****   return HAL_OK;
 277:Drivers/STM32F7xx_HAL_Driver/Src/stm32f7xx_hal_uart_ex.c **** }
 278:Drivers/STM32F7xx_HAL_Driver/Src/stm32f7xx_hal_uart_ex.c **** 
 279:Drivers/STM32F7xx_HAL_Driver/Src/stm32f7xx_hal_uart_ex.c **** /**
 280:Drivers/STM32F7xx_HAL_Driver/Src/stm32f7xx_hal_uart_ex.c ****   * @brief  Disable UART Clock when in Stop Mode.
 281:Drivers/STM32F7xx_HAL_Driver/Src/stm32f7xx_hal_uart_ex.c ****   * @param  huart UART handle.
 282:Drivers/STM32F7xx_HAL_Driver/Src/stm32f7xx_hal_uart_ex.c ****   * @retval HAL status
 283:Drivers/STM32F7xx_HAL_Driver/Src/stm32f7xx_hal_uart_ex.c ****   */
 284:Drivers/STM32F7xx_HAL_Driver/Src/stm32f7xx_hal_uart_ex.c **** HAL_StatusTypeDef HAL_UARTEx_DisableClockStopMode(UART_HandleTypeDef *huart)
 285:Drivers/STM32F7xx_HAL_Driver/Src/stm32f7xx_hal_uart_ex.c **** {
 286:Drivers/STM32F7xx_HAL_Driver/Src/stm32f7xx_hal_uart_ex.c ****   /* Process Locked */
 287:Drivers/STM32F7xx_HAL_Driver/Src/stm32f7xx_hal_uart_ex.c ****   __HAL_LOCK(huart);
 288:Drivers/STM32F7xx_HAL_Driver/Src/stm32f7xx_hal_uart_ex.c **** 
 289:Drivers/STM32F7xx_HAL_Driver/Src/stm32f7xx_hal_uart_ex.c ****   /* Clear UCESM bit */
 290:Drivers/STM32F7xx_HAL_Driver/Src/stm32f7xx_hal_uart_ex.c ****   CLEAR_BIT(huart->Instance->CR3, USART_CR3_UCESM);
 291:Drivers/STM32F7xx_HAL_Driver/Src/stm32f7xx_hal_uart_ex.c **** 
 292:Drivers/STM32F7xx_HAL_Driver/Src/stm32f7xx_hal_uart_ex.c ****   /* Process Unlocked */
 293:Drivers/STM32F7xx_HAL_Driver/Src/stm32f7xx_hal_uart_ex.c ****   __HAL_UNLOCK(huart);
 294:Drivers/STM32F7xx_HAL_Driver/Src/stm32f7xx_hal_uart_ex.c **** 
 295:Drivers/STM32F7xx_HAL_Driver/Src/stm32f7xx_hal_uart_ex.c ****   return HAL_OK;
 296:Drivers/STM32F7xx_HAL_Driver/Src/stm32f7xx_hal_uart_ex.c **** }
 297:Drivers/STM32F7xx_HAL_Driver/Src/stm32f7xx_hal_uart_ex.c **** 
 298:Drivers/STM32F7xx_HAL_Driver/Src/stm32f7xx_hal_uart_ex.c **** #endif /* USART_CR3_UCESM */
ARM GAS  /tmp/cc1SBTCr.s 			page 9


 299:Drivers/STM32F7xx_HAL_Driver/Src/stm32f7xx_hal_uart_ex.c **** /**
 300:Drivers/STM32F7xx_HAL_Driver/Src/stm32f7xx_hal_uart_ex.c ****   * @brief By default in multiprocessor mode, when the wake up method is set
 301:Drivers/STM32F7xx_HAL_Driver/Src/stm32f7xx_hal_uart_ex.c ****   *        to address mark, the UART handles only 4-bit long addresses detection;
 302:Drivers/STM32F7xx_HAL_Driver/Src/stm32f7xx_hal_uart_ex.c ****   *        this API allows to enable longer addresses detection (6-, 7- or 8-bit
 303:Drivers/STM32F7xx_HAL_Driver/Src/stm32f7xx_hal_uart_ex.c ****   *        long).
 304:Drivers/STM32F7xx_HAL_Driver/Src/stm32f7xx_hal_uart_ex.c ****   * @note  Addresses detection lengths are: 6-bit address detection in 7-bit data mode,
 305:Drivers/STM32F7xx_HAL_Driver/Src/stm32f7xx_hal_uart_ex.c ****   *        7-bit address detection in 8-bit data mode, 8-bit address detection in 9-bit data mode.
 306:Drivers/STM32F7xx_HAL_Driver/Src/stm32f7xx_hal_uart_ex.c ****   * @param huart         UART handle.
 307:Drivers/STM32F7xx_HAL_Driver/Src/stm32f7xx_hal_uart_ex.c ****   * @param AddressLength This parameter can be one of the following values:
 308:Drivers/STM32F7xx_HAL_Driver/Src/stm32f7xx_hal_uart_ex.c ****   *          @arg @ref UART_ADDRESS_DETECT_4B 4-bit long address
 309:Drivers/STM32F7xx_HAL_Driver/Src/stm32f7xx_hal_uart_ex.c ****   *          @arg @ref UART_ADDRESS_DETECT_7B 6-, 7- or 8-bit long address
 310:Drivers/STM32F7xx_HAL_Driver/Src/stm32f7xx_hal_uart_ex.c ****   * @retval HAL status
 311:Drivers/STM32F7xx_HAL_Driver/Src/stm32f7xx_hal_uart_ex.c ****   */
 312:Drivers/STM32F7xx_HAL_Driver/Src/stm32f7xx_hal_uart_ex.c **** HAL_StatusTypeDef HAL_MultiProcessorEx_AddressLength_Set(UART_HandleTypeDef *huart, uint32_t Addres
 313:Drivers/STM32F7xx_HAL_Driver/Src/stm32f7xx_hal_uart_ex.c **** {
 157              		.loc 1 313 0
 158              		.cfi_startproc
 159              		@ args = 0, pretend = 0, frame = 0
 160              		@ frame_needed = 0, uses_anonymous_args = 0
 161              	.LVL14:
 314:Drivers/STM32F7xx_HAL_Driver/Src/stm32f7xx_hal_uart_ex.c ****   /* Check the UART handle allocation */
 315:Drivers/STM32F7xx_HAL_Driver/Src/stm32f7xx_hal_uart_ex.c ****   if (huart == NULL)
 162              		.loc 1 315 0
 163 0000 A8B1     		cbz	r0, .L16
 313:Drivers/STM32F7xx_HAL_Driver/Src/stm32f7xx_hal_uart_ex.c ****   /* Check the UART handle allocation */
 164              		.loc 1 313 0
 165 0002 08B5     		push	{r3, lr}
 166              	.LCFI2:
 167              		.cfi_def_cfa_offset 8
 168              		.cfi_offset 3, -8
 169              		.cfi_offset 14, -4
 316:Drivers/STM32F7xx_HAL_Driver/Src/stm32f7xx_hal_uart_ex.c ****   {
 317:Drivers/STM32F7xx_HAL_Driver/Src/stm32f7xx_hal_uart_ex.c ****     return HAL_ERROR;
 318:Drivers/STM32F7xx_HAL_Driver/Src/stm32f7xx_hal_uart_ex.c ****   }
 319:Drivers/STM32F7xx_HAL_Driver/Src/stm32f7xx_hal_uart_ex.c **** 
 320:Drivers/STM32F7xx_HAL_Driver/Src/stm32f7xx_hal_uart_ex.c ****   /* Check the address length parameter */
 321:Drivers/STM32F7xx_HAL_Driver/Src/stm32f7xx_hal_uart_ex.c ****   assert_param(IS_UART_ADDRESSLENGTH_DETECT(AddressLength));
 322:Drivers/STM32F7xx_HAL_Driver/Src/stm32f7xx_hal_uart_ex.c **** 
 323:Drivers/STM32F7xx_HAL_Driver/Src/stm32f7xx_hal_uart_ex.c ****   huart->gState = HAL_UART_STATE_BUSY;
 170              		.loc 1 323 0
 171 0004 2423     		movs	r3, #36
 172 0006 4367     		str	r3, [r0, #116]
 324:Drivers/STM32F7xx_HAL_Driver/Src/stm32f7xx_hal_uart_ex.c **** 
 325:Drivers/STM32F7xx_HAL_Driver/Src/stm32f7xx_hal_uart_ex.c ****   /* Disable the Peripheral */
 326:Drivers/STM32F7xx_HAL_Driver/Src/stm32f7xx_hal_uart_ex.c ****   __HAL_UART_DISABLE(huart);
 173              		.loc 1 326 0
 174 0008 0268     		ldr	r2, [r0]
 175 000a 1368     		ldr	r3, [r2]
 176 000c 23F00103 		bic	r3, r3, #1
 177 0010 1360     		str	r3, [r2]
 327:Drivers/STM32F7xx_HAL_Driver/Src/stm32f7xx_hal_uart_ex.c **** 
 328:Drivers/STM32F7xx_HAL_Driver/Src/stm32f7xx_hal_uart_ex.c ****   /* Set the address length */
 329:Drivers/STM32F7xx_HAL_Driver/Src/stm32f7xx_hal_uart_ex.c ****   MODIFY_REG(huart->Instance->CR2, USART_CR2_ADDM7, AddressLength);
 178              		.loc 1 329 0
 179 0012 0268     		ldr	r2, [r0]
 180 0014 5368     		ldr	r3, [r2, #4]
 181 0016 23F01003 		bic	r3, r3, #16
ARM GAS  /tmp/cc1SBTCr.s 			page 10


 182 001a 1943     		orrs	r1, r1, r3
 183              	.LVL15:
 184 001c 5160     		str	r1, [r2, #4]
 330:Drivers/STM32F7xx_HAL_Driver/Src/stm32f7xx_hal_uart_ex.c **** 
 331:Drivers/STM32F7xx_HAL_Driver/Src/stm32f7xx_hal_uart_ex.c ****   /* Enable the Peripheral */
 332:Drivers/STM32F7xx_HAL_Driver/Src/stm32f7xx_hal_uart_ex.c ****   __HAL_UART_ENABLE(huart);
 185              		.loc 1 332 0
 186 001e 0268     		ldr	r2, [r0]
 187 0020 1368     		ldr	r3, [r2]
 188 0022 43F00103 		orr	r3, r3, #1
 189 0026 1360     		str	r3, [r2]
 333:Drivers/STM32F7xx_HAL_Driver/Src/stm32f7xx_hal_uart_ex.c **** 
 334:Drivers/STM32F7xx_HAL_Driver/Src/stm32f7xx_hal_uart_ex.c ****   /* TEACK and/or REACK to check before moving huart->gState to Ready */
 335:Drivers/STM32F7xx_HAL_Driver/Src/stm32f7xx_hal_uart_ex.c ****   return (UART_CheckIdleState(huart));
 190              		.loc 1 335 0
 191 0028 FFF7FEFF 		bl	UART_CheckIdleState
 192              	.LVL16:
 336:Drivers/STM32F7xx_HAL_Driver/Src/stm32f7xx_hal_uart_ex.c **** }
 193              		.loc 1 336 0
 194 002c 08BD     		pop	{r3, pc}
 195              	.LVL17:
 196              	.L16:
 197              	.LCFI3:
 198              		.cfi_def_cfa_offset 0
 199              		.cfi_restore 3
 200              		.cfi_restore 14
 317:Drivers/STM32F7xx_HAL_Driver/Src/stm32f7xx_hal_uart_ex.c ****   }
 201              		.loc 1 317 0
 202 002e 0120     		movs	r0, #1
 203              	.LVL18:
 204              		.loc 1 336 0
 205 0030 7047     		bx	lr
 206              		.cfi_endproc
 207              	.LFE142:
 209              		.text
 210              	.Letext0:
 211              		.file 2 "/usr/include/newlib/machine/_default_types.h"
 212              		.file 3 "/usr/include/newlib/sys/_stdint.h"
 213              		.file 4 "Drivers/CMSIS/Include/core_cm7.h"
 214              		.file 5 "Drivers/CMSIS/Device/ST/STM32F7xx/Include/system_stm32f7xx.h"
 215              		.file 6 "Drivers/CMSIS/Device/ST/STM32F7xx/Include/stm32f746xx.h"
 216              		.file 7 "Drivers/STM32F7xx_HAL_Driver/Inc/stm32f7xx_hal_def.h"
 217              		.file 8 "Drivers/STM32F7xx_HAL_Driver/Inc/stm32f7xx_hal_dma.h"
 218              		.file 9 "Drivers/STM32F7xx_HAL_Driver/Inc/stm32f7xx_hal_uart.h"
 219              		.file 10 "Drivers/STM32F7xx_HAL_Driver/Inc/stm32f7xx_hal.h"
ARM GAS  /tmp/cc1SBTCr.s 			page 11


DEFINED SYMBOLS
                            *ABS*:0000000000000000 stm32f7xx_hal_uart_ex.c
     /tmp/cc1SBTCr.s:18     .text.HAL_RS485Ex_Init:0000000000000000 $t
     /tmp/cc1SBTCr.s:25     .text.HAL_RS485Ex_Init:0000000000000000 HAL_RS485Ex_Init
     /tmp/cc1SBTCr.s:143    .text.HAL_RS485Ex_Init:0000000000000080 $d
     /tmp/cc1SBTCr.s:148    .text.HAL_MultiProcessorEx_AddressLength_Set:0000000000000000 $t
     /tmp/cc1SBTCr.s:155    .text.HAL_MultiProcessorEx_AddressLength_Set:0000000000000000 HAL_MultiProcessorEx_AddressLength_Set

UNDEFINED SYMBOLS
UART_SetConfig
UART_CheckIdleState
HAL_UART_MspInit
UART_AdvFeatureConfig
